<?xml version="1.0" encoding="UTF-8"?>
<robot generator="Robot 5.0.1 (Python 3.10.5 on win32)" generated="20220904 18:04:23.441" rpa="false" schemaversion="3">
<suite id="s1" name="Tests" source="D:\Pessoal\SENAC\Estágio\Compass\Sprint 5 - Robot-Framework em APIs\CHALLENGE\tests">
<suite id="s1-s1" name="Carrinho Tests" source="D:\Pessoal\SENAC\Estágio\Compass\Sprint 5 - Robot-Framework em APIs\CHALLENGE\tests\carrinho_tests.robot">
<kw name="Criar Sessao" library="base" type="SETUP">
<kw name="Create Session" library="RequestsLibrary">
<arg>serverest</arg>
<arg>${BASE_URI}</arg>
<doc>Create Session: create a HTTP session to a server</doc>
<msg timestamp="20220904 18:04:24.535" level="INFO">Creating Session using : alias=serverest, url=http://localhost:3000, headers={},                     cookies={}, auth=None, timeout=None, proxies=None, verify=False,                     debug=0 </msg>
<status status="PASS" starttime="20220904 18:04:24.534" endtime="20220904 18:04:24.535"/>
</kw>
<status status="PASS" starttime="20220904 18:04:24.534" endtime="20220904 18:04:24.536"/>
</kw>
<test id="s1-s1-t1" name="Cenario 01: GET Listar Todos os Carrinhos 200" line="7">
<kw name="GET Endpoint /carrinhos" library="carrinho_keywords">
<kw name="GET On Session" library="RequestsLibrary">
<var>${response}</var>
<arg>serverest</arg>
<arg>/carrinhos</arg>
<doc>Sends a GET request on a previously created HTTP Session.</doc>
<msg timestamp="20220904 18:04:24.553" level="INFO">GET Request : url=http://localhost:3000/carrinhos 
 path_url=/carrinhos 
 headers={'User-Agent': 'python-requests/2.27.1', 'Accept-Encoding': 'gzip, deflate', 'Accept': '*/*', 'Connection': 'keep-alive'} 
 body=None 
 </msg>
<msg timestamp="20220904 18:04:24.553" level="INFO">GET Response : url=http://localhost:3000/carrinhos 
 status=200, reason=OK 
 headers={'Access-Control-Allow-Origin': '*', 'x-dns-prefetch-control': 'off', 'x-frame-options': 'SAMEORIGIN', 'strict-transport-security': 'max-age=15552000; includeSubDomains', 'x-download-options': 'noopen', 'x-content-type-options': 'nosniff', 'x-xss-protection': '1; mode=block', 'x-moesif-transaction-id': '56a46074-032d-4ec5-944c-52f3a5f73d26', 'Content-Type': 'application/json; charset=utf-8', 'Content-Length': '595', 'Date': 'Sun, 04 Sep 2022 21:04:24 GMT', 'Connection': 'keep-alive', 'Keep-Alive': 'timeout=5'} 
 body={
    "quantidade": 1,
    "carrinhos": [
        {
            "produtos": [
                {
                    "idProduto": "BeeJh5lz3k6kSIzA",
                    "quantidade": 2,
                    "precoUnitario": 470
                },
                {
                    "idProduto": "K6leHdftCeOJj8BJ",
                    "quantidade": 1,
                    "precoUnitario": 5240
                }
            ],
            "precoTotal": 6180,
            "quantidadeTotal": 3,
            "idUsuario": "oUb7aGkMtSEPf6BZ",
            "_id": "qbMqntef4iTOwWfg"
        }
    ]
} 
 </msg>
<msg timestamp="20220904 18:04:24.553" level="INFO">${response} = &lt;Response [200]&gt;</msg>
<status status="PASS" starttime="20220904 18:04:24.538" endtime="20220904 18:04:24.553"/>
</kw>
<kw name="Set Global Variable" library="BuiltIn">
<arg>${response}</arg>
<doc>Makes a variable available globally in all tests and suites.</doc>
<msg timestamp="20220904 18:04:24.555" level="INFO">${response} = &lt;Response [200]&gt;</msg>
<status status="PASS" starttime="20220904 18:04:24.554" endtime="20220904 18:04:24.555"/>
</kw>
<kw name="Log To Console" library="BuiltIn">
<arg>Response: ${response.content}</arg>
<doc>Logs the given message to the console.</doc>
<status status="PASS" starttime="20220904 18:04:24.555" endtime="20220904 18:04:24.558"/>
</kw>
<status status="PASS" starttime="20220904 18:04:24.537" endtime="20220904 18:04:24.558"/>
</kw>
<kw name="Validar Status Code &quot;200&quot;" library="common" sourcename="Validar Status Code &quot;${statuscode}&quot;">
<kw name="Should Be True" library="BuiltIn">
<arg>${response.status_code} == ${statuscode}</arg>
<doc>Fails if the given condition is not true.</doc>
<status status="PASS" starttime="20220904 18:04:24.560" endtime="20220904 18:04:24.565"/>
</kw>
<kw name="Log To Console" library="BuiltIn">
<arg>Status Code Retornado: ${response.status_code}</arg>
<doc>Logs the given message to the console.</doc>
<status status="PASS" starttime="20220904 18:04:24.565" endtime="20220904 18:04:24.567"/>
</kw>
<status status="PASS" starttime="20220904 18:04:24.559" endtime="20220904 18:04:24.567"/>
</kw>
<kw name="Validar Se Carrinho Contém IdProduto &quot;BeeJh5lz3k6kSIzA&quot;" library="carrinho_keywords" sourcename="Validar Se Carrinho Contém IdProduto &quot;${idProduto}&quot;">
<kw name="Should Contain" library="BuiltIn">
<arg>${response.json()["carrinhos"][0]["produtos"][0]["idProduto"]}</arg>
<arg>${idProduto}</arg>
<doc>Fails if ``container`` does not contain ``item`` one or more times.</doc>
<status status="PASS" starttime="20220904 18:04:24.569" endtime="20220904 18:04:24.571"/>
</kw>
<kw name="Log To Console" library="BuiltIn">
<arg>Carrinho contém IdProduto: ${response.json()["carrinhos"][0]["produtos"][0]["idProduto"]}</arg>
<doc>Logs the given message to the console.</doc>
<status status="PASS" starttime="20220904 18:04:24.572" endtime="20220904 18:04:24.575"/>
</kw>
<status status="PASS" starttime="20220904 18:04:24.568" endtime="20220904 18:04:24.575"/>
</kw>
<tag>GETALLCARS</tag>
<status status="PASS" starttime="20220904 18:04:24.536" endtime="20220904 18:04:24.576"/>
</test>
<test id="s1-s1-t2" name="Cenario 02: POST Criar Carrinho 201" line="13">
<kw name="Fazer Login e Armazenar Token" library="login_keywords">
<kw name="Selecionar Usuario Login &quot;user_valido&quot;" library="login_keywords" sourcename="Selecionar Usuario Login &quot;${user}&quot;">
<kw name="Importar JSON Estatico" library="common">
<var>${json}</var>
<arg>json_login_ex.json</arg>
<kw name="Get File" library="OperatingSystem">
<var>${arquivo}</var>
<arg>${EXECDIR}/support/fixtures/static/${nome_arquivo}</arg>
<doc>Returns the contents of a specified file.</doc>
<msg timestamp="20220904 18:04:24.585" level="INFO" html="true">Getting file '&lt;a href="file://D:\Pessoal\SENAC\Estágio\Compass\Sprint 5 - Robot-Framework em APIs\CHALLENGE\support\fixtures\static\json_login_ex.json"&gt;D:\Pessoal\SENAC\Estágio\Compass\Sprint 5 - Robot-Framework em APIs\CHALLENGE\support\fixtures\static\json_login_ex.json&lt;/a&gt;'.</msg>
<msg timestamp="20220904 18:04:24.585" level="INFO">${arquivo} = {   
    "user_valido": {
        "email":"fulano@qa.com",
        "password":"teste"
    },
    "user_email_invalido": {
        "email": "emailinexistente@gmail.com",
        "password":"teste"
    ...</msg>
<status status="PASS" starttime="20220904 18:04:24.584" endtime="20220904 18:04:24.585"/>
</kw>
<kw name="Evaluate" library="BuiltIn">
<var>${data}</var>
<arg>json.loads('''${arquivo}''')</arg>
<arg>json</arg>
<doc>Evaluates the given expression in Python and returns the result.</doc>
<msg timestamp="20220904 18:04:24.586" level="INFO">${data} = {'user_valido': {'email': 'fulano@qa.com', 'password': 'teste'}, 'user_email_invalido': {'email': 'emailinexistente@gmail.com', 'password': 'teste'}, 'user_email_incorreto': {'email': 'fulanoqa.comm',...</msg>
<status status="PASS" starttime="20220904 18:04:24.585" endtime="20220904 18:04:24.586"/>
</kw>
<msg timestamp="20220904 18:04:24.586" level="INFO">${json} = {'user_valido': {'email': 'fulano@qa.com', 'password': 'teste'}, 'user_email_invalido': {'email': 'emailinexistente@gmail.com', 'password': 'teste'}, 'user_email_incorreto': {'email': 'fulanoqa.comm',...</msg>
<status status="PASS" starttime="20220904 18:04:24.584" endtime="20220904 18:04:24.586"/>
</kw>
<kw name="Set Variable" library="BuiltIn">
<var>${payload}</var>
<arg>${json["${user}"]}</arg>
<doc>Returns the given values which can then be assigned to a variables.</doc>
<msg timestamp="20220904 18:04:24.589" level="INFO">${payload} = {'email': 'fulano@qa.com', 'password': 'teste'}</msg>
<status status="PASS" starttime="20220904 18:04:24.587" endtime="20220904 18:04:24.589"/>
</kw>
<kw name="Set Global Variable" library="BuiltIn">
<arg>${payload}</arg>
<doc>Makes a variable available globally in all tests and suites.</doc>
<msg timestamp="20220904 18:04:24.590" level="INFO">${payload} = {'email': 'fulano@qa.com', 'password': 'teste'}</msg>
<status status="PASS" starttime="20220904 18:04:24.589" endtime="20220904 18:04:24.590"/>
</kw>
<status status="PASS" starttime="20220904 18:04:24.583" endtime="20220904 18:04:24.590"/>
</kw>
<kw name="POST Endpoint /login" library="login_keywords">
<kw name="POST On Session" library="RequestsLibrary">
<var>${response}</var>
<arg>serverest</arg>
<arg>/login</arg>
<arg>json=&amp;{payload}</arg>
<arg>expected_status=any</arg>
<doc>Sends a POST request on a previously created HTTP Session.</doc>
<msg timestamp="20220904 18:04:24.601" level="INFO">POST Request : url=http://localhost:3000/login 
 path_url=/login 
 headers={'User-Agent': 'python-requests/2.27.1', 'Accept-Encoding': 'gzip, deflate', 'Accept': '*/*', 'Connection': 'keep-alive', 'Content-Length': '47', 'Content-Type': 'application/json'} 
 body=b'{"email": "fulano@qa.com", "password": "teste"}' 
 </msg>
<msg timestamp="20220904 18:04:24.601" level="INFO">POST Response : url=http://localhost:3000/login 
 status=200, reason=OK 
 headers={'Access-Control-Allow-Origin': '*', 'x-dns-prefetch-control': 'off', 'x-frame-options': 'SAMEORIGIN', 'strict-transport-security': 'max-age=15552000; includeSubDomains', 'x-download-options': 'noopen', 'x-content-type-options': 'nosniff', 'x-xss-protection': '1; mode=block', 'x-moesif-transaction-id': 'ad51777d-34c4-4bf3-9571-2ee865db4b8a', 'Content-Type': 'application/json; charset=utf-8', 'Content-Length': '265', 'Date': 'Sun, 04 Sep 2022 21:04:24 GMT', 'Connection': 'keep-alive', 'Keep-Alive': 'timeout=5'} 
 body={
    "message": "Login realizado com sucesso",
    "authorization": "Bearer eyJhbGciOiJIUzI1NiIsInR5cCI6IkpXVCJ9.eyJlbWFpbCI6ImZ1bGFub0BxYS5jb20iLCJwYXNzd29yZCI6InRlc3RlIiwiaWF0IjoxNjYyMzI1NDY0LCJleHAiOjE2NjIzMjYwNjR9.iTeZ-bFqK9Dx5fe5Gp5G2lsI814PnUi7fEPWBm6ZHsU"
} 
 </msg>
<msg timestamp="20220904 18:04:24.602" level="INFO">${response} = &lt;Response [200]&gt;</msg>
<status status="PASS" starttime="20220904 18:04:24.591" endtime="20220904 18:04:24.602"/>
</kw>
<kw name="Log To Console" library="BuiltIn">
<arg>Response: ${response.content}</arg>
<doc>Logs the given message to the console.</doc>
<status status="PASS" starttime="20220904 18:04:24.602" endtime="20220904 18:04:24.605"/>
</kw>
<kw name="Set Global Variable" library="BuiltIn">
<arg>${response}</arg>
<doc>Makes a variable available globally in all tests and suites.</doc>
<msg timestamp="20220904 18:04:24.607" level="INFO">${response} = &lt;Response [200]&gt;</msg>
<status status="PASS" starttime="20220904 18:04:24.606" endtime="20220904 18:04:24.607"/>
</kw>
<status status="PASS" starttime="20220904 18:04:24.591" endtime="20220904 18:04:24.607"/>
</kw>
<kw name="Validar Ter Logado" library="login_keywords">
<kw name="Should Be Equal" library="BuiltIn">
<arg>${response.json()["message"]}</arg>
<arg>Login realizado com sucesso</arg>
<doc>Fails if the given objects are unequal.</doc>
<status status="PASS" starttime="20220904 18:04:24.608" endtime="20220904 18:04:24.609"/>
</kw>
<kw name="Should Not Be Empty" library="BuiltIn">
<arg>${response.json()["authorization"]}</arg>
<doc>Verifies that the given item is not empty.</doc>
<msg timestamp="20220904 18:04:24.611" level="INFO">Length is 192</msg>
<status status="PASS" starttime="20220904 18:04:24.609" endtime="20220904 18:04:24.611"/>
</kw>
<status status="PASS" starttime="20220904 18:04:24.608" endtime="20220904 18:04:24.612"/>
</kw>
<kw name="Armazenar Token" library="login_keywords">
<kw name="Set Variable" library="BuiltIn">
<var>${token_auth}</var>
<arg>${response.json()["authorization"]}</arg>
<doc>Returns the given values which can then be assigned to a variables.</doc>
<msg timestamp="20220904 18:04:24.617" level="INFO">${token_auth} = Bearer eyJhbGciOiJIUzI1NiIsInR5cCI6IkpXVCJ9.eyJlbWFpbCI6ImZ1bGFub0BxYS5jb20iLCJwYXNzd29yZCI6InRlc3RlIiwiaWF0IjoxNjYyMzI1NDY0LCJleHAiOjE2NjIzMjYwNjR9.iTeZ-bFqK9Dx5fe5Gp5G2lsI814PnUi7fEPWBm6ZHsU</msg>
<status status="PASS" starttime="20220904 18:04:24.614" endtime="20220904 18:04:24.617"/>
</kw>
<kw name="Set Global Variable" library="BuiltIn">
<arg>${token_auth}</arg>
<doc>Makes a variable available globally in all tests and suites.</doc>
<msg timestamp="20220904 18:04:24.618" level="INFO">${token_auth} = Bearer eyJhbGciOiJIUzI1NiIsInR5cCI6IkpXVCJ9.eyJlbWFpbCI6ImZ1bGFub0BxYS5jb20iLCJwYXNzd29yZCI6InRlc3RlIiwiaWF0IjoxNjYyMzI1NDY0LCJleHAiOjE2NjIzMjYwNjR9.iTeZ-bFqK9Dx5fe5Gp5G2lsI814PnUi7fEPWBm6ZHsU</msg>
<status status="PASS" starttime="20220904 18:04:24.617" endtime="20220904 18:04:24.618"/>
</kw>
<status status="PASS" starttime="20220904 18:04:24.613" endtime="20220904 18:04:24.618"/>
</kw>
<status status="PASS" starttime="20220904 18:04:24.582" endtime="20220904 18:04:24.618"/>
</kw>
<kw name="Criar Carrinho Estatico Valido e Armazenar ID" library="carrinho_keywords">
<kw name="Selecionar Carrinho Estatico &quot;carrinho_valido&quot;" library="carrinho_keywords" sourcename="Selecionar Carrinho Estatico &quot;${carrinho}&quot;">
<kw name="Importar JSON Estatico" library="common">
<var>${json}</var>
<arg>json_carrinho_ex.json</arg>
<kw name="Get File" library="OperatingSystem">
<var>${arquivo}</var>
<arg>${EXECDIR}/support/fixtures/static/${nome_arquivo}</arg>
<doc>Returns the contents of a specified file.</doc>
<msg timestamp="20220904 18:04:24.621" level="INFO" html="true">Getting file '&lt;a href="file://D:\Pessoal\SENAC\Estágio\Compass\Sprint 5 - Robot-Framework em APIs\CHALLENGE\support\fixtures\static\json_carrinho_ex.json"&gt;D:\Pessoal\SENAC\Estágio\Compass\Sprint 5 - Robot-Framework em APIs\CHALLENGE\support\fixtures\static\json_carrinho_ex.json&lt;/a&gt;'.</msg>
<msg timestamp="20220904 18:04:24.622" level="INFO">${arquivo} = {
    "carrinho_valido": {
        "produtos": [
            {
            "idProduto": "BeeJh5lz3k6kSIzA",
            "quantidade": 1
            },
            {
            "idProduto": "K6leHdftC...</msg>
<status status="PASS" starttime="20220904 18:04:24.621" endtime="20220904 18:04:24.622"/>
</kw>
<kw name="Evaluate" library="BuiltIn">
<var>${data}</var>
<arg>json.loads('''${arquivo}''')</arg>
<arg>json</arg>
<doc>Evaluates the given expression in Python and returns the result.</doc>
<msg timestamp="20220904 18:04:24.623" level="INFO">${data} = {'carrinho_valido': {'produtos': [{'idProduto': 'BeeJh5lz3k6kSIzA', 'quantidade': 1}, {'idProduto': 'K6leHdftCeOJj8BJ', 'quantidade': 3}]}, 'carrinho_sem_produto': {'produtos': [{'idProduto': ' ', 'qu...</msg>
<status status="PASS" starttime="20220904 18:04:24.622" endtime="20220904 18:04:24.623"/>
</kw>
<msg timestamp="20220904 18:04:24.623" level="INFO">${json} = {'carrinho_valido': {'produtos': [{'idProduto': 'BeeJh5lz3k6kSIzA', 'quantidade': 1}, {'idProduto': 'K6leHdftCeOJj8BJ', 'quantidade': 3}]}, 'carrinho_sem_produto': {'produtos': [{'idProduto': ' ', 'qu...</msg>
<status status="PASS" starttime="20220904 18:04:24.620" endtime="20220904 18:04:24.623"/>
</kw>
<kw name="Set Variable" library="BuiltIn">
<var>${payload}</var>
<arg>${json["${carrinho}"]}</arg>
<doc>Returns the given values which can then be assigned to a variables.</doc>
<msg timestamp="20220904 18:04:24.625" level="INFO">${payload} = {'produtos': [{'idProduto': 'BeeJh5lz3k6kSIzA', 'quantidade': 1}, {'idProduto': 'K6leHdftCeOJj8BJ', 'quantidade': 3}]}</msg>
<status status="PASS" starttime="20220904 18:04:24.624" endtime="20220904 18:04:24.625"/>
</kw>
<kw name="Set Global Variable" library="BuiltIn">
<arg>${payload}</arg>
<doc>Makes a variable available globally in all tests and suites.</doc>
<msg timestamp="20220904 18:04:24.626" level="INFO">${payload} = {'produtos': [{'idProduto': 'BeeJh5lz3k6kSIzA', 'quantidade': 1}, {'idProduto': 'K6leHdftCeOJj8BJ', 'quantidade': 3}]}</msg>
<status status="PASS" starttime="20220904 18:04:24.625" endtime="20220904 18:04:24.626"/>
</kw>
<kw name="Log To Console" library="BuiltIn">
<arg>Produtos Selecionados: ${payload}</arg>
<doc>Logs the given message to the console.</doc>
<status status="PASS" starttime="20220904 18:04:24.626" endtime="20220904 18:04:24.627"/>
</kw>
<if>
<branch type="IF" condition="&quot;${carrinho}&quot; == &quot;carrinho_valido&quot;">
<kw name="Validar Estoque de Produtos &quot;${payload}&quot;" library="consumir_library_python" sourcename="Validar Estoque de Produtos &quot;${payload}&quot;">
<kw name="Get Endpoint Estoque Produtos" library="library_test">
<var>${produtos}</var>
<arg>${payload}</arg>
<msg timestamp="20220904 18:04:24.637" level="INFO">${produtos} = ['Logitech MX Vertical (BeeJh5lz3k6kSIzA): 241', 'Samsung 60 polegadas (K6leHdftCeOJj8BJ): 49554']</msg>
<status status="PASS" starttime="20220904 18:04:24.630" endtime="20220904 18:04:24.637"/>
</kw>
<kw name="Log To Console" library="BuiltIn">
<arg>Estoque:</arg>
<doc>Logs the given message to the console.</doc>
<status status="PASS" starttime="20220904 18:04:24.637" endtime="20220904 18:04:24.637"/>
</kw>
<kw name="Log To Console" library="BuiltIn">
<arg>${produtos}</arg>
<doc>Logs the given message to the console.</doc>
<status status="PASS" starttime="20220904 18:04:24.637" endtime="20220904 18:04:24.638"/>
</kw>
<status status="PASS" starttime="20220904 18:04:24.628" endtime="20220904 18:04:24.638"/>
</kw>
<status status="PASS" starttime="20220904 18:04:24.628" endtime="20220904 18:04:24.638"/>
</branch>
<status status="PASS" starttime="20220904 18:04:24.627" endtime="20220904 18:04:24.638"/>
</if>
<status status="PASS" starttime="20220904 18:04:24.620" endtime="20220904 18:04:24.638"/>
</kw>
<kw name="POST Endpoint /carrinhos" library="carrinho_keywords">
<kw name="Create Dictionary" library="BuiltIn">
<var>&amp;{header}</var>
<arg>Authorization=${token_auth}</arg>
<doc>Creates and returns a dictionary based on the given ``items``.</doc>
<msg timestamp="20220904 18:04:24.640" level="INFO">&amp;{header} = { Authorization=Bearer eyJhbGciOiJIUzI1NiIsInR5cCI6IkpXVCJ9.eyJlbWFpbCI6ImZ1bGFub0BxYS5jb20iLCJwYXNzd29yZCI6InRlc3RlIiwiaWF0IjoxNjYyMzI1NDY0LCJleHAiOjE2NjIzMjYwNjR9.iTeZ-bFqK9Dx5fe5Gp5G2lsI814PnUi7fEP...</msg>
<status status="PASS" starttime="20220904 18:04:24.639" endtime="20220904 18:04:24.641"/>
</kw>
<kw name="POST On Session" library="RequestsLibrary">
<var>${response}</var>
<arg>serverest</arg>
<arg>/carrinhos</arg>
<arg>json=&amp;{payload}</arg>
<arg>headers=&amp;{header}</arg>
<arg>expected_status=any</arg>
<doc>Sends a POST request on a previously created HTTP Session.</doc>
<msg timestamp="20220904 18:04:24.654" level="INFO">POST Request : url=http://localhost:3000/carrinhos 
 path_url=/carrinhos 
 headers={'User-Agent': 'python-requests/2.27.1', 'Accept-Encoding': 'gzip, deflate', 'Accept': '*/*', 'Connection': 'keep-alive', 'Authorization': 'Bearer eyJhbGciOiJIUzI1NiIsInR5cCI6IkpXVCJ9.eyJlbWFpbCI6ImZ1bGFub0BxYS5jb20iLCJwYXNzd29yZCI6InRlc3RlIiwiaWF0IjoxNjYyMzI1NDY0LCJleHAiOjE2NjIzMjYwNjR9.iTeZ-bFqK9Dx5fe5Gp5G2lsI814PnUi7fEPWBm6ZHsU', 'Content-Length': '118', 'Content-Type': 'application/json'} 
 body=b'{"produtos": [{"idProduto": "BeeJh5lz3k6kSIzA", "quantidade": 1}, {"idProduto": "K6leHdftCeOJj8BJ", "quantidade": 3}]}' 
 </msg>
<msg timestamp="20220904 18:04:24.654" level="INFO">POST Response : url=http://localhost:3000/carrinhos 
 status=201, reason=Created 
 headers={'Access-Control-Allow-Origin': '*', 'x-dns-prefetch-control': 'off', 'x-frame-options': 'SAMEORIGIN', 'strict-transport-security': 'max-age=15552000; includeSubDomains', 'x-download-options': 'noopen', 'x-content-type-options': 'nosniff', 'x-xss-protection': '1; mode=block', 'x-moesif-transaction-id': '3899a36f-aaf4-445a-b68a-bcc193cf3652', 'Content-Type': 'application/json; charset=utf-8', 'Content-Length': '82', 'Date': 'Sun, 04 Sep 2022 21:04:24 GMT', 'Connection': 'keep-alive', 'Keep-Alive': 'timeout=5'} 
 body={
    "message": "Cadastro realizado com sucesso",
    "_id": "OCaf2wmScwuVL1pn"
} 
 </msg>
<msg timestamp="20220904 18:04:24.654" level="INFO">${response} = &lt;Response [201]&gt;</msg>
<status status="PASS" starttime="20220904 18:04:24.641" endtime="20220904 18:04:24.654"/>
</kw>
<kw name="Log To Console" library="BuiltIn">
<arg>Response: ${response.content}</arg>
<doc>Logs the given message to the console.</doc>
<status status="PASS" starttime="20220904 18:04:24.655" endtime="20220904 18:04:24.657"/>
</kw>
<kw name="Set Global Variable" library="BuiltIn">
<arg>${response}</arg>
<doc>Makes a variable available globally in all tests and suites.</doc>
<msg timestamp="20220904 18:04:24.658" level="INFO">${response} = &lt;Response [201]&gt;</msg>
<status status="PASS" starttime="20220904 18:04:24.657" endtime="20220904 18:04:24.660"/>
</kw>
<if>
<branch type="IF" condition="&quot;${response.status_code}&quot; == &quot;201&quot;">
<kw name="Set Variable" library="BuiltIn">
<var>${id_carrinho}</var>
<arg>${response.json()["_id"]}</arg>
<doc>Returns the given values which can then be assigned to a variables.</doc>
<msg timestamp="20220904 18:04:24.663" level="INFO">${id_carrinho} = OCaf2wmScwuVL1pn</msg>
<status status="PASS" starttime="20220904 18:04:24.661" endtime="20220904 18:04:24.663"/>
</kw>
<kw name="Set Global Variable" library="BuiltIn">
<arg>${id_carrinho}</arg>
<doc>Makes a variable available globally in all tests and suites.</doc>
<msg timestamp="20220904 18:04:24.665" level="INFO">${id_carrinho} = OCaf2wmScwuVL1pn</msg>
<status status="PASS" starttime="20220904 18:04:24.663" endtime="20220904 18:04:24.665"/>
</kw>
<status status="PASS" starttime="20220904 18:04:24.661" endtime="20220904 18:04:24.665"/>
</branch>
<status status="PASS" starttime="20220904 18:04:24.660" endtime="20220904 18:04:24.665"/>
</if>
<status status="PASS" starttime="20220904 18:04:24.639" endtime="20220904 18:04:24.666"/>
</kw>
<status status="PASS" starttime="20220904 18:04:24.619" endtime="20220904 18:04:24.666"/>
</kw>
<kw name="Validar Status Code &quot;201&quot;" library="common" sourcename="Validar Status Code &quot;${statuscode}&quot;">
<kw name="Should Be True" library="BuiltIn">
<arg>${response.status_code} == ${statuscode}</arg>
<doc>Fails if the given condition is not true.</doc>
<status status="PASS" starttime="20220904 18:04:24.667" endtime="20220904 18:04:24.669"/>
</kw>
<kw name="Log To Console" library="BuiltIn">
<arg>Status Code Retornado: ${response.status_code}</arg>
<doc>Logs the given message to the console.</doc>
<status status="PASS" starttime="20220904 18:04:24.669" endtime="20220904 18:04:24.670"/>
</kw>
<status status="PASS" starttime="20220904 18:04:24.666" endtime="20220904 18:04:24.671"/>
</kw>
<kw name="Validar Ter Criado o Carrinho" library="carrinho_keywords">
<kw name="Should Be Equal" library="BuiltIn">
<arg>${response.json()["message"]}</arg>
<arg>Cadastro realizado com sucesso</arg>
<doc>Fails if the given objects are unequal.</doc>
<status status="PASS" starttime="20220904 18:04:24.672" endtime="20220904 18:04:24.673"/>
</kw>
<kw name="Should Not Be Empty" library="BuiltIn">
<arg>${response.json()["_id"]}</arg>
<doc>Verifies that the given item is not empty.</doc>
<msg timestamp="20220904 18:04:24.674" level="INFO">Length is 16</msg>
<status status="PASS" starttime="20220904 18:04:24.673" endtime="20220904 18:04:24.674"/>
</kw>
<status status="PASS" starttime="20220904 18:04:24.671" endtime="20220904 18:04:24.675"/>
</kw>
<kw name="Validar Estoque de Produtos &quot;${payload}&quot;" library="consumir_library_python" sourcename="Validar Estoque de Produtos &quot;${payload}&quot;">
<kw name="Get Endpoint Estoque Produtos" library="library_test">
<var>${produtos}</var>
<arg>${payload}</arg>
<msg timestamp="20220904 18:04:24.688" level="INFO">${produtos} = ['Logitech MX Vertical (BeeJh5lz3k6kSIzA): 240', 'Samsung 60 polegadas (K6leHdftCeOJj8BJ): 49551']</msg>
<status status="PASS" starttime="20220904 18:04:24.676" endtime="20220904 18:04:24.688"/>
</kw>
<kw name="Log To Console" library="BuiltIn">
<arg>Estoque:</arg>
<doc>Logs the given message to the console.</doc>
<status status="PASS" starttime="20220904 18:04:24.689" endtime="20220904 18:04:24.689"/>
</kw>
<kw name="Log To Console" library="BuiltIn">
<arg>${produtos}</arg>
<doc>Logs the given message to the console.</doc>
<status status="PASS" starttime="20220904 18:04:24.690" endtime="20220904 18:04:24.690"/>
</kw>
<status status="PASS" starttime="20220904 18:04:24.675" endtime="20220904 18:04:24.691"/>
</kw>
<kw name="DELETE Endpoint /carrinhos &quot;cancelar-compra&quot;" library="carrinho_keywords" sourcename="DELETE Endpoint /carrinhos &quot;${deletar_carrinho}&quot;">
<kw name="Create Dictionary" library="BuiltIn">
<var>&amp;{header}</var>
<arg>Authorization=${token_auth}</arg>
<doc>Creates and returns a dictionary based on the given ``items``.</doc>
<msg timestamp="20220904 18:04:24.694" level="INFO">&amp;{header} = { Authorization=Bearer eyJhbGciOiJIUzI1NiIsInR5cCI6IkpXVCJ9.eyJlbWFpbCI6ImZ1bGFub0BxYS5jb20iLCJwYXNzd29yZCI6InRlc3RlIiwiaWF0IjoxNjYyMzI1NDY0LCJleHAiOjE2NjIzMjYwNjR9.iTeZ-bFqK9Dx5fe5Gp5G2lsI814PnUi7fEP...</msg>
<status status="PASS" starttime="20220904 18:04:24.693" endtime="20220904 18:04:24.694"/>
</kw>
<kw name="DELETE On Session" library="RequestsLibrary">
<var>${response}</var>
<arg>serverest</arg>
<arg>/carrinhos/${deletar_carrinho}</arg>
<arg>headers=&amp;{header}</arg>
<arg>expected_status=any</arg>
<doc>Sends a DELETE request on a previously created HTTP Session.</doc>
<msg timestamp="20220904 18:04:24.707" level="INFO">DELETE Request : url=http://localhost:3000/carrinhos/cancelar-compra 
 path_url=/carrinhos/cancelar-compra 
 headers={'User-Agent': 'python-requests/2.27.1', 'Accept-Encoding': 'gzip, deflate', 'Accept': '*/*', 'Connection': 'keep-alive', 'Authorization': 'Bearer eyJhbGciOiJIUzI1NiIsInR5cCI6IkpXVCJ9.eyJlbWFpbCI6ImZ1bGFub0BxYS5jb20iLCJwYXNzd29yZCI6InRlc3RlIiwiaWF0IjoxNjYyMzI1NDY0LCJleHAiOjE2NjIzMjYwNjR9.iTeZ-bFqK9Dx5fe5Gp5G2lsI814PnUi7fEPWBm6ZHsU', 'Content-Length': '0'} 
 body=None 
 </msg>
<msg timestamp="20220904 18:04:24.707" level="INFO">DELETE Response : url=http://localhost:3000/carrinhos/cancelar-compra 
 status=200, reason=OK 
 headers={'Access-Control-Allow-Origin': '*', 'x-dns-prefetch-control': 'off', 'x-frame-options': 'SAMEORIGIN', 'strict-transport-security': 'max-age=15552000; includeSubDomains', 'x-download-options': 'noopen', 'x-content-type-options': 'nosniff', 'x-xss-protection': '1; mode=block', 'x-moesif-transaction-id': 'cc7beb63-2511-4b23-b1c3-1d357bf0cfff', 'Content-Type': 'application/json; charset=utf-8', 'Content-Length': '86', 'Date': 'Sun, 04 Sep 2022 21:04:24 GMT', 'Connection': 'keep-alive', 'Keep-Alive': 'timeout=5'} 
 body={
    "message": "Registro excluído com sucesso. Estoque dos produtos reabastecido"
} 
 </msg>
<msg timestamp="20220904 18:04:24.708" level="INFO">${response} = &lt;Response [200]&gt;</msg>
<status status="PASS" starttime="20220904 18:04:24.695" endtime="20220904 18:04:24.708"/>
</kw>
<kw name="Log To Console" library="BuiltIn">
<arg>Response: ${response.content}</arg>
<doc>Logs the given message to the console.</doc>
<status status="PASS" starttime="20220904 18:04:24.708" endtime="20220904 18:04:24.711"/>
</kw>
<kw name="Set Global Variable" library="BuiltIn">
<arg>${response}</arg>
<doc>Makes a variable available globally in all tests and suites.</doc>
<msg timestamp="20220904 18:04:24.713" level="INFO">${response} = &lt;Response [200]&gt;</msg>
<status status="PASS" starttime="20220904 18:04:24.711" endtime="20220904 18:04:24.713"/>
</kw>
<status status="PASS" starttime="20220904 18:04:24.691" endtime="20220904 18:04:24.715"/>
</kw>
<tag>POSTCAR</tag>
<status status="PASS" starttime="20220904 18:04:24.581" endtime="20220904 18:04:24.716"/>
</test>
<test id="s1-s1-t3" name="Cenario 03: POST Criar Carrinho Duplicado 400" line="22">
<kw name="Fazer Login e Armazenar Token" library="login_keywords">
<kw name="Selecionar Usuario Login &quot;user_valido&quot;" library="login_keywords" sourcename="Selecionar Usuario Login &quot;${user}&quot;">
<kw name="Importar JSON Estatico" library="common">
<var>${json}</var>
<arg>json_login_ex.json</arg>
<kw name="Get File" library="OperatingSystem">
<var>${arquivo}</var>
<arg>${EXECDIR}/support/fixtures/static/${nome_arquivo}</arg>
<doc>Returns the contents of a specified file.</doc>
<msg timestamp="20220904 18:04:24.720" level="INFO" html="true">Getting file '&lt;a href="file://D:\Pessoal\SENAC\Estágio\Compass\Sprint 5 - Robot-Framework em APIs\CHALLENGE\support\fixtures\static\json_login_ex.json"&gt;D:\Pessoal\SENAC\Estágio\Compass\Sprint 5 - Robot-Framework em APIs\CHALLENGE\support\fixtures\static\json_login_ex.json&lt;/a&gt;'.</msg>
<msg timestamp="20220904 18:04:24.720" level="INFO">${arquivo} = {   
    "user_valido": {
        "email":"fulano@qa.com",
        "password":"teste"
    },
    "user_email_invalido": {
        "email": "emailinexistente@gmail.com",
        "password":"teste"
    ...</msg>
<status status="PASS" starttime="20220904 18:04:24.720" endtime="20220904 18:04:24.720"/>
</kw>
<kw name="Evaluate" library="BuiltIn">
<var>${data}</var>
<arg>json.loads('''${arquivo}''')</arg>
<arg>json</arg>
<doc>Evaluates the given expression in Python and returns the result.</doc>
<msg timestamp="20220904 18:04:24.721" level="INFO">${data} = {'user_valido': {'email': 'fulano@qa.com', 'password': 'teste'}, 'user_email_invalido': {'email': 'emailinexistente@gmail.com', 'password': 'teste'}, 'user_email_incorreto': {'email': 'fulanoqa.comm',...</msg>
<status status="PASS" starttime="20220904 18:04:24.721" endtime="20220904 18:04:24.721"/>
</kw>
<msg timestamp="20220904 18:04:24.722" level="INFO">${json} = {'user_valido': {'email': 'fulano@qa.com', 'password': 'teste'}, 'user_email_invalido': {'email': 'emailinexistente@gmail.com', 'password': 'teste'}, 'user_email_incorreto': {'email': 'fulanoqa.comm',...</msg>
<status status="PASS" starttime="20220904 18:04:24.719" endtime="20220904 18:04:24.722"/>
</kw>
<kw name="Set Variable" library="BuiltIn">
<var>${payload}</var>
<arg>${json["${user}"]}</arg>
<doc>Returns the given values which can then be assigned to a variables.</doc>
<msg timestamp="20220904 18:04:24.723" level="INFO">${payload} = {'email': 'fulano@qa.com', 'password': 'teste'}</msg>
<status status="PASS" starttime="20220904 18:04:24.722" endtime="20220904 18:04:24.723"/>
</kw>
<kw name="Set Global Variable" library="BuiltIn">
<arg>${payload}</arg>
<doc>Makes a variable available globally in all tests and suites.</doc>
<msg timestamp="20220904 18:04:24.724" level="INFO">${payload} = {'email': 'fulano@qa.com', 'password': 'teste'}</msg>
<status status="PASS" starttime="20220904 18:04:24.723" endtime="20220904 18:04:24.724"/>
</kw>
<status status="PASS" starttime="20220904 18:04:24.719" endtime="20220904 18:04:24.724"/>
</kw>
<kw name="POST Endpoint /login" library="login_keywords">
<kw name="POST On Session" library="RequestsLibrary">
<var>${response}</var>
<arg>serverest</arg>
<arg>/login</arg>
<arg>json=&amp;{payload}</arg>
<arg>expected_status=any</arg>
<doc>Sends a POST request on a previously created HTTP Session.</doc>
<msg timestamp="20220904 18:04:24.736" level="INFO">POST Request : url=http://localhost:3000/login 
 path_url=/login 
 headers={'User-Agent': 'python-requests/2.27.1', 'Accept-Encoding': 'gzip, deflate', 'Accept': '*/*', 'Connection': 'keep-alive', 'Content-Length': '47', 'Content-Type': 'application/json'} 
 body=b'{"email": "fulano@qa.com", "password": "teste"}' 
 </msg>
<msg timestamp="20220904 18:04:24.736" level="INFO">POST Response : url=http://localhost:3000/login 
 status=200, reason=OK 
 headers={'Access-Control-Allow-Origin': '*', 'x-dns-prefetch-control': 'off', 'x-frame-options': 'SAMEORIGIN', 'strict-transport-security': 'max-age=15552000; includeSubDomains', 'x-download-options': 'noopen', 'x-content-type-options': 'nosniff', 'x-xss-protection': '1; mode=block', 'x-moesif-transaction-id': 'ebcb4288-9c69-4fc6-bf63-847199469446', 'Content-Type': 'application/json; charset=utf-8', 'Content-Length': '265', 'Date': 'Sun, 04 Sep 2022 21:04:24 GMT', 'Connection': 'keep-alive', 'Keep-Alive': 'timeout=5'} 
 body={
    "message": "Login realizado com sucesso",
    "authorization": "Bearer eyJhbGciOiJIUzI1NiIsInR5cCI6IkpXVCJ9.eyJlbWFpbCI6ImZ1bGFub0BxYS5jb20iLCJwYXNzd29yZCI6InRlc3RlIiwiaWF0IjoxNjYyMzI1NDY0LCJleHAiOjE2NjIzMjYwNjR9.iTeZ-bFqK9Dx5fe5Gp5G2lsI814PnUi7fEPWBm6ZHsU"
} 
 </msg>
<msg timestamp="20220904 18:04:24.737" level="INFO">${response} = &lt;Response [200]&gt;</msg>
<status status="PASS" starttime="20220904 18:04:24.724" endtime="20220904 18:04:24.737"/>
</kw>
<kw name="Log To Console" library="BuiltIn">
<arg>Response: ${response.content}</arg>
<doc>Logs the given message to the console.</doc>
<status status="PASS" starttime="20220904 18:04:24.737" endtime="20220904 18:04:24.739"/>
</kw>
<kw name="Set Global Variable" library="BuiltIn">
<arg>${response}</arg>
<doc>Makes a variable available globally in all tests and suites.</doc>
<msg timestamp="20220904 18:04:24.740" level="INFO">${response} = &lt;Response [200]&gt;</msg>
<status status="PASS" starttime="20220904 18:04:24.739" endtime="20220904 18:04:24.741"/>
</kw>
<status status="PASS" starttime="20220904 18:04:24.724" endtime="20220904 18:04:24.741"/>
</kw>
<kw name="Validar Ter Logado" library="login_keywords">
<kw name="Should Be Equal" library="BuiltIn">
<arg>${response.json()["message"]}</arg>
<arg>Login realizado com sucesso</arg>
<doc>Fails if the given objects are unequal.</doc>
<status status="PASS" starttime="20220904 18:04:24.743" endtime="20220904 18:04:24.748"/>
</kw>
<kw name="Should Not Be Empty" library="BuiltIn">
<arg>${response.json()["authorization"]}</arg>
<doc>Verifies that the given item is not empty.</doc>
<msg timestamp="20220904 18:04:24.750" level="INFO">Length is 192</msg>
<status status="PASS" starttime="20220904 18:04:24.749" endtime="20220904 18:04:24.750"/>
</kw>
<status status="PASS" starttime="20220904 18:04:24.741" endtime="20220904 18:04:24.750"/>
</kw>
<kw name="Armazenar Token" library="login_keywords">
<kw name="Set Variable" library="BuiltIn">
<var>${token_auth}</var>
<arg>${response.json()["authorization"]}</arg>
<doc>Returns the given values which can then be assigned to a variables.</doc>
<msg timestamp="20220904 18:04:24.752" level="INFO">${token_auth} = Bearer eyJhbGciOiJIUzI1NiIsInR5cCI6IkpXVCJ9.eyJlbWFpbCI6ImZ1bGFub0BxYS5jb20iLCJwYXNzd29yZCI6InRlc3RlIiwiaWF0IjoxNjYyMzI1NDY0LCJleHAiOjE2NjIzMjYwNjR9.iTeZ-bFqK9Dx5fe5Gp5G2lsI814PnUi7fEPWBm6ZHsU</msg>
<status status="PASS" starttime="20220904 18:04:24.751" endtime="20220904 18:04:24.752"/>
</kw>
<kw name="Set Global Variable" library="BuiltIn">
<arg>${token_auth}</arg>
<doc>Makes a variable available globally in all tests and suites.</doc>
<msg timestamp="20220904 18:04:24.753" level="INFO">${token_auth} = Bearer eyJhbGciOiJIUzI1NiIsInR5cCI6IkpXVCJ9.eyJlbWFpbCI6ImZ1bGFub0BxYS5jb20iLCJwYXNzd29yZCI6InRlc3RlIiwiaWF0IjoxNjYyMzI1NDY0LCJleHAiOjE2NjIzMjYwNjR9.iTeZ-bFqK9Dx5fe5Gp5G2lsI814PnUi7fEPWBm6ZHsU</msg>
<status status="PASS" starttime="20220904 18:04:24.752" endtime="20220904 18:04:24.753"/>
</kw>
<status status="PASS" starttime="20220904 18:04:24.750" endtime="20220904 18:04:24.753"/>
</kw>
<status status="PASS" starttime="20220904 18:04:24.718" endtime="20220904 18:04:24.753"/>
</kw>
<kw name="Criar Carrinho Estatico Valido e Armazenar ID" library="carrinho_keywords">
<kw name="Selecionar Carrinho Estatico &quot;carrinho_valido&quot;" library="carrinho_keywords" sourcename="Selecionar Carrinho Estatico &quot;${carrinho}&quot;">
<kw name="Importar JSON Estatico" library="common">
<var>${json}</var>
<arg>json_carrinho_ex.json</arg>
<kw name="Get File" library="OperatingSystem">
<var>${arquivo}</var>
<arg>${EXECDIR}/support/fixtures/static/${nome_arquivo}</arg>
<doc>Returns the contents of a specified file.</doc>
<msg timestamp="20220904 18:04:24.786" level="INFO" html="true">Getting file '&lt;a href="file://D:\Pessoal\SENAC\Estágio\Compass\Sprint 5 - Robot-Framework em APIs\CHALLENGE\support\fixtures\static\json_carrinho_ex.json"&gt;D:\Pessoal\SENAC\Estágio\Compass\Sprint 5 - Robot-Framework em APIs\CHALLENGE\support\fixtures\static\json_carrinho_ex.json&lt;/a&gt;'.</msg>
<msg timestamp="20220904 18:04:24.787" level="INFO">${arquivo} = {
    "carrinho_valido": {
        "produtos": [
            {
            "idProduto": "BeeJh5lz3k6kSIzA",
            "quantidade": 1
            },
            {
            "idProduto": "K6leHdftC...</msg>
<status status="PASS" starttime="20220904 18:04:24.786" endtime="20220904 18:04:24.787"/>
</kw>
<kw name="Evaluate" library="BuiltIn">
<var>${data}</var>
<arg>json.loads('''${arquivo}''')</arg>
<arg>json</arg>
<doc>Evaluates the given expression in Python and returns the result.</doc>
<msg timestamp="20220904 18:04:24.788" level="INFO">${data} = {'carrinho_valido': {'produtos': [{'idProduto': 'BeeJh5lz3k6kSIzA', 'quantidade': 1}, {'idProduto': 'K6leHdftCeOJj8BJ', 'quantidade': 3}]}, 'carrinho_sem_produto': {'produtos': [{'idProduto': ' ', 'qu...</msg>
<status status="PASS" starttime="20220904 18:04:24.787" endtime="20220904 18:04:24.788"/>
</kw>
<msg timestamp="20220904 18:04:24.788" level="INFO">${json} = {'carrinho_valido': {'produtos': [{'idProduto': 'BeeJh5lz3k6kSIzA', 'quantidade': 1}, {'idProduto': 'K6leHdftCeOJj8BJ', 'quantidade': 3}]}, 'carrinho_sem_produto': {'produtos': [{'idProduto': ' ', 'qu...</msg>
<status status="PASS" starttime="20220904 18:04:24.785" endtime="20220904 18:04:24.788"/>
</kw>
<kw name="Set Variable" library="BuiltIn">
<var>${payload}</var>
<arg>${json["${carrinho}"]}</arg>
<doc>Returns the given values which can then be assigned to a variables.</doc>
<msg timestamp="20220904 18:04:24.789" level="INFO">${payload} = {'produtos': [{'idProduto': 'BeeJh5lz3k6kSIzA', 'quantidade': 1}, {'idProduto': 'K6leHdftCeOJj8BJ', 'quantidade': 3}]}</msg>
<status status="PASS" starttime="20220904 18:04:24.788" endtime="20220904 18:04:24.789"/>
</kw>
<kw name="Set Global Variable" library="BuiltIn">
<arg>${payload}</arg>
<doc>Makes a variable available globally in all tests and suites.</doc>
<msg timestamp="20220904 18:04:24.790" level="INFO">${payload} = {'produtos': [{'idProduto': 'BeeJh5lz3k6kSIzA', 'quantidade': 1}, {'idProduto': 'K6leHdftCeOJj8BJ', 'quantidade': 3}]}</msg>
<status status="PASS" starttime="20220904 18:04:24.790" endtime="20220904 18:04:24.790"/>
</kw>
<kw name="Log To Console" library="BuiltIn">
<arg>Produtos Selecionados: ${payload}</arg>
<doc>Logs the given message to the console.</doc>
<status status="PASS" starttime="20220904 18:04:24.791" endtime="20220904 18:04:24.804"/>
</kw>
<if>
<branch type="IF" condition="&quot;${carrinho}&quot; == &quot;carrinho_valido&quot;">
<kw name="Validar Estoque de Produtos &quot;${payload}&quot;" library="consumir_library_python" sourcename="Validar Estoque de Produtos &quot;${payload}&quot;">
<kw name="Get Endpoint Estoque Produtos" library="library_test">
<var>${produtos}</var>
<arg>${payload}</arg>
<msg timestamp="20220904 18:04:24.813" level="INFO">${produtos} = ['Logitech MX Vertical (BeeJh5lz3k6kSIzA): 241', 'Samsung 60 polegadas (K6leHdftCeOJj8BJ): 49554']</msg>
<status status="PASS" starttime="20220904 18:04:24.805" endtime="20220904 18:04:24.814"/>
</kw>
<kw name="Log To Console" library="BuiltIn">
<arg>Estoque:</arg>
<doc>Logs the given message to the console.</doc>
<status status="PASS" starttime="20220904 18:04:24.814" endtime="20220904 18:04:24.814"/>
</kw>
<kw name="Log To Console" library="BuiltIn">
<arg>${produtos}</arg>
<doc>Logs the given message to the console.</doc>
<status status="PASS" starttime="20220904 18:04:24.815" endtime="20220904 18:04:24.816"/>
</kw>
<status status="PASS" starttime="20220904 18:04:24.805" endtime="20220904 18:04:24.816"/>
</kw>
<status status="PASS" starttime="20220904 18:04:24.804" endtime="20220904 18:04:24.816"/>
</branch>
<status status="PASS" starttime="20220904 18:04:24.804" endtime="20220904 18:04:24.816"/>
</if>
<status status="PASS" starttime="20220904 18:04:24.785" endtime="20220904 18:04:24.817"/>
</kw>
<kw name="POST Endpoint /carrinhos" library="carrinho_keywords">
<kw name="Create Dictionary" library="BuiltIn">
<var>&amp;{header}</var>
<arg>Authorization=${token_auth}</arg>
<doc>Creates and returns a dictionary based on the given ``items``.</doc>
<msg timestamp="20220904 18:04:24.818" level="INFO">&amp;{header} = { Authorization=Bearer eyJhbGciOiJIUzI1NiIsInR5cCI6IkpXVCJ9.eyJlbWFpbCI6ImZ1bGFub0BxYS5jb20iLCJwYXNzd29yZCI6InRlc3RlIiwiaWF0IjoxNjYyMzI1NDY0LCJleHAiOjE2NjIzMjYwNjR9.iTeZ-bFqK9Dx5fe5Gp5G2lsI814PnUi7fEP...</msg>
<status status="PASS" starttime="20220904 18:04:24.818" endtime="20220904 18:04:24.818"/>
</kw>
<kw name="POST On Session" library="RequestsLibrary">
<var>${response}</var>
<arg>serverest</arg>
<arg>/carrinhos</arg>
<arg>json=&amp;{payload}</arg>
<arg>headers=&amp;{header}</arg>
<arg>expected_status=any</arg>
<doc>Sends a POST request on a previously created HTTP Session.</doc>
<msg timestamp="20220904 18:04:24.836" level="INFO">POST Request : url=http://localhost:3000/carrinhos 
 path_url=/carrinhos 
 headers={'User-Agent': 'python-requests/2.27.1', 'Accept-Encoding': 'gzip, deflate', 'Accept': '*/*', 'Connection': 'keep-alive', 'Authorization': 'Bearer eyJhbGciOiJIUzI1NiIsInR5cCI6IkpXVCJ9.eyJlbWFpbCI6ImZ1bGFub0BxYS5jb20iLCJwYXNzd29yZCI6InRlc3RlIiwiaWF0IjoxNjYyMzI1NDY0LCJleHAiOjE2NjIzMjYwNjR9.iTeZ-bFqK9Dx5fe5Gp5G2lsI814PnUi7fEPWBm6ZHsU', 'Content-Length': '118', 'Content-Type': 'application/json'} 
 body=b'{"produtos": [{"idProduto": "BeeJh5lz3k6kSIzA", "quantidade": 1}, {"idProduto": "K6leHdftCeOJj8BJ", "quantidade": 3}]}' 
 </msg>
<msg timestamp="20220904 18:04:24.836" level="INFO">POST Response : url=http://localhost:3000/carrinhos 
 status=201, reason=Created 
 headers={'Access-Control-Allow-Origin': '*', 'x-dns-prefetch-control': 'off', 'x-frame-options': 'SAMEORIGIN', 'strict-transport-security': 'max-age=15552000; includeSubDomains', 'x-download-options': 'noopen', 'x-content-type-options': 'nosniff', 'x-xss-protection': '1; mode=block', 'x-moesif-transaction-id': '99d36c94-1068-48f5-a30f-e44e300381a1', 'Content-Type': 'application/json; charset=utf-8', 'Content-Length': '82', 'Date': 'Sun, 04 Sep 2022 21:04:24 GMT', 'Connection': 'keep-alive', 'Keep-Alive': 'timeout=5'} 
 body={
    "message": "Cadastro realizado com sucesso",
    "_id": "HtG6vrqsfJ1pQgk5"
} 
 </msg>
<msg timestamp="20220904 18:04:24.836" level="INFO">${response} = &lt;Response [201]&gt;</msg>
<status status="PASS" starttime="20220904 18:04:24.819" endtime="20220904 18:04:24.836"/>
</kw>
<kw name="Log To Console" library="BuiltIn">
<arg>Response: ${response.content}</arg>
<doc>Logs the given message to the console.</doc>
<status status="PASS" starttime="20220904 18:04:24.837" endtime="20220904 18:04:24.838"/>
</kw>
<kw name="Set Global Variable" library="BuiltIn">
<arg>${response}</arg>
<doc>Makes a variable available globally in all tests and suites.</doc>
<msg timestamp="20220904 18:04:24.839" level="INFO">${response} = &lt;Response [201]&gt;</msg>
<status status="PASS" starttime="20220904 18:04:24.838" endtime="20220904 18:04:24.839"/>
</kw>
<if>
<branch type="IF" condition="&quot;${response.status_code}&quot; == &quot;201&quot;">
<kw name="Set Variable" library="BuiltIn">
<var>${id_carrinho}</var>
<arg>${response.json()["_id"]}</arg>
<doc>Returns the given values which can then be assigned to a variables.</doc>
<msg timestamp="20220904 18:04:24.842" level="INFO">${id_carrinho} = HtG6vrqsfJ1pQgk5</msg>
<status status="PASS" starttime="20220904 18:04:24.841" endtime="20220904 18:04:24.842"/>
</kw>
<kw name="Set Global Variable" library="BuiltIn">
<arg>${id_carrinho}</arg>
<doc>Makes a variable available globally in all tests and suites.</doc>
<msg timestamp="20220904 18:04:24.843" level="INFO">${id_carrinho} = HtG6vrqsfJ1pQgk5</msg>
<status status="PASS" starttime="20220904 18:04:24.842" endtime="20220904 18:04:24.844"/>
</kw>
<status status="PASS" starttime="20220904 18:04:24.840" endtime="20220904 18:04:24.844"/>
</branch>
<status status="PASS" starttime="20220904 18:04:24.839" endtime="20220904 18:04:24.844"/>
</if>
<status status="PASS" starttime="20220904 18:04:24.817" endtime="20220904 18:04:24.844"/>
</kw>
<status status="PASS" starttime="20220904 18:04:24.784" endtime="20220904 18:04:24.845"/>
</kw>
<kw name="Criar Carrinho Estatico Valido e Armazenar ID" library="carrinho_keywords">
<kw name="Selecionar Carrinho Estatico &quot;carrinho_valido&quot;" library="carrinho_keywords" sourcename="Selecionar Carrinho Estatico &quot;${carrinho}&quot;">
<kw name="Importar JSON Estatico" library="common">
<var>${json}</var>
<arg>json_carrinho_ex.json</arg>
<kw name="Get File" library="OperatingSystem">
<var>${arquivo}</var>
<arg>${EXECDIR}/support/fixtures/static/${nome_arquivo}</arg>
<doc>Returns the contents of a specified file.</doc>
<msg timestamp="20220904 18:04:24.849" level="INFO" html="true">Getting file '&lt;a href="file://D:\Pessoal\SENAC\Estágio\Compass\Sprint 5 - Robot-Framework em APIs\CHALLENGE\support\fixtures\static\json_carrinho_ex.json"&gt;D:\Pessoal\SENAC\Estágio\Compass\Sprint 5 - Robot-Framework em APIs\CHALLENGE\support\fixtures\static\json_carrinho_ex.json&lt;/a&gt;'.</msg>
<msg timestamp="20220904 18:04:24.850" level="INFO">${arquivo} = {
    "carrinho_valido": {
        "produtos": [
            {
            "idProduto": "BeeJh5lz3k6kSIzA",
            "quantidade": 1
            },
            {
            "idProduto": "K6leHdftC...</msg>
<status status="PASS" starttime="20220904 18:04:24.848" endtime="20220904 18:04:24.850"/>
</kw>
<kw name="Evaluate" library="BuiltIn">
<var>${data}</var>
<arg>json.loads('''${arquivo}''')</arg>
<arg>json</arg>
<doc>Evaluates the given expression in Python and returns the result.</doc>
<msg timestamp="20220904 18:04:24.851" level="INFO">${data} = {'carrinho_valido': {'produtos': [{'idProduto': 'BeeJh5lz3k6kSIzA', 'quantidade': 1}, {'idProduto': 'K6leHdftCeOJj8BJ', 'quantidade': 3}]}, 'carrinho_sem_produto': {'produtos': [{'idProduto': ' ', 'qu...</msg>
<status status="PASS" starttime="20220904 18:04:24.850" endtime="20220904 18:04:24.851"/>
</kw>
<msg timestamp="20220904 18:04:24.851" level="INFO">${json} = {'carrinho_valido': {'produtos': [{'idProduto': 'BeeJh5lz3k6kSIzA', 'quantidade': 1}, {'idProduto': 'K6leHdftCeOJj8BJ', 'quantidade': 3}]}, 'carrinho_sem_produto': {'produtos': [{'idProduto': ' ', 'qu...</msg>
<status status="PASS" starttime="20220904 18:04:24.847" endtime="20220904 18:04:24.851"/>
</kw>
<kw name="Set Variable" library="BuiltIn">
<var>${payload}</var>
<arg>${json["${carrinho}"]}</arg>
<doc>Returns the given values which can then be assigned to a variables.</doc>
<msg timestamp="20220904 18:04:24.852" level="INFO">${payload} = {'produtos': [{'idProduto': 'BeeJh5lz3k6kSIzA', 'quantidade': 1}, {'idProduto': 'K6leHdftCeOJj8BJ', 'quantidade': 3}]}</msg>
<status status="PASS" starttime="20220904 18:04:24.851" endtime="20220904 18:04:24.852"/>
</kw>
<kw name="Set Global Variable" library="BuiltIn">
<arg>${payload}</arg>
<doc>Makes a variable available globally in all tests and suites.</doc>
<msg timestamp="20220904 18:04:24.853" level="INFO">${payload} = {'produtos': [{'idProduto': 'BeeJh5lz3k6kSIzA', 'quantidade': 1}, {'idProduto': 'K6leHdftCeOJj8BJ', 'quantidade': 3}]}</msg>
<status status="PASS" starttime="20220904 18:04:24.852" endtime="20220904 18:04:24.853"/>
</kw>
<kw name="Log To Console" library="BuiltIn">
<arg>Produtos Selecionados: ${payload}</arg>
<doc>Logs the given message to the console.</doc>
<status status="PASS" starttime="20220904 18:04:24.853" endtime="20220904 18:04:24.854"/>
</kw>
<if>
<branch type="IF" condition="&quot;${carrinho}&quot; == &quot;carrinho_valido&quot;">
<kw name="Validar Estoque de Produtos &quot;${payload}&quot;" library="consumir_library_python" sourcename="Validar Estoque de Produtos &quot;${payload}&quot;">
<kw name="Get Endpoint Estoque Produtos" library="library_test">
<var>${produtos}</var>
<arg>${payload}</arg>
<msg timestamp="20220904 18:04:24.866" level="INFO">${produtos} = ['Logitech MX Vertical (BeeJh5lz3k6kSIzA): 240', 'Samsung 60 polegadas (K6leHdftCeOJj8BJ): 49551']</msg>
<status status="PASS" starttime="20220904 18:04:24.855" endtime="20220904 18:04:24.866"/>
</kw>
<kw name="Log To Console" library="BuiltIn">
<arg>Estoque:</arg>
<doc>Logs the given message to the console.</doc>
<status status="PASS" starttime="20220904 18:04:24.866" endtime="20220904 18:04:24.867"/>
</kw>
<kw name="Log To Console" library="BuiltIn">
<arg>${produtos}</arg>
<doc>Logs the given message to the console.</doc>
<status status="PASS" starttime="20220904 18:04:24.867" endtime="20220904 18:04:24.868"/>
</kw>
<status status="PASS" starttime="20220904 18:04:24.855" endtime="20220904 18:04:24.869"/>
</kw>
<status status="PASS" starttime="20220904 18:04:24.854" endtime="20220904 18:04:24.869"/>
</branch>
<status status="PASS" starttime="20220904 18:04:24.854" endtime="20220904 18:04:24.869"/>
</if>
<status status="PASS" starttime="20220904 18:04:24.846" endtime="20220904 18:04:24.869"/>
</kw>
<kw name="POST Endpoint /carrinhos" library="carrinho_keywords">
<kw name="Create Dictionary" library="BuiltIn">
<var>&amp;{header}</var>
<arg>Authorization=${token_auth}</arg>
<doc>Creates and returns a dictionary based on the given ``items``.</doc>
<msg timestamp="20220904 18:04:24.870" level="INFO">&amp;{header} = { Authorization=Bearer eyJhbGciOiJIUzI1NiIsInR5cCI6IkpXVCJ9.eyJlbWFpbCI6ImZ1bGFub0BxYS5jb20iLCJwYXNzd29yZCI6InRlc3RlIiwiaWF0IjoxNjYyMzI1NDY0LCJleHAiOjE2NjIzMjYwNjR9.iTeZ-bFqK9Dx5fe5Gp5G2lsI814PnUi7fEP...</msg>
<status status="PASS" starttime="20220904 18:04:24.870" endtime="20220904 18:04:24.870"/>
</kw>
<kw name="POST On Session" library="RequestsLibrary">
<var>${response}</var>
<arg>serverest</arg>
<arg>/carrinhos</arg>
<arg>json=&amp;{payload}</arg>
<arg>headers=&amp;{header}</arg>
<arg>expected_status=any</arg>
<doc>Sends a POST request on a previously created HTTP Session.</doc>
<msg timestamp="20220904 18:04:24.876" level="INFO">POST Request : url=http://localhost:3000/carrinhos 
 path_url=/carrinhos 
 headers={'User-Agent': 'python-requests/2.27.1', 'Accept-Encoding': 'gzip, deflate', 'Accept': '*/*', 'Connection': 'keep-alive', 'Authorization': 'Bearer eyJhbGciOiJIUzI1NiIsInR5cCI6IkpXVCJ9.eyJlbWFpbCI6ImZ1bGFub0BxYS5jb20iLCJwYXNzd29yZCI6InRlc3RlIiwiaWF0IjoxNjYyMzI1NDY0LCJleHAiOjE2NjIzMjYwNjR9.iTeZ-bFqK9Dx5fe5Gp5G2lsI814PnUi7fEPWBm6ZHsU', 'Content-Length': '118', 'Content-Type': 'application/json'} 
 body=b'{"produtos": [{"idProduto": "BeeJh5lz3k6kSIzA", "quantidade": 1}, {"idProduto": "K6leHdftCeOJj8BJ", "quantidade": 3}]}' 
 </msg>
<msg timestamp="20220904 18:04:24.877" level="INFO">POST Response : url=http://localhost:3000/carrinhos 
 status=400, reason=Bad Request 
 headers={'Access-Control-Allow-Origin': '*', 'x-dns-prefetch-control': 'off', 'x-frame-options': 'SAMEORIGIN', 'strict-transport-security': 'max-age=15552000; includeSubDomains', 'x-download-options': 'noopen', 'x-content-type-options': 'nosniff', 'x-xss-protection': '1; mode=block', 'x-moesif-transaction-id': '60bef167-5a12-4acf-b231-2946773e55a5', 'Content-Type': 'application/json; charset=utf-8', 'Content-Length': '61', 'Date': 'Sun, 04 Sep 2022 21:04:24 GMT', 'Connection': 'keep-alive', 'Keep-Alive': 'timeout=5'} 
 body={
    "message": "Não é permitido ter mais de 1 carrinho"
} 
 </msg>
<msg timestamp="20220904 18:04:24.877" level="INFO">${response} = &lt;Response [400]&gt;</msg>
<status status="PASS" starttime="20220904 18:04:24.871" endtime="20220904 18:04:24.878"/>
</kw>
<kw name="Log To Console" library="BuiltIn">
<arg>Response: ${response.content}</arg>
<doc>Logs the given message to the console.</doc>
<status status="PASS" starttime="20220904 18:04:24.878" endtime="20220904 18:04:24.880"/>
</kw>
<kw name="Set Global Variable" library="BuiltIn">
<arg>${response}</arg>
<doc>Makes a variable available globally in all tests and suites.</doc>
<msg timestamp="20220904 18:04:24.881" level="INFO">${response} = &lt;Response [400]&gt;</msg>
<status status="PASS" starttime="20220904 18:04:24.880" endtime="20220904 18:04:24.881"/>
</kw>
<if>
<branch type="IF" condition="&quot;${response.status_code}&quot; == &quot;201&quot;">
<kw name="Set Variable" library="BuiltIn">
<var>${id_carrinho}</var>
<arg>${response.json()["_id"]}</arg>
<doc>Returns the given values which can then be assigned to a variables.</doc>
<status status="NOT RUN" starttime="20220904 18:04:24.883" endtime="20220904 18:04:24.883"/>
</kw>
<kw name="Set Global Variable" library="BuiltIn">
<arg>${id_carrinho}</arg>
<doc>Makes a variable available globally in all tests and suites.</doc>
<status status="NOT RUN" starttime="20220904 18:04:24.883" endtime="20220904 18:04:24.883"/>
</kw>
<status status="NOT RUN" starttime="20220904 18:04:24.882" endtime="20220904 18:04:24.883"/>
</branch>
<status status="PASS" starttime="20220904 18:04:24.881" endtime="20220904 18:04:24.883"/>
</if>
<status status="PASS" starttime="20220904 18:04:24.869" endtime="20220904 18:04:24.884"/>
</kw>
<status status="PASS" starttime="20220904 18:04:24.845" endtime="20220904 18:04:24.885"/>
</kw>
<kw name="Validar Status Code &quot;400&quot;" library="common" sourcename="Validar Status Code &quot;${statuscode}&quot;">
<kw name="Should Be True" library="BuiltIn">
<arg>${response.status_code} == ${statuscode}</arg>
<doc>Fails if the given condition is not true.</doc>
<status status="PASS" starttime="20220904 18:04:24.886" endtime="20220904 18:04:24.889"/>
</kw>
<kw name="Log To Console" library="BuiltIn">
<arg>Status Code Retornado: ${response.status_code}</arg>
<doc>Logs the given message to the console.</doc>
<status status="PASS" starttime="20220904 18:04:24.889" endtime="20220904 18:04:24.890"/>
</kw>
<status status="PASS" starttime="20220904 18:04:24.885" endtime="20220904 18:04:24.891"/>
</kw>
<kw name="Validar Mensagem &quot;Não é permitido ter mais de 1 carrinho&quot;" library="common" sourcename="Validar Mensagem &quot;${message}&quot;">
<kw name="Should Be Equal" library="BuiltIn">
<arg>${response.json()["message"]}</arg>
<arg>${message}</arg>
<doc>Fails if the given objects are unequal.</doc>
<status status="PASS" starttime="20220904 18:04:24.892" endtime="20220904 18:04:24.893"/>
</kw>
<status status="PASS" starttime="20220904 18:04:24.891" endtime="20220904 18:04:24.893"/>
</kw>
<kw name="DELETE Endpoint /carrinhos &quot;concluir-compra&quot;" library="carrinho_keywords" sourcename="DELETE Endpoint /carrinhos &quot;${deletar_carrinho}&quot;">
<kw name="Create Dictionary" library="BuiltIn">
<var>&amp;{header}</var>
<arg>Authorization=${token_auth}</arg>
<doc>Creates and returns a dictionary based on the given ``items``.</doc>
<msg timestamp="20220904 18:04:24.896" level="INFO">&amp;{header} = { Authorization=Bearer eyJhbGciOiJIUzI1NiIsInR5cCI6IkpXVCJ9.eyJlbWFpbCI6ImZ1bGFub0BxYS5jb20iLCJwYXNzd29yZCI6InRlc3RlIiwiaWF0IjoxNjYyMzI1NDY0LCJleHAiOjE2NjIzMjYwNjR9.iTeZ-bFqK9Dx5fe5Gp5G2lsI814PnUi7fEP...</msg>
<status status="PASS" starttime="20220904 18:04:24.895" endtime="20220904 18:04:24.896"/>
</kw>
<kw name="DELETE On Session" library="RequestsLibrary">
<var>${response}</var>
<arg>serverest</arg>
<arg>/carrinhos/${deletar_carrinho}</arg>
<arg>headers=&amp;{header}</arg>
<arg>expected_status=any</arg>
<doc>Sends a DELETE request on a previously created HTTP Session.</doc>
<msg timestamp="20220904 18:04:24.905" level="INFO">DELETE Request : url=http://localhost:3000/carrinhos/concluir-compra 
 path_url=/carrinhos/concluir-compra 
 headers={'User-Agent': 'python-requests/2.27.1', 'Accept-Encoding': 'gzip, deflate', 'Accept': '*/*', 'Connection': 'keep-alive', 'Authorization': 'Bearer eyJhbGciOiJIUzI1NiIsInR5cCI6IkpXVCJ9.eyJlbWFpbCI6ImZ1bGFub0BxYS5jb20iLCJwYXNzd29yZCI6InRlc3RlIiwiaWF0IjoxNjYyMzI1NDY0LCJleHAiOjE2NjIzMjYwNjR9.iTeZ-bFqK9Dx5fe5Gp5G2lsI814PnUi7fEPWBm6ZHsU', 'Content-Length': '0'} 
 body=None 
 </msg>
<msg timestamp="20220904 18:04:24.906" level="INFO">DELETE Response : url=http://localhost:3000/carrinhos/concluir-compra 
 status=200, reason=OK 
 headers={'Access-Control-Allow-Origin': '*', 'x-dns-prefetch-control': 'off', 'x-frame-options': 'SAMEORIGIN', 'strict-transport-security': 'max-age=15552000; includeSubDomains', 'x-download-options': 'noopen', 'x-content-type-options': 'nosniff', 'x-xss-protection': '1; mode=block', 'x-moesif-transaction-id': '768c646e-a695-4316-b7b5-f5256a0dd1e6', 'Content-Type': 'application/json; charset=utf-8', 'Content-Length': '51', 'Date': 'Sun, 04 Sep 2022 21:04:24 GMT', 'Connection': 'keep-alive', 'Keep-Alive': 'timeout=5'} 
 body={
    "message": "Registro excluído com sucesso"
} 
 </msg>
<msg timestamp="20220904 18:04:24.906" level="INFO">${response} = &lt;Response [200]&gt;</msg>
<status status="PASS" starttime="20220904 18:04:24.897" endtime="20220904 18:04:24.906"/>
</kw>
<kw name="Log To Console" library="BuiltIn">
<arg>Response: ${response.content}</arg>
<doc>Logs the given message to the console.</doc>
<status status="PASS" starttime="20220904 18:04:24.906" endtime="20220904 18:04:24.908"/>
</kw>
<kw name="Set Global Variable" library="BuiltIn">
<arg>${response}</arg>
<doc>Makes a variable available globally in all tests and suites.</doc>
<msg timestamp="20220904 18:04:24.909" level="INFO">${response} = &lt;Response [200]&gt;</msg>
<status status="PASS" starttime="20220904 18:04:24.908" endtime="20220904 18:04:24.909"/>
</kw>
<status status="PASS" starttime="20220904 18:04:24.894" endtime="20220904 18:04:24.910"/>
</kw>
<kw name="Validar Estoque de Produtos &quot;${payload}&quot;" library="consumir_library_python" sourcename="Validar Estoque de Produtos &quot;${payload}&quot;">
<kw name="Get Endpoint Estoque Produtos" library="library_test">
<var>${produtos}</var>
<arg>${payload}</arg>
<msg timestamp="20220904 18:04:24.920" level="INFO">${produtos} = ['Logitech MX Vertical (BeeJh5lz3k6kSIzA): 240', 'Samsung 60 polegadas (K6leHdftCeOJj8BJ): 49551']</msg>
<status status="PASS" starttime="20220904 18:04:24.912" endtime="20220904 18:04:24.920"/>
</kw>
<kw name="Log To Console" library="BuiltIn">
<arg>Estoque:</arg>
<doc>Logs the given message to the console.</doc>
<status status="PASS" starttime="20220904 18:04:24.920" endtime="20220904 18:04:24.922"/>
</kw>
<kw name="Log To Console" library="BuiltIn">
<arg>${produtos}</arg>
<doc>Logs the given message to the console.</doc>
<status status="PASS" starttime="20220904 18:04:24.922" endtime="20220904 18:04:24.922"/>
</kw>
<status status="PASS" starttime="20220904 18:04:24.911" endtime="20220904 18:04:24.923"/>
</kw>
<tag>POSTCARDUPLICADO</tag>
<status status="PASS" starttime="20220904 18:04:24.717" endtime="20220904 18:04:24.923"/>
</test>
<test id="s1-s1-t4" name="Cenario 04: POST Criar Carrinho Produto Não Encontrado 400" line="32">
<kw name="Fazer Login e Armazenar Token" library="login_keywords">
<kw name="Selecionar Usuario Login &quot;user_valido&quot;" library="login_keywords" sourcename="Selecionar Usuario Login &quot;${user}&quot;">
<kw name="Importar JSON Estatico" library="common">
<var>${json}</var>
<arg>json_login_ex.json</arg>
<kw name="Get File" library="OperatingSystem">
<var>${arquivo}</var>
<arg>${EXECDIR}/support/fixtures/static/${nome_arquivo}</arg>
<doc>Returns the contents of a specified file.</doc>
<msg timestamp="20220904 18:04:24.929" level="INFO" html="true">Getting file '&lt;a href="file://D:\Pessoal\SENAC\Estágio\Compass\Sprint 5 - Robot-Framework em APIs\CHALLENGE\support\fixtures\static\json_login_ex.json"&gt;D:\Pessoal\SENAC\Estágio\Compass\Sprint 5 - Robot-Framework em APIs\CHALLENGE\support\fixtures\static\json_login_ex.json&lt;/a&gt;'.</msg>
<msg timestamp="20220904 18:04:24.930" level="INFO">${arquivo} = {   
    "user_valido": {
        "email":"fulano@qa.com",
        "password":"teste"
    },
    "user_email_invalido": {
        "email": "emailinexistente@gmail.com",
        "password":"teste"
    ...</msg>
<status status="PASS" starttime="20220904 18:04:24.928" endtime="20220904 18:04:24.930"/>
</kw>
<kw name="Evaluate" library="BuiltIn">
<var>${data}</var>
<arg>json.loads('''${arquivo}''')</arg>
<arg>json</arg>
<doc>Evaluates the given expression in Python and returns the result.</doc>
<msg timestamp="20220904 18:04:24.932" level="INFO">${data} = {'user_valido': {'email': 'fulano@qa.com', 'password': 'teste'}, 'user_email_invalido': {'email': 'emailinexistente@gmail.com', 'password': 'teste'}, 'user_email_incorreto': {'email': 'fulanoqa.comm',...</msg>
<status status="PASS" starttime="20220904 18:04:24.931" endtime="20220904 18:04:24.932"/>
</kw>
<msg timestamp="20220904 18:04:24.932" level="INFO">${json} = {'user_valido': {'email': 'fulano@qa.com', 'password': 'teste'}, 'user_email_invalido': {'email': 'emailinexistente@gmail.com', 'password': 'teste'}, 'user_email_incorreto': {'email': 'fulanoqa.comm',...</msg>
<status status="PASS" starttime="20220904 18:04:24.927" endtime="20220904 18:04:24.932"/>
</kw>
<kw name="Set Variable" library="BuiltIn">
<var>${payload}</var>
<arg>${json["${user}"]}</arg>
<doc>Returns the given values which can then be assigned to a variables.</doc>
<msg timestamp="20220904 18:04:24.933" level="INFO">${payload} = {'email': 'fulano@qa.com', 'password': 'teste'}</msg>
<status status="PASS" starttime="20220904 18:04:24.932" endtime="20220904 18:04:24.933"/>
</kw>
<kw name="Set Global Variable" library="BuiltIn">
<arg>${payload}</arg>
<doc>Makes a variable available globally in all tests and suites.</doc>
<msg timestamp="20220904 18:04:24.933" level="INFO">${payload} = {'email': 'fulano@qa.com', 'password': 'teste'}</msg>
<status status="PASS" starttime="20220904 18:04:24.933" endtime="20220904 18:04:24.933"/>
</kw>
<status status="PASS" starttime="20220904 18:04:24.926" endtime="20220904 18:04:24.933"/>
</kw>
<kw name="POST Endpoint /login" library="login_keywords">
<kw name="POST On Session" library="RequestsLibrary">
<var>${response}</var>
<arg>serverest</arg>
<arg>/login</arg>
<arg>json=&amp;{payload}</arg>
<arg>expected_status=any</arg>
<doc>Sends a POST request on a previously created HTTP Session.</doc>
<msg timestamp="20220904 18:04:24.942" level="INFO">POST Request : url=http://localhost:3000/login 
 path_url=/login 
 headers={'User-Agent': 'python-requests/2.27.1', 'Accept-Encoding': 'gzip, deflate', 'Accept': '*/*', 'Connection': 'keep-alive', 'Content-Length': '47', 'Content-Type': 'application/json'} 
 body=b'{"email": "fulano@qa.com", "password": "teste"}' 
 </msg>
<msg timestamp="20220904 18:04:24.942" level="INFO">POST Response : url=http://localhost:3000/login 
 status=200, reason=OK 
 headers={'Access-Control-Allow-Origin': '*', 'x-dns-prefetch-control': 'off', 'x-frame-options': 'SAMEORIGIN', 'strict-transport-security': 'max-age=15552000; includeSubDomains', 'x-download-options': 'noopen', 'x-content-type-options': 'nosniff', 'x-xss-protection': '1; mode=block', 'x-moesif-transaction-id': 'b757d60f-1e5d-47b3-8bc1-c267ef90329f', 'Content-Type': 'application/json; charset=utf-8', 'Content-Length': '265', 'Date': 'Sun, 04 Sep 2022 21:04:24 GMT', 'Connection': 'keep-alive', 'Keep-Alive': 'timeout=5'} 
 body={
    "message": "Login realizado com sucesso",
    "authorization": "Bearer eyJhbGciOiJIUzI1NiIsInR5cCI6IkpXVCJ9.eyJlbWFpbCI6ImZ1bGFub0BxYS5jb20iLCJwYXNzd29yZCI6InRlc3RlIiwiaWF0IjoxNjYyMzI1NDY0LCJleHAiOjE2NjIzMjYwNjR9.iTeZ-bFqK9Dx5fe5Gp5G2lsI814PnUi7fEPWBm6ZHsU"
} 
 </msg>
<msg timestamp="20220904 18:04:24.943" level="INFO">${response} = &lt;Response [200]&gt;</msg>
<status status="PASS" starttime="20220904 18:04:24.934" endtime="20220904 18:04:24.943"/>
</kw>
<kw name="Log To Console" library="BuiltIn">
<arg>Response: ${response.content}</arg>
<doc>Logs the given message to the console.</doc>
<status status="PASS" starttime="20220904 18:04:24.944" endtime="20220904 18:04:24.946"/>
</kw>
<kw name="Set Global Variable" library="BuiltIn">
<arg>${response}</arg>
<doc>Makes a variable available globally in all tests and suites.</doc>
<msg timestamp="20220904 18:04:24.948" level="INFO">${response} = &lt;Response [200]&gt;</msg>
<status status="PASS" starttime="20220904 18:04:24.947" endtime="20220904 18:04:24.948"/>
</kw>
<status status="PASS" starttime="20220904 18:04:24.933" endtime="20220904 18:04:24.949"/>
</kw>
<kw name="Validar Ter Logado" library="login_keywords">
<kw name="Should Be Equal" library="BuiltIn">
<arg>${response.json()["message"]}</arg>
<arg>Login realizado com sucesso</arg>
<doc>Fails if the given objects are unequal.</doc>
<status status="PASS" starttime="20220904 18:04:24.951" endtime="20220904 18:04:24.954"/>
</kw>
<kw name="Should Not Be Empty" library="BuiltIn">
<arg>${response.json()["authorization"]}</arg>
<doc>Verifies that the given item is not empty.</doc>
<msg timestamp="20220904 18:04:24.955" level="INFO">Length is 192</msg>
<status status="PASS" starttime="20220904 18:04:24.954" endtime="20220904 18:04:24.955"/>
</kw>
<status status="PASS" starttime="20220904 18:04:24.949" endtime="20220904 18:04:24.956"/>
</kw>
<kw name="Armazenar Token" library="login_keywords">
<kw name="Set Variable" library="BuiltIn">
<var>${token_auth}</var>
<arg>${response.json()["authorization"]}</arg>
<doc>Returns the given values which can then be assigned to a variables.</doc>
<msg timestamp="20220904 18:04:24.958" level="INFO">${token_auth} = Bearer eyJhbGciOiJIUzI1NiIsInR5cCI6IkpXVCJ9.eyJlbWFpbCI6ImZ1bGFub0BxYS5jb20iLCJwYXNzd29yZCI6InRlc3RlIiwiaWF0IjoxNjYyMzI1NDY0LCJleHAiOjE2NjIzMjYwNjR9.iTeZ-bFqK9Dx5fe5Gp5G2lsI814PnUi7fEPWBm6ZHsU</msg>
<status status="PASS" starttime="20220904 18:04:24.957" endtime="20220904 18:04:24.958"/>
</kw>
<kw name="Set Global Variable" library="BuiltIn">
<arg>${token_auth}</arg>
<doc>Makes a variable available globally in all tests and suites.</doc>
<msg timestamp="20220904 18:04:24.960" level="INFO">${token_auth} = Bearer eyJhbGciOiJIUzI1NiIsInR5cCI6IkpXVCJ9.eyJlbWFpbCI6ImZ1bGFub0BxYS5jb20iLCJwYXNzd29yZCI6InRlc3RlIiwiaWF0IjoxNjYyMzI1NDY0LCJleHAiOjE2NjIzMjYwNjR9.iTeZ-bFqK9Dx5fe5Gp5G2lsI814PnUi7fEPWBm6ZHsU</msg>
<status status="PASS" starttime="20220904 18:04:24.959" endtime="20220904 18:04:24.960"/>
</kw>
<status status="PASS" starttime="20220904 18:04:24.956" endtime="20220904 18:04:24.960"/>
</kw>
<status status="PASS" starttime="20220904 18:04:24.926" endtime="20220904 18:04:24.960"/>
</kw>
<kw name="Selecionar Carrinho Estatico &quot;carrinho_sem_produto&quot;" library="carrinho_keywords" sourcename="Selecionar Carrinho Estatico &quot;${carrinho}&quot;">
<kw name="Importar JSON Estatico" library="common">
<var>${json}</var>
<arg>json_carrinho_ex.json</arg>
<kw name="Get File" library="OperatingSystem">
<var>${arquivo}</var>
<arg>${EXECDIR}/support/fixtures/static/${nome_arquivo}</arg>
<doc>Returns the contents of a specified file.</doc>
<msg timestamp="20220904 18:04:24.964" level="INFO" html="true">Getting file '&lt;a href="file://D:\Pessoal\SENAC\Estágio\Compass\Sprint 5 - Robot-Framework em APIs\CHALLENGE\support\fixtures\static\json_carrinho_ex.json"&gt;D:\Pessoal\SENAC\Estágio\Compass\Sprint 5 - Robot-Framework em APIs\CHALLENGE\support\fixtures\static\json_carrinho_ex.json&lt;/a&gt;'.</msg>
<msg timestamp="20220904 18:04:24.965" level="INFO">${arquivo} = {
    "carrinho_valido": {
        "produtos": [
            {
            "idProduto": "BeeJh5lz3k6kSIzA",
            "quantidade": 1
            },
            {
            "idProduto": "K6leHdftC...</msg>
<status status="PASS" starttime="20220904 18:04:24.963" endtime="20220904 18:04:24.966"/>
</kw>
<kw name="Evaluate" library="BuiltIn">
<var>${data}</var>
<arg>json.loads('''${arquivo}''')</arg>
<arg>json</arg>
<doc>Evaluates the given expression in Python and returns the result.</doc>
<msg timestamp="20220904 18:04:24.967" level="INFO">${data} = {'carrinho_valido': {'produtos': [{'idProduto': 'BeeJh5lz3k6kSIzA', 'quantidade': 1}, {'idProduto': 'K6leHdftCeOJj8BJ', 'quantidade': 3}]}, 'carrinho_sem_produto': {'produtos': [{'idProduto': ' ', 'qu...</msg>
<status status="PASS" starttime="20220904 18:04:24.967" endtime="20220904 18:04:24.967"/>
</kw>
<msg timestamp="20220904 18:04:24.968" level="INFO">${json} = {'carrinho_valido': {'produtos': [{'idProduto': 'BeeJh5lz3k6kSIzA', 'quantidade': 1}, {'idProduto': 'K6leHdftCeOJj8BJ', 'quantidade': 3}]}, 'carrinho_sem_produto': {'produtos': [{'idProduto': ' ', 'qu...</msg>
<status status="PASS" starttime="20220904 18:04:24.962" endtime="20220904 18:04:24.968"/>
</kw>
<kw name="Set Variable" library="BuiltIn">
<var>${payload}</var>
<arg>${json["${carrinho}"]}</arg>
<doc>Returns the given values which can then be assigned to a variables.</doc>
<msg timestamp="20220904 18:04:24.969" level="INFO">${payload} = {'produtos': [{'idProduto': ' ', 'quantidade': 1}, {'idProduto': 'K6leHdftCeOJj8BJ', 'quantidade': 3}]}</msg>
<status status="PASS" starttime="20220904 18:04:24.968" endtime="20220904 18:04:24.970"/>
</kw>
<kw name="Set Global Variable" library="BuiltIn">
<arg>${payload}</arg>
<doc>Makes a variable available globally in all tests and suites.</doc>
<msg timestamp="20220904 18:04:24.971" level="INFO">${payload} = {'produtos': [{'idProduto': ' ', 'quantidade': 1}, {'idProduto': 'K6leHdftCeOJj8BJ', 'quantidade': 3}]}</msg>
<status status="PASS" starttime="20220904 18:04:24.970" endtime="20220904 18:04:24.971"/>
</kw>
<kw name="Log To Console" library="BuiltIn">
<arg>Produtos Selecionados: ${payload}</arg>
<doc>Logs the given message to the console.</doc>
<status status="PASS" starttime="20220904 18:04:24.971" endtime="20220904 18:04:24.972"/>
</kw>
<if>
<branch type="IF" condition="&quot;${carrinho}&quot; == &quot;carrinho_valido&quot;">
<kw name="Validar Estoque de Produtos &quot;${payload}&quot;" library="consumir_library_python" sourcename="Validar Estoque de Produtos &quot;${payload}&quot;">
<status status="NOT RUN" starttime="20220904 18:04:24.973" endtime="20220904 18:04:24.973"/>
</kw>
<status status="NOT RUN" starttime="20220904 18:04:24.972" endtime="20220904 18:04:24.973"/>
</branch>
<status status="PASS" starttime="20220904 18:04:24.972" endtime="20220904 18:04:24.973"/>
</if>
<status status="PASS" starttime="20220904 18:04:24.961" endtime="20220904 18:04:24.973"/>
</kw>
<kw name="POST Endpoint /carrinhos" library="carrinho_keywords">
<kw name="Create Dictionary" library="BuiltIn">
<var>&amp;{header}</var>
<arg>Authorization=${token_auth}</arg>
<doc>Creates and returns a dictionary based on the given ``items``.</doc>
<msg timestamp="20220904 18:04:24.975" level="INFO">&amp;{header} = { Authorization=Bearer eyJhbGciOiJIUzI1NiIsInR5cCI6IkpXVCJ9.eyJlbWFpbCI6ImZ1bGFub0BxYS5jb20iLCJwYXNzd29yZCI6InRlc3RlIiwiaWF0IjoxNjYyMzI1NDY0LCJleHAiOjE2NjIzMjYwNjR9.iTeZ-bFqK9Dx5fe5Gp5G2lsI814PnUi7fEP...</msg>
<status status="PASS" starttime="20220904 18:04:24.974" endtime="20220904 18:04:24.975"/>
</kw>
<kw name="POST On Session" library="RequestsLibrary">
<var>${response}</var>
<arg>serverest</arg>
<arg>/carrinhos</arg>
<arg>json=&amp;{payload}</arg>
<arg>headers=&amp;{header}</arg>
<arg>expected_status=any</arg>
<doc>Sends a POST request on a previously created HTTP Session.</doc>
<msg timestamp="20220904 18:04:24.984" level="INFO">POST Request : url=http://localhost:3000/carrinhos 
 path_url=/carrinhos 
 headers={'User-Agent': 'python-requests/2.27.1', 'Accept-Encoding': 'gzip, deflate', 'Accept': '*/*', 'Connection': 'keep-alive', 'Authorization': 'Bearer eyJhbGciOiJIUzI1NiIsInR5cCI6IkpXVCJ9.eyJlbWFpbCI6ImZ1bGFub0BxYS5jb20iLCJwYXNzd29yZCI6InRlc3RlIiwiaWF0IjoxNjYyMzI1NDY0LCJleHAiOjE2NjIzMjYwNjR9.iTeZ-bFqK9Dx5fe5Gp5G2lsI814PnUi7fEPWBm6ZHsU', 'Content-Length': '103', 'Content-Type': 'application/json'} 
 body=b'{"produtos": [{"idProduto": " ", "quantidade": 1}, {"idProduto": "K6leHdftCeOJj8BJ", "quantidade": 3}]}' 
 </msg>
<msg timestamp="20220904 18:04:24.984" level="INFO">POST Response : url=http://localhost:3000/carrinhos 
 status=400, reason=Bad Request 
 headers={'Access-Control-Allow-Origin': '*', 'x-dns-prefetch-control': 'off', 'x-frame-options': 'SAMEORIGIN', 'strict-transport-security': 'max-age=15552000; includeSubDomains', 'x-download-options': 'noopen', 'x-content-type-options': 'nosniff', 'x-xss-protection': '1; mode=block', 'x-moesif-transaction-id': 'b0293a22-4e8b-43f9-bcdb-a3f6e40b6202', 'Content-Type': 'application/json; charset=utf-8', 'Content-Length': '135', 'Date': 'Sun, 04 Sep 2022 21:04:24 GMT', 'Connection': 'keep-alive', 'Keep-Alive': 'timeout=5'} 
 body={
    "message": "Produto não encontrado",
    "item": {
        "idProduto": " ",
        "quantidade": 1,
        "index": 0
    }
} 
 </msg>
<msg timestamp="20220904 18:04:24.984" level="INFO">${response} = &lt;Response [400]&gt;</msg>
<status status="PASS" starttime="20220904 18:04:24.975" endtime="20220904 18:04:24.985"/>
</kw>
<kw name="Log To Console" library="BuiltIn">
<arg>Response: ${response.content}</arg>
<doc>Logs the given message to the console.</doc>
<status status="PASS" starttime="20220904 18:04:24.985" endtime="20220904 18:04:24.987"/>
</kw>
<kw name="Set Global Variable" library="BuiltIn">
<arg>${response}</arg>
<doc>Makes a variable available globally in all tests and suites.</doc>
<msg timestamp="20220904 18:04:24.989" level="INFO">${response} = &lt;Response [400]&gt;</msg>
<status status="PASS" starttime="20220904 18:04:24.988" endtime="20220904 18:04:24.989"/>
</kw>
<if>
<branch type="IF" condition="&quot;${response.status_code}&quot; == &quot;201&quot;">
<kw name="Set Variable" library="BuiltIn">
<var>${id_carrinho}</var>
<arg>${response.json()["_id"]}</arg>
<doc>Returns the given values which can then be assigned to a variables.</doc>
<status status="NOT RUN" starttime="20220904 18:04:24.991" endtime="20220904 18:04:24.991"/>
</kw>
<kw name="Set Global Variable" library="BuiltIn">
<arg>${id_carrinho}</arg>
<doc>Makes a variable available globally in all tests and suites.</doc>
<status status="NOT RUN" starttime="20220904 18:04:24.992" endtime="20220904 18:04:24.992"/>
</kw>
<status status="NOT RUN" starttime="20220904 18:04:24.991" endtime="20220904 18:04:24.992"/>
</branch>
<status status="PASS" starttime="20220904 18:04:24.989" endtime="20220904 18:04:24.992"/>
</if>
<status status="PASS" starttime="20220904 18:04:24.974" endtime="20220904 18:04:24.993"/>
</kw>
<kw name="Validar Status Code &quot;400&quot;" library="common" sourcename="Validar Status Code &quot;${statuscode}&quot;">
<kw name="Should Be True" library="BuiltIn">
<arg>${response.status_code} == ${statuscode}</arg>
<doc>Fails if the given condition is not true.</doc>
<status status="PASS" starttime="20220904 18:04:24.999" endtime="20220904 18:04:25.001"/>
</kw>
<kw name="Log To Console" library="BuiltIn">
<arg>Status Code Retornado: ${response.status_code}</arg>
<doc>Logs the given message to the console.</doc>
<status status="PASS" starttime="20220904 18:04:25.002" endtime="20220904 18:04:25.003"/>
</kw>
<status status="PASS" starttime="20220904 18:04:24.998" endtime="20220904 18:04:25.003"/>
</kw>
<kw name="Validar Mensagem &quot;Produto não encontrado&quot;" library="common" sourcename="Validar Mensagem &quot;${message}&quot;">
<kw name="Should Be Equal" library="BuiltIn">
<arg>${response.json()["message"]}</arg>
<arg>${message}</arg>
<doc>Fails if the given objects are unequal.</doc>
<status status="PASS" starttime="20220904 18:04:25.004" endtime="20220904 18:04:25.005"/>
</kw>
<status status="PASS" starttime="20220904 18:04:25.004" endtime="20220904 18:04:25.005"/>
</kw>
<kw name="Validar Estoque de Produtos &quot;${payload}&quot;" library="consumir_library_python" sourcename="Validar Estoque de Produtos &quot;${payload}&quot;">
<kw name="Get Endpoint Estoque Produtos" library="library_test">
<var>${produtos}</var>
<arg>${payload}</arg>
<msg timestamp="20220904 18:04:25.014" level="INFO">${produtos} = ['Samsung 60 polegadas (K6leHdftCeOJj8BJ): 49551']</msg>
<status status="PASS" starttime="20220904 18:04:25.006" endtime="20220904 18:04:25.014"/>
</kw>
<kw name="Log To Console" library="BuiltIn">
<arg>Estoque:</arg>
<doc>Logs the given message to the console.</doc>
<status status="PASS" starttime="20220904 18:04:25.015" endtime="20220904 18:04:25.015"/>
</kw>
<kw name="Log To Console" library="BuiltIn">
<arg>${produtos}</arg>
<doc>Logs the given message to the console.</doc>
<status status="PASS" starttime="20220904 18:04:25.017" endtime="20220904 18:04:25.017"/>
</kw>
<status status="PASS" starttime="20220904 18:04:25.006" endtime="20220904 18:04:25.017"/>
</kw>
<tag>POSTCARPROD</tag>
<status status="PASS" starttime="20220904 18:04:24.925" endtime="20220904 18:04:25.018"/>
</test>
<test id="s1-s1-t5" name="Cenario 05: POST Criar Carrinho Produto Duplicado 400" line="41">
<kw name="Fazer Login e Armazenar Token" library="login_keywords">
<kw name="Selecionar Usuario Login &quot;user_valido&quot;" library="login_keywords" sourcename="Selecionar Usuario Login &quot;${user}&quot;">
<kw name="Importar JSON Estatico" library="common">
<var>${json}</var>
<arg>json_login_ex.json</arg>
<kw name="Get File" library="OperatingSystem">
<var>${arquivo}</var>
<arg>${EXECDIR}/support/fixtures/static/${nome_arquivo}</arg>
<doc>Returns the contents of a specified file.</doc>
<msg timestamp="20220904 18:04:25.022" level="INFO" html="true">Getting file '&lt;a href="file://D:\Pessoal\SENAC\Estágio\Compass\Sprint 5 - Robot-Framework em APIs\CHALLENGE\support\fixtures\static\json_login_ex.json"&gt;D:\Pessoal\SENAC\Estágio\Compass\Sprint 5 - Robot-Framework em APIs\CHALLENGE\support\fixtures\static\json_login_ex.json&lt;/a&gt;'.</msg>
<msg timestamp="20220904 18:04:25.023" level="INFO">${arquivo} = {   
    "user_valido": {
        "email":"fulano@qa.com",
        "password":"teste"
    },
    "user_email_invalido": {
        "email": "emailinexistente@gmail.com",
        "password":"teste"
    ...</msg>
<status status="PASS" starttime="20220904 18:04:25.022" endtime="20220904 18:04:25.023"/>
</kw>
<kw name="Evaluate" library="BuiltIn">
<var>${data}</var>
<arg>json.loads('''${arquivo}''')</arg>
<arg>json</arg>
<doc>Evaluates the given expression in Python and returns the result.</doc>
<msg timestamp="20220904 18:04:25.023" level="INFO">${data} = {'user_valido': {'email': 'fulano@qa.com', 'password': 'teste'}, 'user_email_invalido': {'email': 'emailinexistente@gmail.com', 'password': 'teste'}, 'user_email_incorreto': {'email': 'fulanoqa.comm',...</msg>
<status status="PASS" starttime="20220904 18:04:25.023" endtime="20220904 18:04:25.023"/>
</kw>
<msg timestamp="20220904 18:04:25.024" level="INFO">${json} = {'user_valido': {'email': 'fulano@qa.com', 'password': 'teste'}, 'user_email_invalido': {'email': 'emailinexistente@gmail.com', 'password': 'teste'}, 'user_email_incorreto': {'email': 'fulanoqa.comm',...</msg>
<status status="PASS" starttime="20220904 18:04:25.021" endtime="20220904 18:04:25.024"/>
</kw>
<kw name="Set Variable" library="BuiltIn">
<var>${payload}</var>
<arg>${json["${user}"]}</arg>
<doc>Returns the given values which can then be assigned to a variables.</doc>
<msg timestamp="20220904 18:04:25.025" level="INFO">${payload} = {'email': 'fulano@qa.com', 'password': 'teste'}</msg>
<status status="PASS" starttime="20220904 18:04:25.024" endtime="20220904 18:04:25.025"/>
</kw>
<kw name="Set Global Variable" library="BuiltIn">
<arg>${payload}</arg>
<doc>Makes a variable available globally in all tests and suites.</doc>
<msg timestamp="20220904 18:04:25.027" level="INFO">${payload} = {'email': 'fulano@qa.com', 'password': 'teste'}</msg>
<status status="PASS" starttime="20220904 18:04:25.025" endtime="20220904 18:04:25.027"/>
</kw>
[...]
 status=400, reason=Bad Request 
 headers={'Access-Control-Allow-Origin': '*', 'x-dns-prefetch-control': 'off', 'x-frame-options': 'SAMEORIGIN', 'strict-transport-security': 'max-age=15552000; includeSubDomains', 'x-download-options': 'noopen', 'x-content-type-options': 'nosniff', 'x-xss-protection': '1; mode=block', 'x-moesif-transaction-id': '602ac89b-a781-42e3-9540-e3a64daa809c', 'Content-Type': 'application/json; charset=utf-8', 'Content-Length': '67', 'Date': 'Sun, 04 Sep 2022 21:04:28 GMT', 'Connection': 'keep-alive', 'Keep-Alive': 'timeout=5'} 
 body={
    "administrador": "administrador deve ser 'true' ou 'false'"
} 
 </msg>
<msg timestamp="20220904 18:04:29.000" level="INFO">${response} = &lt;Response [400]&gt;</msg>
<status status="PASS" starttime="20220904 18:04:28.994" endtime="20220904 18:04:29.000"/>
</kw>
<kw name="Log To Console" library="BuiltIn">
<arg>Response: ${response.content}</arg>
<doc>Logs the given message to the console.</doc>
<status status="PASS" starttime="20220904 18:04:29.000" endtime="20220904 18:04:29.001"/>
</kw>
<kw name="Set Global Variable" library="BuiltIn">
<arg>${response}</arg>
<doc>Makes a variable available globally in all tests and suites.</doc>
<msg timestamp="20220904 18:04:29.003" level="INFO">${response} = &lt;Response [400]&gt;</msg>
<status status="PASS" starttime="20220904 18:04:29.002" endtime="20220904 18:04:29.003"/>
</kw>
<if>
<branch type="IF" condition="&quot;${response.status_code}&quot; == &quot;201&quot;">
<kw name="Set Variable" library="BuiltIn">
<var>${id_user}</var>
<arg>${response.json()["_id"]}</arg>
<doc>Returns the given values which can then be assigned to a variables.</doc>
<status status="NOT RUN" starttime="20220904 18:04:29.004" endtime="20220904 18:04:29.004"/>
</kw>
<kw name="Set Global Variable" library="BuiltIn">
<arg>${id_user}</arg>
<doc>Makes a variable available globally in all tests and suites.</doc>
<status status="NOT RUN" starttime="20220904 18:04:29.004" endtime="20220904 18:04:29.004"/>
</kw>
<status status="NOT RUN" starttime="20220904 18:04:29.004" endtime="20220904 18:04:29.004"/>
</branch>
<status status="PASS" starttime="20220904 18:04:29.003" endtime="20220904 18:04:29.004"/>
</if>
<status status="PASS" starttime="20220904 18:04:28.993" endtime="20220904 18:04:29.004"/>
</kw>
<kw name="Validar Status Code &quot;400&quot;" library="common" sourcename="Validar Status Code &quot;${statuscode}&quot;">
<kw name="Should Be True" library="BuiltIn">
<arg>${response.status_code} == ${statuscode}</arg>
<doc>Fails if the given condition is not true.</doc>
<status status="PASS" starttime="20220904 18:04:29.005" endtime="20220904 18:04:29.007"/>
</kw>
<kw name="Log To Console" library="BuiltIn">
<arg>Status Code Retornado: ${response.status_code}</arg>
<doc>Logs the given message to the console.</doc>
<status status="PASS" starttime="20220904 18:04:29.008" endtime="20220904 18:04:29.010"/>
</kw>
<status status="PASS" starttime="20220904 18:04:29.005" endtime="20220904 18:04:29.011"/>
</kw>
<kw name="Validar Erro &quot;administrador&quot;" library="common" sourcename="Validar Erro &quot;${nome_erro}&quot;">
<if>
<branch type="IF" condition="&quot;${nome_erro}&quot; == &quot;nome&quot; or &quot;${nome_erro}&quot; == &quot;password&quot; or &quot;${nome_erro}&quot; == &quot;descricao&quot;">
<kw name="Should Be Equal" library="BuiltIn">
<arg>${response.json()["${nome_erro}"]}</arg>
<arg>${nome_erro} não pode ficar em branco</arg>
<doc>Fails if the given objects are unequal.</doc>
<status status="NOT RUN" starttime="20220904 18:04:29.012" endtime="20220904 18:04:29.012"/>
</kw>
<status status="NOT RUN" starttime="20220904 18:04:29.012" endtime="20220904 18:04:29.012"/>
</branch>
<branch type="ELSE IF" condition="&quot;${nome_erro}&quot; == &quot;email&quot;">
<kw name="Should Be Equal" library="BuiltIn">
<arg>${response.json()["${nome_erro}"]}</arg>
<arg>${nome_erro} deve ser um email válido</arg>
<doc>Fails if the given objects are unequal.</doc>
<status status="NOT RUN" starttime="20220904 18:04:29.013" endtime="20220904 18:04:29.013"/>
</kw>
<status status="NOT RUN" starttime="20220904 18:04:29.013" endtime="20220904 18:04:29.013"/>
</branch>
<branch type="ELSE IF" condition="&quot;${nome_erro}&quot; == &quot;administrador&quot;">
<kw name="Should Be Equal" library="BuiltIn">
<arg>${response.json()["${nome_erro}"]}</arg>
<arg>${nome_erro} deve ser 'true' ou 'false'</arg>
<doc>Fails if the given objects are unequal.</doc>
<status status="PASS" starttime="20220904 18:04:29.013" endtime="20220904 18:04:29.014"/>
</kw>
<status status="PASS" starttime="20220904 18:04:29.013" endtime="20220904 18:04:29.014"/>
</branch>
<branch type="ELSE IF" condition="&quot;${nome_erro}&quot; == &quot;preco&quot; or &quot;${nome_erro}&quot; == &quot;quantidade&quot;">
<kw name="Should Be Equal" library="BuiltIn">
<arg>${response.json()["${nome_erro}"]}</arg>
<arg>${nome_erro} deve ser um número</arg>
<doc>Fails if the given objects are unequal.</doc>
<status status="NOT RUN" starttime="20220904 18:04:29.015" endtime="20220904 18:04:29.015"/>
</kw>
<status status="NOT RUN" starttime="20220904 18:04:29.014" endtime="20220904 18:04:29.015"/>
</branch>
<status status="PASS" starttime="20220904 18:04:29.012" endtime="20220904 18:04:29.015"/>
</if>
<status status="PASS" starttime="20220904 18:04:29.011" endtime="20220904 18:04:29.015"/>
</kw>
<tag>PUTUSERSEMADM</tag>
<tag>USER</tag>
<status status="PASS" starttime="20220904 18:04:28.986" endtime="20220904 18:04:29.015"/>
</test>
<test id="s1-s4-t22" name="Cenario 22: PUT Editar Usuario E-mail Inválido 400" line="167">
<kw name="Selecionar Usuario Estatico &quot;user_email_invalido&quot;" library="usuarios_keywords" sourcename="Selecionar Usuario Estatico &quot;${user}&quot;">
<kw name="Importar JSON Estatico" library="common">
<var>${json}</var>
<arg>json_usuario_ex.json</arg>
<kw name="Get File" library="OperatingSystem">
<var>${arquivo}</var>
<arg>${EXECDIR}/support/fixtures/static/${nome_arquivo}</arg>
<doc>Returns the contents of a specified file.</doc>
<msg timestamp="20220904 18:04:29.019" level="INFO" html="true">Getting file '&lt;a href="file://D:\Pessoal\SENAC\Estágio\Compass\Sprint 5 - Robot-Framework em APIs\CHALLENGE\support\fixtures\static\json_usuario_ex.json"&gt;D:\Pessoal\SENAC\Estágio\Compass\Sprint 5 - Robot-Framework em APIs\CHALLENGE\support\fixtures\static\json_usuario_ex.json&lt;/a&gt;'.</msg>
<msg timestamp="20220904 18:04:29.019" level="INFO">${arquivo} = {
    "user_valido": {
        "nome": "Charlie Spring",
        "email": "charlies@qa.com.br",
        "password": "teste",
        "administrador": "true"
    }, 
    "user_email_cadastrado": {
    ...</msg>
<status status="PASS" starttime="20220904 18:04:29.018" endtime="20220904 18:04:29.019"/>
</kw>
<kw name="Evaluate" library="BuiltIn">
<var>${data}</var>
<arg>json.loads('''${arquivo}''')</arg>
<arg>json</arg>
<doc>Evaluates the given expression in Python and returns the result.</doc>
<msg timestamp="20220904 18:04:29.020" level="INFO">${data} = {'user_valido': {'nome': 'Charlie Spring', 'email': 'charlies@qa.com.br', 'password': 'teste', 'administrador': 'true'}, 'user_email_cadastrado': {'nome': 'Invalido Teste', 'email': 'zequinha@qa.com.b...</msg>
<status status="PASS" starttime="20220904 18:04:29.019" endtime="20220904 18:04:29.020"/>
</kw>
<msg timestamp="20220904 18:04:29.020" level="INFO">${json} = {'user_valido': {'nome': 'Charlie Spring', 'email': 'charlies@qa.com.br', 'password': 'teste', 'administrador': 'true'}, 'user_email_cadastrado': {'nome': 'Invalido Teste', 'email': 'zequinha@qa.com.b...</msg>
<status status="PASS" starttime="20220904 18:04:29.018" endtime="20220904 18:04:29.020"/>
</kw>
<kw name="Set Variable" library="BuiltIn">
<var>${payload}</var>
<arg>${json["${user}"]}</arg>
<doc>Returns the given values which can then be assigned to a variables.</doc>
<msg timestamp="20220904 18:04:29.020" level="INFO">${payload} = {'nome': 'Invalido Teste', 'email': 'zequinhaqa.com.br', 'password': 'teste', 'administrador': 'true'}</msg>
<status status="PASS" starttime="20220904 18:04:29.020" endtime="20220904 18:04:29.020"/>
</kw>
<kw name="Set Global Variable" library="BuiltIn">
<arg>${payload}</arg>
<doc>Makes a variable available globally in all tests and suites.</doc>
<msg timestamp="20220904 18:04:29.021" level="INFO">${payload} = {'nome': 'Invalido Teste', 'email': 'zequinhaqa.com.br', 'password': 'teste', 'administrador': 'true'}</msg>
<status status="PASS" starttime="20220904 18:04:29.021" endtime="20220904 18:04:29.021"/>
</kw>
<status status="PASS" starttime="20220904 18:04:29.018" endtime="20220904 18:04:29.021"/>
</kw>
<kw name="PUT Endpoint /usuarios &quot;${id_user}&quot;" library="usuarios_keywords" sourcename="PUT Endpoint /usuarios &quot;${id_user}&quot;">
<kw name="PUT On Session" library="RequestsLibrary">
<var>${response}</var>
<arg>serverest</arg>
<arg>/usuarios/${id_user}</arg>
<arg>json=&amp;{payload}</arg>
<arg>expected_status=any</arg>
<doc>Sends a PUT request on a previously created HTTP Session.</doc>
<msg timestamp="20220904 18:04:29.027" level="INFO">PUT Request : url=http://localhost:3000/usuarios/JM24UES1Uc9WmzNk 
 path_url=/usuarios/JM24UES1Uc9WmzNk 
 headers={'User-Agent': 'python-requests/2.27.1', 'Accept-Encoding': 'gzip, deflate', 'Accept': '*/*', 'Connection': 'keep-alive', 'Content-Length': '102', 'Content-Type': 'application/json'} 
 body=b'{"nome": "Invalido Teste", "email": "zequinhaqa.com.br", "password": "teste", "administrador": "true"}' 
 </msg>
<msg timestamp="20220904 18:04:29.029" level="INFO">PUT Response : url=http://localhost:3000/usuarios/JM24UES1Uc9WmzNk 
 status=400, reason=Bad Request 
 headers={'Access-Control-Allow-Origin': '*', 'x-dns-prefetch-control': 'off', 'x-frame-options': 'SAMEORIGIN', 'strict-transport-security': 'max-age=15552000; includeSubDomains', 'x-download-options': 'noopen', 'x-content-type-options': 'nosniff', 'x-xss-protection': '1; mode=block', 'x-moesif-transaction-id': 'e7fea087-b055-4ca5-bdc4-ab1909477e11', 'Content-Type': 'application/json; charset=utf-8', 'Content-Length': '50', 'Date': 'Sun, 04 Sep 2022 21:04:29 GMT', 'Connection': 'keep-alive', 'Keep-Alive': 'timeout=5'} 
 body={
    "email": "email deve ser um email válido"
} 
 </msg>
<msg timestamp="20220904 18:04:29.029" level="INFO">${response} = &lt;Response [400]&gt;</msg>
<status status="PASS" starttime="20220904 18:04:29.022" endtime="20220904 18:04:29.029"/>
</kw>
<kw name="Log To Console" library="BuiltIn">
<arg>Response: ${response.content}</arg>
<doc>Logs the given message to the console.</doc>
<status status="PASS" starttime="20220904 18:04:29.030" endtime="20220904 18:04:29.032"/>
</kw>
<kw name="Set Global Variable" library="BuiltIn">
<arg>${response}</arg>
<doc>Makes a variable available globally in all tests and suites.</doc>
<msg timestamp="20220904 18:04:29.033" level="INFO">${response} = &lt;Response [400]&gt;</msg>
<status status="PASS" starttime="20220904 18:04:29.032" endtime="20220904 18:04:29.033"/>
</kw>
<if>
<branch type="IF" condition="&quot;${response.status_code}&quot; == &quot;201&quot;">
<kw name="Set Variable" library="BuiltIn">
<var>${id_user}</var>
<arg>${response.json()["_id"]}</arg>
<doc>Returns the given values which can then be assigned to a variables.</doc>
<status status="NOT RUN" starttime="20220904 18:04:29.034" endtime="20220904 18:04:29.034"/>
</kw>
<kw name="Set Global Variable" library="BuiltIn">
<arg>${id_user}</arg>
<doc>Makes a variable available globally in all tests and suites.</doc>
<status status="NOT RUN" starttime="20220904 18:04:29.034" endtime="20220904 18:04:29.034"/>
</kw>
<status status="NOT RUN" starttime="20220904 18:04:29.034" endtime="20220904 18:04:29.034"/>
</branch>
<status status="PASS" starttime="20220904 18:04:29.033" endtime="20220904 18:04:29.034"/>
</if>
<status status="PASS" starttime="20220904 18:04:29.021" endtime="20220904 18:04:29.035"/>
</kw>
<kw name="Validar Status Code &quot;400&quot;" library="common" sourcename="Validar Status Code &quot;${statuscode}&quot;">
<kw name="Should Be True" library="BuiltIn">
<arg>${response.status_code} == ${statuscode}</arg>
<doc>Fails if the given condition is not true.</doc>
<status status="PASS" starttime="20220904 18:04:29.035" endtime="20220904 18:04:29.036"/>
</kw>
<kw name="Log To Console" library="BuiltIn">
<arg>Status Code Retornado: ${response.status_code}</arg>
<doc>Logs the given message to the console.</doc>
<status status="PASS" starttime="20220904 18:04:29.037" endtime="20220904 18:04:29.037"/>
</kw>
<status status="PASS" starttime="20220904 18:04:29.035" endtime="20220904 18:04:29.038"/>
</kw>
<kw name="Validar Erro &quot;email&quot;" library="common" sourcename="Validar Erro &quot;${nome_erro}&quot;">
<if>
<branch type="IF" condition="&quot;${nome_erro}&quot; == &quot;nome&quot; or &quot;${nome_erro}&quot; == &quot;password&quot; or &quot;${nome_erro}&quot; == &quot;descricao&quot;">
<kw name="Should Be Equal" library="BuiltIn">
<arg>${response.json()["${nome_erro}"]}</arg>
<arg>${nome_erro} não pode ficar em branco</arg>
<doc>Fails if the given objects are unequal.</doc>
<status status="NOT RUN" starttime="20220904 18:04:29.040" endtime="20220904 18:04:29.040"/>
</kw>
<status status="NOT RUN" starttime="20220904 18:04:29.040" endtime="20220904 18:04:29.040"/>
</branch>
<branch type="ELSE IF" condition="&quot;${nome_erro}&quot; == &quot;email&quot;">
<kw name="Should Be Equal" library="BuiltIn">
<arg>${response.json()["${nome_erro}"]}</arg>
<arg>${nome_erro} deve ser um email válido</arg>
<doc>Fails if the given objects are unequal.</doc>
<status status="PASS" starttime="20220904 18:04:29.040" endtime="20220904 18:04:29.041"/>
</kw>
<status status="PASS" starttime="20220904 18:04:29.040" endtime="20220904 18:04:29.041"/>
</branch>
<branch type="ELSE IF" condition="&quot;${nome_erro}&quot; == &quot;administrador&quot;">
<kw name="Should Be Equal" library="BuiltIn">
<arg>${response.json()["${nome_erro}"]}</arg>
<arg>${nome_erro} deve ser 'true' ou 'false'</arg>
<doc>Fails if the given objects are unequal.</doc>
<status status="NOT RUN" starttime="20220904 18:04:29.042" endtime="20220904 18:04:29.042"/>
</kw>
<status status="NOT RUN" starttime="20220904 18:04:29.041" endtime="20220904 18:04:29.042"/>
</branch>
<branch type="ELSE IF" condition="&quot;${nome_erro}&quot; == &quot;preco&quot; or &quot;${nome_erro}&quot; == &quot;quantidade&quot;">
<kw name="Should Be Equal" library="BuiltIn">
<arg>${response.json()["${nome_erro}"]}</arg>
<arg>${nome_erro} deve ser um número</arg>
<doc>Fails if the given objects are unequal.</doc>
<status status="NOT RUN" starttime="20220904 18:04:29.042" endtime="20220904 18:04:29.043"/>
</kw>
<status status="NOT RUN" starttime="20220904 18:04:29.042" endtime="20220904 18:04:29.043"/>
</branch>
<status status="PASS" starttime="20220904 18:04:29.040" endtime="20220904 18:04:29.043"/>
</if>
<status status="PASS" starttime="20220904 18:04:29.040" endtime="20220904 18:04:29.043"/>
</kw>
<tag>PUTUSEREMAILINVALIDO</tag>
<tag>USER</tag>
<status status="PASS" starttime="20220904 18:04:29.017" endtime="20220904 18:04:29.044"/>
</test>
<doc>Arquivo de testes para endpoint /usuarios</doc>
<status status="PASS" starttime="20220904 18:04:28.072" endtime="20220904 18:04:29.045"/>
</suite>
<status status="PASS" starttime="20220904 18:04:23.445" endtime="20220904 18:04:29.049"/>
</suite>
<statistics>
<total>
<stat pass="71" fail="0" skip="0">All Tests</stat>
</total>
<tag>
<stat pass="1" fail="0" skip="0">CANCELARCAR</stat>
<stat pass="1" fail="0" skip="0">CANCELARCARINVALIDO</stat>
<stat pass="1" fail="0" skip="0">CANCELARTOKEN</stat>
<stat pass="1" fail="0" skip="0">CONCLUIRCAR</stat>
<stat pass="1" fail="0" skip="0">CONCLUIRCARINVALIDO</stat>
<stat pass="1" fail="0" skip="0">CONCLUIRCARTOKEN</stat>
<stat pass="1" fail="0" skip="0">DELETEPROD</stat>
<stat pass="1" fail="0" skip="0">DELETEPRODADM</stat>
<stat pass="1" fail="0" skip="0">DELETEPRODCARRINHO</stat>
<stat pass="1" fail="0" skip="0">DELETEPRODINEXISTENTE</stat>
<stat pass="1" fail="0" skip="0">DELETEPRODTOKEN</stat>
<stat pass="1" fail="0" skip="0">DELETEUSER</stat>
<stat pass="1" fail="0" skip="0">DELETEUSERCARRINHO</stat>
<stat pass="1" fail="0" skip="0">DELETEUSERINEXISTENTE</stat>
<stat pass="1" fail="0" skip="0">EMAILEMBRANCO</stat>
<stat pass="1" fail="0" skip="0">EMAILINCORRETO</stat>
<stat pass="1" fail="0" skip="0">EMAILINVALIDO</stat>
<stat pass="1" fail="0" skip="0">GETALLCARS</stat>
<stat pass="1" fail="0" skip="0">GETALLPROD</stat>
<stat pass="1" fail="0" skip="0">GETALLUSERS</stat>
<stat pass="1" fail="0" skip="0">GETCAR</stat>
<stat pass="1" fail="0" skip="0">GETCARINVALIDO</stat>
<stat pass="1" fail="0" skip="0">GETPROD</stat>
<stat pass="1" fail="0" skip="0">GETPRODINVALIDO</stat>
<stat pass="1" fail="0" skip="0">GETUSER</stat>
<stat pass="1" fail="0" skip="0">GETUSERINVALIDO</stat>
<stat pass="1" fail="0" skip="0">LOGINVALIDO</stat>
<stat pass="1" fail="0" skip="0">POSTCAR</stat>
<stat pass="1" fail="0" skip="0">POSTCARDUPLICADO</stat>
<stat pass="1" fail="0" skip="0">POSTCARPROD</stat>
<stat pass="1" fail="0" skip="0">POSTCARPRODDUPLICADO</stat>
<stat pass="1" fail="0" skip="0">POSTCARQTD</stat>
<stat pass="1" fail="0" skip="0">POSTCARTOKEN</stat>
<stat pass="1" fail="0" skip="0">POSTPRODADM</stat>
<stat pass="1" fail="0" skip="0">POSTPRODDINAMICO</stat>
<stat pass="1" fail="0" skip="0">POSTPRODESTATICO</stat>
<stat pass="1" fail="0" skip="0">POSTPRODFLOAT</stat>
<stat pass="1" fail="0" skip="0">POSTPRODNOME</stat>
<stat pass="1" fail="0" skip="0">POSTPRODSEMDESCRICAO</stat>
<stat pass="1" fail="0" skip="0">POSTPRODSEMNOME</stat>
<stat pass="1" fail="0" skip="0">POSTPRODSEMPRECO</stat>
<stat pass="1" fail="0" skip="0">POSTPRODSEMQTD</stat>
<stat pass="1" fail="0" skip="0">POSTPRODTOKEN</stat>
<stat pass="1" fail="0" skip="0">POSTUSERDINAMICO</stat>
<stat pass="1" fail="0" skip="0">POSTUSEREMAIL</stat>
<stat pass="2" fail="0" skip="0">POSTUSEREMAILINVALIDO</stat>
<stat pass="1" fail="0" skip="0">POSTUSERESTATICO</stat>
<stat pass="1" fail="0" skip="0">POSTUSERSEMADM</stat>
<stat pass="1" fail="0" skip="0">POSTUSERSEMNOME</stat>
<stat pass="1" fail="0" skip="0">POSTUSERSEMSENHA</stat>
<stat pass="1" fail="0" skip="0">PUTPROD</stat>
<stat pass="1" fail="0" skip="0">PUTPRODADM</stat>
<stat pass="1" fail="0" skip="0">PUTPRODCADASTRO</stat>
<stat pass="1" fail="0" skip="0">PUTPRODFLOAT</stat>
<stat pass="1" fail="0" skip="0">PUTPRODNOME</stat>
<stat pass="1" fail="0" skip="0">PUTPRODSEMDESCRICAO</stat>
<stat pass="1" fail="0" skip="0">PUTPRODSEMNOME</stat>
<stat pass="1" fail="0" skip="0">PUTPRODSEMPRECO</stat>
<stat pass="1" fail="0" skip="0">PUTPRODSEMQTD</stat>
<stat pass="1" fail="0" skip="0">PUTPRODTOKEN</stat>
<stat pass="1" fail="0" skip="0">PUTUSER</stat>
<stat pass="1" fail="0" skip="0">PUTUSERCADASTRO</stat>
<stat pass="1" fail="0" skip="0">PUTUSEREMAILCAD</stat>
<stat pass="1" fail="0" skip="0">PUTUSEREMAILINVALIDO</stat>
<stat pass="1" fail="0" skip="0">PUTUSERSEMADM</stat>
<stat pass="1" fail="0" skip="0">PUTUSERSEMEMAIL</stat>
<stat pass="1" fail="0" skip="0">PUTUSERSEMNOME</stat>
<stat pass="1" fail="0" skip="0">PUTUSERSEMSENHA</stat>
<stat pass="1" fail="0" skip="0">SENHAEMBRANCO</stat>
<stat pass="1" fail="0" skip="0">SENHAINVALIDA</stat>
<stat pass="5" fail="0" skip="0">USER</stat>
</tag>
<suite>
<stat pass="71" fail="0" skip="0" id="s1" name="Tests">Tests</stat>
<stat pass="15" fail="0" skip="0" id="s1-s1" name="Carrinho Tests">Tests.Carrinho Tests</stat>
<stat pass="6" fail="0" skip="0" id="s1-s2" name="Login Tests">Tests.Login Tests</stat>
<stat pass="28" fail="0" skip="0" id="s1-s3" name="Produtos Tests">Tests.Produtos Tests</stat>
<stat pass="22" fail="0" skip="0" id="s1-s4" name="Usuarios Tests">Tests.Usuarios Tests</stat>
</suite>
</statistics>
<errors>
</errors>
</robot>
