<?xml version="1.0" encoding="UTF-8"?>
<robot generator="Robot 5.0.1 (Python 3.10.5 on win32)" generated="20220901 22:03:53.140" rpa="false" schemaversion="3">
<suite id="s1" name="CHALLENGE" source="D:\Pessoal\SENAC\Estágio\Compass\Sprint 5 - Robot-Framework em APIs\CHALLENGE">
<suite id="s1-s1" name="Tests" source="D:\Pessoal\SENAC\Estágio\Compass\Sprint 5 - Robot-Framework em APIs\CHALLENGE\tests">
<suite id="s1-s1-s1" name="Carrinho Tests" source="D:\Pessoal\SENAC\Estágio\Compass\Sprint 5 - Robot-Framework em APIs\CHALLENGE\tests\carrinho_tests.robot">
<kw name="Criar Sessao" library="base" type="SETUP">
<kw name="Create Session" library="RequestsLibrary">
<arg>serverest</arg>
<arg>${BASE_URI}</arg>
<doc>Create Session: create a HTTP session to a server</doc>
<msg timestamp="20220901 22:03:54.107" level="INFO">Creating Session using : alias=serverest, url=http://localhost:3000, headers={},                     cookies={}, auth=None, timeout=None, proxies=None, verify=False,                     debug=0 </msg>
<status status="PASS" starttime="20220901 22:03:54.106" endtime="20220901 22:03:54.109"/>
</kw>
<status status="PASS" starttime="20220901 22:03:54.104" endtime="20220901 22:03:54.109"/>
</kw>
<test id="s1-s1-s1-t1" name="Cenario 01: GET Listar Todos os Carrinhos 200" line="7">
<kw name="GET Endpoint /carrinhos" library="carrinho_keywords">
<kw name="GET On Session" library="RequestsLibrary">
<var>${response}</var>
<arg>serverest</arg>
<arg>/carrinhos</arg>
<doc>Sends a GET request on a previously created HTTP Session.</doc>
<msg timestamp="20220901 22:03:54.129" level="INFO">GET Request : url=http://localhost:3000/carrinhos 
 path_url=/carrinhos 
 headers={'User-Agent': 'python-requests/2.27.1', 'Accept-Encoding': 'gzip, deflate', 'Accept': '*/*', 'Connection': 'keep-alive'} 
 body=None 
 </msg>
<msg timestamp="20220901 22:03:54.132" level="INFO">GET Response : url=http://localhost:3000/carrinhos 
 status=200, reason=OK 
 headers={'Access-Control-Allow-Origin': '*', 'x-dns-prefetch-control': 'off', 'x-frame-options': 'SAMEORIGIN', 'strict-transport-security': 'max-age=15552000; includeSubDomains', 'x-download-options': 'noopen', 'x-content-type-options': 'nosniff', 'x-xss-protection': '1; mode=block', 'x-moesif-transaction-id': '5529837c-0433-46ac-b9b7-d71af0a06a9c', 'Content-Type': 'application/json; charset=utf-8', 'Content-Length': '595', 'Date': 'Fri, 02 Sep 2022 01:03:54 GMT', 'Connection': 'keep-alive', 'Keep-Alive': 'timeout=5'} 
 body={
    "quantidade": 1,
    "carrinhos": [
        {
            "produtos": [
                {
                    "idProduto": "BeeJh5lz3k6kSIzA",
                    "quantidade": 2,
                    "precoUnitario": 470
                },
                {
                    "idProduto": "K6leHdftCeOJj8BJ",
                    "quantidade": 1,
                    "precoUnitario": 5240
                }
            ],
            "precoTotal": 6180,
            "quantidadeTotal": 3,
            "idUsuario": "oUb7aGkMtSEPf6BZ",
            "_id": "qbMqntef4iTOwWfg"
        }
    ]
} 
 </msg>
<msg timestamp="20220901 22:03:54.134" level="INFO">${response} = &lt;Response [200]&gt;</msg>
<status status="PASS" starttime="20220901 22:03:54.115" endtime="20220901 22:03:54.135"/>
</kw>
<kw name="Set Global Variable" library="BuiltIn">
<arg>${response}</arg>
<doc>Makes a variable available globally in all tests and suites.</doc>
<msg timestamp="20220901 22:03:54.137" level="INFO">${response} = &lt;Response [200]&gt;</msg>
<status status="PASS" starttime="20220901 22:03:54.136" endtime="20220901 22:03:54.139"/>
</kw>
<kw name="Log To Console" library="BuiltIn">
<arg>Response: ${response.content}</arg>
<doc>Logs the given message to the console.</doc>
<status status="PASS" starttime="20220901 22:03:54.140" endtime="20220901 22:03:54.146"/>
</kw>
<status status="PASS" starttime="20220901 22:03:54.113" endtime="20220901 22:03:54.148"/>
</kw>
<kw name="Validar Status Code &quot;200&quot;" library="common" sourcename="Validar Status Code &quot;${statuscode}&quot;">
<kw name="Should Be True" library="BuiltIn">
<arg>${response.status_code} == ${statuscode}</arg>
<doc>Fails if the given condition is not true.</doc>
<status status="PASS" starttime="20220901 22:03:54.150" endtime="20220901 22:03:54.152"/>
</kw>
<kw name="Log To Console" library="BuiltIn">
<arg>Status Code Retornado: ${response.status_code}</arg>
<doc>Logs the given message to the console.</doc>
<status status="PASS" starttime="20220901 22:03:54.152" endtime="20220901 22:03:54.155"/>
</kw>
<status status="PASS" starttime="20220901 22:03:54.148" endtime="20220901 22:03:54.156"/>
</kw>
<kw name="Validar Se Carrinho Contém IdProduto &quot;BeeJh5lz3k6kSIzA&quot;" library="carrinho_keywords" sourcename="Validar Se Carrinho Contém IdProduto &quot;${idProduto}&quot;">
<kw name="Should Contain" library="BuiltIn">
<arg>${response.json()["carrinhos"][0]["produtos"][0]["idProduto"]}</arg>
<arg>${idProduto}</arg>
<doc>Fails if ``container`` does not contain ``item`` one or more times.</doc>
<status status="PASS" starttime="20220901 22:03:54.158" endtime="20220901 22:03:54.159"/>
</kw>
<kw name="Log To Console" library="BuiltIn">
<arg>Carrinho contém IdProduto: ${response.json()["carrinhos"][0]["produtos"][0]["idProduto"]}</arg>
<doc>Logs the given message to the console.</doc>
<status status="PASS" starttime="20220901 22:03:54.159" endtime="20220901 22:03:54.161"/>
</kw>
<status status="PASS" starttime="20220901 22:03:54.156" endtime="20220901 22:03:54.161"/>
</kw>
<tag>GETALLCARS</tag>
<status status="PASS" starttime="20220901 22:03:54.110" endtime="20220901 22:03:54.166"/>
</test>
<test id="s1-s1-s1-t2" name="Cenario 02: POST Criar Carrinho 201" line="13">
<kw name="Fazer Login e Armazenar Token" library="login_keywords">
<kw name="Selecionar Usuario Login &quot;user_valido&quot;" library="login_keywords" sourcename="Selecionar Usuario Login &quot;${user}&quot;">
<kw name="Importar JSON Estatico" library="common">
<var>${json}</var>
<arg>json_login_ex.json</arg>
<kw name="Get File" library="OperatingSystem">
<var>${arquivo}</var>
<arg>${EXECDIR}/support/fixtures/static/${nome_arquivo}</arg>
<doc>Returns the contents of a specified file.</doc>
<msg timestamp="20220901 22:03:54.179" level="INFO" html="true">Getting file '&lt;a href="file://D:\Pessoal\SENAC\Estágio\Compass\Sprint 5 - Robot-Framework em APIs\CHALLENGE\support\fixtures\static\json_login_ex.json"&gt;D:\Pessoal\SENAC\Estágio\Compass\Sprint 5 - Robot-Framework em APIs\CHALLENGE\support\fixtures\static\json_login_ex.json&lt;/a&gt;'.</msg>
<msg timestamp="20220901 22:03:54.183" level="INFO">${arquivo} = {   
    "user_valido": {
        "email":"fulano@qa.com",
        "password":"teste"
    },
    "user_email_invalido": {
        "email": "emailinexistente@gmail.com",
        "password":"teste"
    ...</msg>
<status status="PASS" starttime="20220901 22:03:54.176" endtime="20220901 22:03:54.185"/>
</kw>
<kw name="Evaluate" library="BuiltIn">
<var>${data}</var>
<arg>json.loads('''${arquivo}''')</arg>
<arg>json</arg>
<doc>Evaluates the given expression in Python and returns the result.</doc>
<msg timestamp="20220901 22:03:54.188" level="INFO">${data} = {'user_valido': {'email': 'fulano@qa.com', 'password': 'teste'}, 'user_email_invalido': {'email': 'emailinexistente@gmail.com', 'password': 'teste'}, 'user_senha_invalida': {'email': 'zequinha@qa.com....</msg>
<status status="PASS" starttime="20220901 22:03:54.187" endtime="20220901 22:03:54.190"/>
</kw>
<msg timestamp="20220901 22:03:54.190" level="INFO">${json} = {'user_valido': {'email': 'fulano@qa.com', 'password': 'teste'}, 'user_email_invalido': {'email': 'emailinexistente@gmail.com', 'password': 'teste'}, 'user_senha_invalida': {'email': 'zequinha@qa.com....</msg>
<status status="PASS" starttime="20220901 22:03:54.174" endtime="20220901 22:03:54.192"/>
</kw>
<kw name="Set Variable" library="BuiltIn">
<var>${payload}</var>
<arg>${json["${user}"]}</arg>
<doc>Returns the given values which can then be assigned to a variables.</doc>
<msg timestamp="20220901 22:03:54.195" level="INFO">${payload} = {'email': 'fulano@qa.com', 'password': 'teste'}</msg>
<status status="PASS" starttime="20220901 22:03:54.193" endtime="20220901 22:03:54.198"/>
</kw>
<kw name="Set Global Variable" library="BuiltIn">
<arg>${payload}</arg>
<doc>Makes a variable available globally in all tests and suites.</doc>
<msg timestamp="20220901 22:03:54.200" level="INFO">${payload} = {'email': 'fulano@qa.com', 'password': 'teste'}</msg>
<status status="PASS" starttime="20220901 22:03:54.199" endtime="20220901 22:03:54.202"/>
</kw>
<status status="PASS" starttime="20220901 22:03:54.173" endtime="20220901 22:03:54.203"/>
</kw>
<kw name="POST Endpoint /login" library="login_keywords">
<kw name="POST On Session" library="RequestsLibrary">
<var>${response}</var>
<arg>serverest</arg>
<arg>/login</arg>
<arg>json=&amp;{payload}</arg>
<arg>expected_status=any</arg>
<doc>Sends a POST request on a previously created HTTP Session.</doc>
<msg timestamp="20220901 22:03:54.210" level="INFO">POST Request : url=http://localhost:3000/login 
 path_url=/login 
 headers={'User-Agent': 'python-requests/2.27.1', 'Accept-Encoding': 'gzip, deflate', 'Accept': '*/*', 'Connection': 'keep-alive', 'Content-Length': '47', 'Content-Type': 'application/json'} 
 body=b'{"email": "fulano@qa.com", "password": "teste"}' 
 </msg>
<msg timestamp="20220901 22:03:54.215" level="INFO">POST Response : url=http://localhost:3000/login 
 status=200, reason=OK 
 headers={'Access-Control-Allow-Origin': '*', 'x-dns-prefetch-control': 'off', 'x-frame-options': 'SAMEORIGIN', 'strict-transport-security': 'max-age=15552000; includeSubDomains', 'x-download-options': 'noopen', 'x-content-type-options': 'nosniff', 'x-xss-protection': '1; mode=block', 'x-moesif-transaction-id': 'e4677810-b3a8-4ce8-80d4-fe78b0639f66', 'Content-Type': 'application/json; charset=utf-8', 'Content-Length': '265', 'Date': 'Fri, 02 Sep 2022 01:03:54 GMT', 'Connection': 'keep-alive', 'Keep-Alive': 'timeout=5'} 
 body={
    "message": "Login realizado com sucesso",
    "authorization": "Bearer eyJhbGciOiJIUzI1NiIsInR5cCI6IkpXVCJ9.eyJlbWFpbCI6ImZ1bGFub0BxYS5jb20iLCJwYXNzd29yZCI6InRlc3RlIiwiaWF0IjoxNjYyMDgwNjM0LCJleHAiOjE2NjIwODEyMzR9.QAk3gcCWIi35UE5w9xJEVrOwg_BdSuyJ6VRbmPUMMG4"
} 
 </msg>
<msg timestamp="20220901 22:03:54.217" level="INFO">${response} = &lt;Response [200]&gt;</msg>
<status status="PASS" starttime="20220901 22:03:54.204" endtime="20220901 22:03:54.220"/>
</kw>
<kw name="Log To Console" library="BuiltIn">
<arg>Response: ${response.content}</arg>
<doc>Logs the given message to the console.</doc>
<status status="PASS" starttime="20220901 22:03:54.220" endtime="20220901 22:03:54.223"/>
</kw>
<kw name="Set Global Variable" library="BuiltIn">
<arg>${response}</arg>
<doc>Makes a variable available globally in all tests and suites.</doc>
<msg timestamp="20220901 22:03:54.225" level="INFO">${response} = &lt;Response [200]&gt;</msg>
<status status="PASS" starttime="20220901 22:03:54.224" endtime="20220901 22:03:54.227"/>
</kw>
<status status="PASS" starttime="20220901 22:03:54.203" endtime="20220901 22:03:54.228"/>
</kw>
<kw name="Validar Ter Logado" library="login_keywords">
<kw name="Should Be Equal" library="BuiltIn">
<arg>${response.json()["message"]}</arg>
<arg>Login realizado com sucesso</arg>
<doc>Fails if the given objects are unequal.</doc>
<status status="PASS" starttime="20220901 22:03:54.233" endtime="20220901 22:03:54.235"/>
</kw>
<kw name="Should Not Be Empty" library="BuiltIn">
<arg>${response.json()["authorization"]}</arg>
<doc>Verifies that the given item is not empty.</doc>
<msg timestamp="20220901 22:03:54.237" level="INFO">Length is 192</msg>
<status status="PASS" starttime="20220901 22:03:54.235" endtime="20220901 22:03:54.239"/>
</kw>
<status status="PASS" starttime="20220901 22:03:54.231" endtime="20220901 22:03:54.240"/>
</kw>
<kw name="Armazenar Token" library="login_keywords">
<kw name="Set Variable" library="BuiltIn">
<var>${token_auth}</var>
<arg>${response.json()["authorization"]}</arg>
<doc>Returns the given values which can then be assigned to a variables.</doc>
<msg timestamp="20220901 22:03:54.243" level="INFO">${token_auth} = Bearer eyJhbGciOiJIUzI1NiIsInR5cCI6IkpXVCJ9.eyJlbWFpbCI6ImZ1bGFub0BxYS5jb20iLCJwYXNzd29yZCI6InRlc3RlIiwiaWF0IjoxNjYyMDgwNjM0LCJleHAiOjE2NjIwODEyMzR9.QAk3gcCWIi35UE5w9xJEVrOwg_BdSuyJ6VRbmPUMMG4</msg>
<status status="PASS" starttime="20220901 22:03:54.241" endtime="20220901 22:03:54.246"/>
</kw>
<kw name="Set Global Variable" library="BuiltIn">
<arg>${token_auth}</arg>
<doc>Makes a variable available globally in all tests and suites.</doc>
<msg timestamp="20220901 22:03:54.249" level="INFO">${token_auth} = Bearer eyJhbGciOiJIUzI1NiIsInR5cCI6IkpXVCJ9.eyJlbWFpbCI6ImZ1bGFub0BxYS5jb20iLCJwYXNzd29yZCI6InRlc3RlIiwiaWF0IjoxNjYyMDgwNjM0LCJleHAiOjE2NjIwODEyMzR9.QAk3gcCWIi35UE5w9xJEVrOwg_BdSuyJ6VRbmPUMMG4</msg>
<status status="PASS" starttime="20220901 22:03:54.248" endtime="20220901 22:03:54.251"/>
</kw>
<status status="PASS" starttime="20220901 22:03:54.240" endtime="20220901 22:03:54.252"/>
</kw>
<status status="PASS" starttime="20220901 22:03:54.172" endtime="20220901 22:03:54.252"/>
</kw>
<kw name="Criar Carrinho Estatico Valido e Armazenar ID" library="carrinho_keywords">
<kw name="Selecionar Carrinho Estatico &quot;carrinho_valido&quot;" library="carrinho_keywords" sourcename="Selecionar Carrinho Estatico &quot;${carrinho}&quot;">
<kw name="Importar JSON Estatico" library="common">
<var>${json}</var>
<arg>json_carrinho_ex.json</arg>
<kw name="Get File" library="OperatingSystem">
<var>${arquivo}</var>
<arg>${EXECDIR}/support/fixtures/static/${nome_arquivo}</arg>
<doc>Returns the contents of a specified file.</doc>
<msg timestamp="20220901 22:03:54.258" level="INFO" html="true">Getting file '&lt;a href="file://D:\Pessoal\SENAC\Estágio\Compass\Sprint 5 - Robot-Framework em APIs\CHALLENGE\support\fixtures\static\json_carrinho_ex.json"&gt;D:\Pessoal\SENAC\Estágio\Compass\Sprint 5 - Robot-Framework em APIs\CHALLENGE\support\fixtures\static\json_carrinho_ex.json&lt;/a&gt;'.</msg>
<msg timestamp="20220901 22:03:54.260" level="INFO">${arquivo} = {
    "carrinho_valido": {
        "produtos": [
            {
            "idProduto": "BeeJh5lz3k6kSIzA",
            "quantidade": 1
            },
            {
            "idProduto": "K6leHdftC...</msg>
<status status="PASS" starttime="20220901 22:03:54.257" endtime="20220901 22:03:54.263"/>
</kw>
<kw name="Evaluate" library="BuiltIn">
<var>${data}</var>
<arg>json.loads('''${arquivo}''')</arg>
<arg>json</arg>
<doc>Evaluates the given expression in Python and returns the result.</doc>
<msg timestamp="20220901 22:03:54.266" level="INFO">${data} = {'carrinho_valido': {'produtos': [{'idProduto': 'BeeJh5lz3k6kSIzA', 'quantidade': 1}, {'idProduto': 'K6leHdftCeOJj8BJ', 'quantidade': 3}]}, 'carrinho_sem_produto': {'produtos': [{'idProduto': ' ', 'qu...</msg>
<status status="PASS" starttime="20220901 22:03:54.265" endtime="20220901 22:03:54.268"/>
</kw>
<msg timestamp="20220901 22:03:54.268" level="INFO">${json} = {'carrinho_valido': {'produtos': [{'idProduto': 'BeeJh5lz3k6kSIzA', 'quantidade': 1}, {'idProduto': 'K6leHdftCeOJj8BJ', 'quantidade': 3}]}, 'carrinho_sem_produto': {'produtos': [{'idProduto': ' ', 'qu...</msg>
<status status="PASS" starttime="20220901 22:03:54.256" endtime="20220901 22:03:54.270"/>
</kw>
<kw name="Set Variable" library="BuiltIn">
<var>${payload}</var>
<arg>${json["${carrinho}"]}</arg>
<doc>Returns the given values which can then be assigned to a variables.</doc>
<msg timestamp="20220901 22:03:54.273" level="INFO">${payload} = {'produtos': [{'idProduto': 'BeeJh5lz3k6kSIzA', 'quantidade': 1}, {'idProduto': 'K6leHdftCeOJj8BJ', 'quantidade': 3}]}</msg>
<status status="PASS" starttime="20220901 22:03:54.271" endtime="20220901 22:03:54.275"/>
</kw>
<kw name="Set Global Variable" library="BuiltIn">
<arg>${payload}</arg>
<doc>Makes a variable available globally in all tests and suites.</doc>
<msg timestamp="20220901 22:03:54.277" level="INFO">${payload} = {'produtos': [{'idProduto': 'BeeJh5lz3k6kSIzA', 'quantidade': 1}, {'idProduto': 'K6leHdftCeOJj8BJ', 'quantidade': 3}]}</msg>
<status status="PASS" starttime="20220901 22:03:54.276" endtime="20220901 22:03:54.281"/>
</kw>
<kw name="Log To Console" library="BuiltIn">
<arg>Response: ${payload}</arg>
<doc>Logs the given message to the console.</doc>
<status status="PASS" starttime="20220901 22:03:54.282" endtime="20220901 22:03:54.284"/>
</kw>
<status status="PASS" starttime="20220901 22:03:54.254" endtime="20220901 22:03:54.284"/>
</kw>
<kw name="POST Endpoint /carrinhos" library="carrinho_keywords">
<kw name="Create Dictionary" library="BuiltIn">
<var>&amp;{header}</var>
<arg>Authorization=${token_auth}</arg>
<doc>Creates and returns a dictionary based on the given ``items``.</doc>
<msg timestamp="20220901 22:03:54.288" level="INFO">&amp;{header} = { Authorization=Bearer eyJhbGciOiJIUzI1NiIsInR5cCI6IkpXVCJ9.eyJlbWFpbCI6ImZ1bGFub0BxYS5jb20iLCJwYXNzd29yZCI6InRlc3RlIiwiaWF0IjoxNjYyMDgwNjM0LCJleHAiOjE2NjIwODEyMzR9.QAk3gcCWIi35UE5w9xJEVrOwg_BdSuyJ6VR...</msg>
<status status="PASS" starttime="20220901 22:03:54.286" endtime="20220901 22:03:54.291"/>
</kw>
<kw name="POST On Session" library="RequestsLibrary">
<var>${response}</var>
<arg>serverest</arg>
<arg>/carrinhos</arg>
<arg>json=&amp;{payload}</arg>
<arg>headers=&amp;{header}</arg>
<arg>expected_status=any</arg>
<doc>Sends a POST request on a previously created HTTP Session.</doc>
<msg timestamp="20220901 22:03:54.303" level="INFO">POST Request : url=http://localhost:3000/carrinhos 
 path_url=/carrinhos 
 headers={'User-Agent': 'python-requests/2.27.1', 'Accept-Encoding': 'gzip, deflate', 'Accept': '*/*', 'Connection': 'keep-alive', 'Authorization': 'Bearer eyJhbGciOiJIUzI1NiIsInR5cCI6IkpXVCJ9.eyJlbWFpbCI6ImZ1bGFub0BxYS5jb20iLCJwYXNzd29yZCI6InRlc3RlIiwiaWF0IjoxNjYyMDgwNjM0LCJleHAiOjE2NjIwODEyMzR9.QAk3gcCWIi35UE5w9xJEVrOwg_BdSuyJ6VRbmPUMMG4', 'Content-Length': '118', 'Content-Type': 'application/json'} 
 body=b'{"produtos": [{"idProduto": "BeeJh5lz3k6kSIzA", "quantidade": 1}, {"idProduto": "K6leHdftCeOJj8BJ", "quantidade": 3}]}' 
 </msg>
<msg timestamp="20220901 22:03:54.304" level="INFO">POST Response : url=http://localhost:3000/carrinhos 
 status=201, reason=Created 
 headers={'Access-Control-Allow-Origin': '*', 'x-dns-prefetch-control': 'off', 'x-frame-options': 'SAMEORIGIN', 'strict-transport-security': 'max-age=15552000; includeSubDomains', 'x-download-options': 'noopen', 'x-content-type-options': 'nosniff', 'x-xss-protection': '1; mode=block', 'x-moesif-transaction-id': '2c9ea5ff-d93a-4711-9958-fb7d6dd2da1a', 'Content-Type': 'application/json; charset=utf-8', 'Content-Length': '82', 'Date': 'Fri, 02 Sep 2022 01:03:54 GMT', 'Connection': 'keep-alive', 'Keep-Alive': 'timeout=5'} 
 body={
    "message": "Cadastro realizado com sucesso",
    "_id": "hb1OFnDbPGo4Ir7M"
} 
 </msg>
<msg timestamp="20220901 22:03:54.306" level="INFO">${response} = &lt;Response [201]&gt;</msg>
<status status="PASS" starttime="20220901 22:03:54.291" endtime="20220901 22:03:54.308"/>
</kw>
<kw name="Log To Console" library="BuiltIn">
<arg>Response: ${response.content}</arg>
<doc>Logs the given message to the console.</doc>
<status status="PASS" starttime="20220901 22:03:54.308" endtime="20220901 22:03:54.310"/>
</kw>
<kw name="Set Global Variable" library="BuiltIn">
<arg>${response}</arg>
<doc>Makes a variable available globally in all tests and suites.</doc>
<msg timestamp="20220901 22:03:54.313" level="INFO">${response} = &lt;Response [201]&gt;</msg>
<status status="PASS" starttime="20220901 22:03:54.311" endtime="20220901 22:03:54.315"/>
</kw>
<if>
<branch type="IF" condition="&quot;${response.status_code}&quot; == &quot;201&quot;">
<kw name="Set Variable" library="BuiltIn">
<var>${id_carrinho}</var>
<arg>${response.json()["_id"]}</arg>
<doc>Returns the given values which can then be assigned to a variables.</doc>
<msg timestamp="20220901 22:03:54.320" level="INFO">${id_carrinho} = hb1OFnDbPGo4Ir7M</msg>
<status status="PASS" starttime="20220901 22:03:54.318" endtime="20220901 22:03:54.322"/>
</kw>
<kw name="Set Global Variable" library="BuiltIn">
<arg>${id_carrinho}</arg>
<doc>Makes a variable available globally in all tests and suites.</doc>
<msg timestamp="20220901 22:03:54.324" level="INFO">${id_carrinho} = hb1OFnDbPGo4Ir7M</msg>
<status status="PASS" starttime="20220901 22:03:54.323" endtime="20220901 22:03:54.327"/>
</kw>
<status status="PASS" starttime="20220901 22:03:54.317" endtime="20220901 22:03:54.327"/>
</branch>
<status status="PASS" starttime="20220901 22:03:54.316" endtime="20220901 22:03:54.327"/>
</if>
<status status="PASS" starttime="20220901 22:03:54.285" endtime="20220901 22:03:54.328"/>
</kw>
<status status="PASS" starttime="20220901 22:03:54.253" endtime="20220901 22:03:54.332"/>
</kw>
<kw name="Validar Status Code &quot;201&quot;" library="common" sourcename="Validar Status Code &quot;${statuscode}&quot;">
<kw name="Should Be True" library="BuiltIn">
<arg>${response.status_code} == ${statuscode}</arg>
<doc>Fails if the given condition is not true.</doc>
<status status="PASS" starttime="20220901 22:03:54.335" endtime="20220901 22:03:54.337"/>
</kw>
<kw name="Log To Console" library="BuiltIn">
<arg>Status Code Retornado: ${response.status_code}</arg>
<doc>Logs the given message to the console.</doc>
<status status="PASS" starttime="20220901 22:03:54.338" endtime="20220901 22:03:54.340"/>
</kw>
<status status="PASS" starttime="20220901 22:03:54.334" endtime="20220901 22:03:54.340"/>
</kw>
<kw name="Validar Ter Criado o Carrinho" library="carrinho_keywords">
<kw name="Should Be Equal" library="BuiltIn">
<arg>${response.json()["message"]}</arg>
<arg>Cadastro realizado com sucesso</arg>
<doc>Fails if the given objects are unequal.</doc>
<status status="PASS" starttime="20220901 22:03:54.342" endtime="20220901 22:03:54.344"/>
</kw>
<kw name="Should Not Be Empty" library="BuiltIn">
<arg>${response.json()["_id"]}</arg>
<doc>Verifies that the given item is not empty.</doc>
<msg timestamp="20220901 22:03:54.349" level="INFO">Length is 16</msg>
<status status="PASS" starttime="20220901 22:03:54.345" endtime="20220901 22:03:54.353"/>
</kw>
<status status="PASS" starttime="20220901 22:03:54.341" endtime="20220901 22:03:54.353"/>
</kw>
<kw name="DELETE Endpoint /carrinhos &quot;concluir-compra&quot;" library="carrinho_keywords" sourcename="DELETE Endpoint /carrinhos &quot;${deletar_carrinho}&quot;">
<kw name="Create Dictionary" library="BuiltIn">
<var>&amp;{header}</var>
<arg>Authorization=${token_auth}</arg>
<doc>Creates and returns a dictionary based on the given ``items``.</doc>
<msg timestamp="20220901 22:03:54.356" level="INFO">&amp;{header} = { Authorization=Bearer eyJhbGciOiJIUzI1NiIsInR5cCI6IkpXVCJ9.eyJlbWFpbCI6ImZ1bGFub0BxYS5jb20iLCJwYXNzd29yZCI6InRlc3RlIiwiaWF0IjoxNjYyMDgwNjM0LCJleHAiOjE2NjIwODEyMzR9.QAk3gcCWIi35UE5w9xJEVrOwg_BdSuyJ6VR...</msg>
<status status="PASS" starttime="20220901 22:03:54.355" endtime="20220901 22:03:54.358"/>
</kw>
<kw name="DELETE On Session" library="RequestsLibrary">
<var>${response}</var>
<arg>serverest</arg>
<arg>/carrinhos/${deletar_carrinho}</arg>
<arg>headers=&amp;{header}</arg>
<arg>expected_status=any</arg>
<doc>Sends a DELETE request on a previously created HTTP Session.</doc>
<msg timestamp="20220901 22:03:54.370" level="INFO">DELETE Request : url=http://localhost:3000/carrinhos/concluir-compra 
 path_url=/carrinhos/concluir-compra 
 headers={'User-Agent': 'python-requests/2.27.1', 'Accept-Encoding': 'gzip, deflate', 'Accept': '*/*', 'Connection': 'keep-alive', 'Authorization': 'Bearer eyJhbGciOiJIUzI1NiIsInR5cCI6IkpXVCJ9.eyJlbWFpbCI6ImZ1bGFub0BxYS5jb20iLCJwYXNzd29yZCI6InRlc3RlIiwiaWF0IjoxNjYyMDgwNjM0LCJleHAiOjE2NjIwODEyMzR9.QAk3gcCWIi35UE5w9xJEVrOwg_BdSuyJ6VRbmPUMMG4', 'Content-Length': '0'} 
 body=None 
 </msg>
<msg timestamp="20220901 22:03:54.372" level="INFO">DELETE Response : url=http://localhost:3000/carrinhos/concluir-compra 
 status=200, reason=OK 
 headers={'Access-Control-Allow-Origin': '*', 'x-dns-prefetch-control': 'off', 'x-frame-options': 'SAMEORIGIN', 'strict-transport-security': 'max-age=15552000; includeSubDomains', 'x-download-options': 'noopen', 'x-content-type-options': 'nosniff', 'x-xss-protection': '1; mode=block', 'x-moesif-transaction-id': 'f4fbb22b-49e4-4a55-b1db-a081f6e1bfe2', 'Content-Type': 'application/json; charset=utf-8', 'Content-Length': '51', 'Date': 'Fri, 02 Sep 2022 01:03:54 GMT', 'Connection': 'keep-alive', 'Keep-Alive': 'timeout=5'} 
 body={
    "message": "Registro excluído com sucesso"
} 
 </msg>
<msg timestamp="20220901 22:03:54.374" level="INFO">${response} = &lt;Response [200]&gt;</msg>
<status status="PASS" starttime="20220901 22:03:54.358" endtime="20220901 22:03:54.375"/>
</kw>
<kw name="Log To Console" library="BuiltIn">
<arg>Response: ${response.content}</arg>
<doc>Logs the given message to the console.</doc>
<status status="PASS" starttime="20220901 22:03:54.376" endtime="20220901 22:03:54.378"/>
</kw>
<kw name="Set Global Variable" library="BuiltIn">
<arg>${response}</arg>
<doc>Makes a variable available globally in all tests and suites.</doc>
<msg timestamp="20220901 22:03:54.383" level="INFO">${response} = &lt;Response [200]&gt;</msg>
<status status="PASS" starttime="20220901 22:03:54.379" endtime="20220901 22:03:54.385"/>
</kw>
<status status="PASS" starttime="20220901 22:03:54.354" endtime="20220901 22:03:54.386"/>
</kw>
<tag>POSTCAR</tag>
<status status="PASS" starttime="20220901 22:03:54.169" endtime="20220901 22:03:54.387"/>
</test>
<test id="s1-s1-s1-t3" name="Cenario 03: POST Criar Carrinho Errado 400" line="21">
<kw name="Fazer Login e Armazenar Token" library="login_keywords">
<kw name="Selecionar Usuario Login &quot;user_valido&quot;" library="login_keywords" sourcename="Selecionar Usuario Login &quot;${user}&quot;">
<kw name="Importar JSON Estatico" library="common">
<var>${json}</var>
<arg>json_login_ex.json</arg>
<kw name="Get File" library="OperatingSystem">
<var>${arquivo}</var>
<arg>${EXECDIR}/support/fixtures/static/${nome_arquivo}</arg>
<doc>Returns the contents of a specified file.</doc>
<msg timestamp="20220901 22:03:54.401" level="INFO" html="true">Getting file '&lt;a href="file://D:\Pessoal\SENAC\Estágio\Compass\Sprint 5 - Robot-Framework em APIs\CHALLENGE\support\fixtures\static\json_login_ex.json"&gt;D:\Pessoal\SENAC\Estágio\Compass\Sprint 5 - Robot-Framework em APIs\CHALLENGE\support\fixtures\static\json_login_ex.json&lt;/a&gt;'.</msg>
<msg timestamp="20220901 22:03:54.403" level="INFO">${arquivo} = {   
    "user_valido": {
        "email":"fulano@qa.com",
        "password":"teste"
    },
    "user_email_invalido": {
        "email": "emailinexistente@gmail.com",
        "password":"teste"
    ...</msg>
<status status="PASS" starttime="20220901 22:03:54.397" endtime="20220901 22:03:54.405"/>
</kw>
<kw name="Evaluate" library="BuiltIn">
<var>${data}</var>
<arg>json.loads('''${arquivo}''')</arg>
<arg>json</arg>
<doc>Evaluates the given expression in Python and returns the result.</doc>
<msg timestamp="20220901 22:03:54.407" level="INFO">${data} = {'user_valido': {'email': 'fulano@qa.com', 'password': 'teste'}, 'user_email_invalido': {'email': 'emailinexistente@gmail.com', 'password': 'teste'}, 'user_senha_invalida': {'email': 'zequinha@qa.com....</msg>
<status status="PASS" starttime="20220901 22:03:54.406" endtime="20220901 22:03:54.409"/>
</kw>
<msg timestamp="20220901 22:03:54.410" level="INFO">${json} = {'user_valido': {'email': 'fulano@qa.com', 'password': 'teste'}, 'user_email_invalido': {'email': 'emailinexistente@gmail.com', 'password': 'teste'}, 'user_senha_invalida': {'email': 'zequinha@qa.com....</msg>
<status status="PASS" starttime="20220901 22:03:54.394" endtime="20220901 22:03:54.412"/>
</kw>
<kw name="Set Variable" library="BuiltIn">
<var>${payload}</var>
<arg>${json["${user}"]}</arg>
<doc>Returns the given values which can then be assigned to a variables.</doc>
<msg timestamp="20220901 22:03:54.418" level="INFO">${payload} = {'email': 'fulano@qa.com', 'password': 'teste'}</msg>
<status status="PASS" starttime="20220901 22:03:54.413" endtime="20220901 22:03:54.420"/>
</kw>
<kw name="Set Global Variable" library="BuiltIn">
<arg>${payload}</arg>
<doc>Makes a variable available globally in all tests and suites.</doc>
<msg timestamp="20220901 22:03:54.422" level="INFO">${payload} = {'email': 'fulano@qa.com', 'password': 'teste'}</msg>
<status status="PASS" starttime="20220901 22:03:54.421" endtime="20220901 22:03:54.424"/>
</kw>
<status status="PASS" starttime="20220901 22:03:54.393" endtime="20220901 22:03:54.425"/>
</kw>
<kw name="POST Endpoint /login" library="login_keywords">
<kw name="POST On Session" library="RequestsLibrary">
<var>${response}</var>
<arg>serverest</arg>
<arg>/login</arg>
<arg>json=&amp;{payload}</arg>
<arg>expected_status=any</arg>
<doc>Sends a POST request on a previously created HTTP Session.</doc>
<msg timestamp="20220901 22:03:54.440" level="INFO">POST Request : url=http://localhost:3000/login 
 path_url=/login 
 headers={'User-Agent': 'python-requests/2.27.1', 'Accept-Encoding': 'gzip, deflate', 'Accept': '*/*', 'Connection': 'keep-alive', 'Content-Length': '47', 'Content-Type': 'application/json'} 
 body=b'{"email": "fulano@qa.com", "password": "teste"}' 
 </msg>
<msg timestamp="20220901 22:03:54.443" level="INFO">POST Response : url=http://localhost:3000/login 
 status=200, reason=OK 
 headers={'Access-Control-Allow-Origin': '*', 'x-dns-prefetch-control': 'off', 'x-frame-options': 'SAMEORIGIN', 'strict-transport-security': 'max-age=15552000; includeSubDomains', 'x-download-options': 'noopen', 'x-content-type-options': 'nosniff', 'x-xss-protection': '1; mode=block', 'x-moesif-transaction-id': '8c3be4c9-ad03-43d8-96f8-1e877cedfa01', 'Content-Type': 'application/json; charset=utf-8', 'Content-Length': '265', 'Date': 'Fri, 02 Sep 2022 01:03:54 GMT', 'Connection': 'keep-alive', 'Keep-Alive': 'timeout=5'} 
 body={
    "message": "Login realizado com sucesso",
    "authorization": "Bearer eyJhbGciOiJIUzI1NiIsInR5cCI6IkpXVCJ9.eyJlbWFpbCI6ImZ1bGFub0BxYS5jb20iLCJwYXNzd29yZCI6InRlc3RlIiwiaWF0IjoxNjYyMDgwNjM0LCJleHAiOjE2NjIwODEyMzR9.QAk3gcCWIi35UE5w9xJEVrOwg_BdSuyJ6VRbmPUMMG4"
} 
 </msg>
<msg timestamp="20220901 22:03:54.454" level="INFO">${response} = &lt;Response [200]&gt;</msg>
<status status="PASS" starttime="20220901 22:03:54.428" endtime="20220901 22:03:54.455"/>
</kw>
<kw name="Log To Console" library="BuiltIn">
<arg>Response: ${response.content}</arg>
<doc>Logs the given message to the console.</doc>
<status status="PASS" starttime="20220901 22:03:54.456" endtime="20220901 22:03:54.459"/>
</kw>
<kw name="Set Global Variable" library="BuiltIn">
<arg>${response}</arg>
<doc>Makes a variable available globally in all tests and suites.</doc>
<msg timestamp="20220901 22:03:54.461" level="INFO">${response} = &lt;Response [200]&gt;</msg>
<status status="PASS" starttime="20220901 22:03:54.460" endtime="20220901 22:03:54.465"/>
</kw>
<status status="PASS" starttime="20220901 22:03:54.426" endtime="20220901 22:03:54.467"/>
</kw>
<kw name="Validar Ter Logado" library="login_keywords">
<kw name="Should Be Equal" library="BuiltIn">
<arg>${response.json()["message"]}</arg>
<arg>Login realizado com sucesso</arg>
<doc>Fails if the given objects are unequal.</doc>
<status status="PASS" starttime="20220901 22:03:54.468" endtime="20220901 22:03:54.470"/>
</kw>
<kw name="Should Not Be Empty" library="BuiltIn">
<arg>${response.json()["authorization"]}</arg>
<doc>Verifies that the given item is not empty.</doc>
<msg timestamp="20220901 22:03:54.471" level="INFO">Length is 192</msg>
<status status="PASS" starttime="20220901 22:03:54.470" endtime="20220901 22:03:54.473"/>
</kw>
<status status="PASS" starttime="20220901 22:03:54.468" endtime="20220901 22:03:54.474"/>
</kw>
<kw name="Armazenar Token" library="login_keywords">
<kw name="Set Variable" library="BuiltIn">
<var>${token_auth}</var>
<arg>${response.json()["authorization"]}</arg>
<doc>Returns the given values which can then be assigned to a variables.</doc>
<msg timestamp="20220901 22:03:54.477" level="INFO">${token_auth} = Bearer eyJhbGciOiJIUzI1NiIsInR5cCI6IkpXVCJ9.eyJlbWFpbCI6ImZ1bGFub0BxYS5jb20iLCJwYXNzd29yZCI6InRlc3RlIiwiaWF0IjoxNjYyMDgwNjM0LCJleHAiOjE2NjIwODEyMzR9.QAk3gcCWIi35UE5w9xJEVrOwg_BdSuyJ6VRbmPUMMG4</msg>
<status status="PASS" starttime="20220901 22:03:54.475" endtime="20220901 22:03:54.485"/>
</kw>
<kw name="Set Global Variable" library="BuiltIn">
<arg>${token_auth}</arg>
<doc>Makes a variable available globally in all tests and suites.</doc>
<msg timestamp="20220901 22:03:54.487" level="INFO">${token_auth} = Bearer eyJhbGciOiJIUzI1NiIsInR5cCI6IkpXVCJ9.eyJlbWFpbCI6ImZ1bGFub0BxYS5jb20iLCJwYXNzd29yZCI6InRlc3RlIiwiaWF0IjoxNjYyMDgwNjM0LCJleHAiOjE2NjIwODEyMzR9.QAk3gcCWIi35UE5w9xJEVrOwg_BdSuyJ6VRbmPUMMG4</msg>
<status status="PASS" starttime="20220901 22:03:54.486" endtime="20220901 22:03:54.489"/>
</kw>
<status status="PASS" starttime="20220901 22:03:54.474" endtime="20220901 22:03:54.489"/>
</kw>
<status status="PASS" starttime="20220901 22:03:54.392" endtime="20220901 22:03:54.490"/>
</kw>
<kw name="Criar Carrinho Estatico Valido e Armazenar ID" library="carrinho_keywords">
<kw name="Selecionar Carrinho Estatico &quot;carrinho_valido&quot;" library="carrinho_keywords" sourcename="Selecionar Carrinho Estatico &quot;${carrinho}&quot;">
<kw name="Importar JSON Estatico" library="common">
<var>${json}</var>
<arg>json_carrinho_ex.json</arg>
<kw name="Get File" library="OperatingSystem">
<var>${arquivo}</var>
<arg>${EXECDIR}/support/fixtures/static/${nome_arquivo}</arg>
<doc>Returns the contents of a specified file.</doc>
<msg timestamp="20220901 22:03:54.497" level="INFO" html="true">Getting file '&lt;a href="file://D:\Pessoal\SENAC\Estágio\Compass\Sprint 5 - Robot-Framework em APIs\CHALLENGE\support\fixtures\static\json_carrinho_ex.json"&gt;D:\Pessoal\SENAC\Estágio\Compass\Sprint 5 - Robot-Framework em APIs\CHALLENGE\support\fixtures\static\json_carrinho_ex.json&lt;/a&gt;'.</msg>
<msg timestamp="20220901 22:03:54.504" level="INFO">${arquivo} = {
    "carrinho_valido": {
        "produtos": [
            {
            "idProduto": "BeeJh5lz3k6kSIzA",
            "quantidade": 1
            },
            {
            "idProduto": "K6leHdftC...</msg>
<status status="PASS" starttime="20220901 22:03:54.495" endtime="20220901 22:03:54.506"/>
</kw>
<kw name="Evaluate" library="BuiltIn">
<var>${data}</var>
<arg>json.loads('''${arquivo}''')</arg>
<arg>json</arg>
<doc>Evaluates the given expression in Python and returns the result.</doc>
<msg timestamp="20220901 22:03:54.508" level="INFO">${data} = {'carrinho_valido': {'produtos': [{'idProduto': 'BeeJh5lz3k6kSIzA', 'quantidade': 1}, {'idProduto': 'K6leHdftCeOJj8BJ', 'quantidade': 3}]}, 'carrinho_sem_produto': {'produtos': [{'idProduto': ' ', 'qu...</msg>
<status status="PASS" starttime="20220901 22:03:54.506" endtime="20220901 22:03:54.510"/>
</kw>
<msg timestamp="20220901 22:03:54.511" level="INFO">${json} = {'carrinho_valido': {'produtos': [{'idProduto': 'BeeJh5lz3k6kSIzA', 'quantidade': 1}, {'idProduto': 'K6leHdftCeOJj8BJ', 'quantidade': 3}]}, 'carrinho_sem_produto': {'produtos': [{'idProduto': ' ', 'qu...</msg>
<status status="PASS" starttime="20220901 22:03:54.493" endtime="20220901 22:03:54.517"/>
</kw>
<kw name="Set Variable" library="BuiltIn">
<var>${payload}</var>
<arg>${json["${carrinho}"]}</arg>
<doc>Returns the given values which can then be assigned to a variables.</doc>
<msg timestamp="20220901 22:03:54.520" level="INFO">${payload} = {'produtos': [{'idProduto': 'BeeJh5lz3k6kSIzA', 'quantidade': 1}, {'idProduto': 'K6leHdftCeOJj8BJ', 'quantidade': 3}]}</msg>
<status status="PASS" starttime="20220901 22:03:54.518" endtime="20220901 22:03:54.522"/>
</kw>
<kw name="Set Global Variable" library="BuiltIn">
<arg>${payload}</arg>
<doc>Makes a variable available globally in all tests and suites.</doc>
<msg timestamp="20220901 22:03:54.524" level="INFO">${payload} = {'produtos': [{'idProduto': 'BeeJh5lz3k6kSIzA', 'quantidade': 1}, {'idProduto': 'K6leHdftCeOJj8BJ', 'quantidade': 3}]}</msg>
<status status="PASS" starttime="20220901 22:03:54.522" endtime="20220901 22:03:54.526"/>
</kw>
<kw name="Log To Console" library="BuiltIn">
<arg>Response: ${payload}</arg>
<doc>Logs the given message to the console.</doc>
<status status="PASS" starttime="20220901 22:03:54.527" endtime="20220901 22:03:54.535"/>
</kw>
<status status="PASS" starttime="20220901 22:03:54.492" endtime="20220901 22:03:54.536"/>
</kw>
<kw name="POST Endpoint /carrinhos" library="carrinho_keywords">
<kw name="Create Dictionary" library="BuiltIn">
<var>&amp;{header}</var>
<arg>Authorization=${token_auth}</arg>
<doc>Creates and returns a dictionary based on the given ``items``.</doc>
<msg timestamp="20220901 22:03:54.539" level="INFO">&amp;{header} = { Authorization=Bearer eyJhbGciOiJIUzI1NiIsInR5cCI6IkpXVCJ9.eyJlbWFpbCI6ImZ1bGFub0BxYS5jb20iLCJwYXNzd29yZCI6InRlc3RlIiwiaWF0IjoxNjYyMDgwNjM0LCJleHAiOjE2NjIwODEyMzR9.QAk3gcCWIi35UE5w9xJEVrOwg_BdSuyJ6VR...</msg>
<status status="PASS" starttime="20220901 22:03:54.538" endtime="20220901 22:03:54.541"/>
</kw>
<kw name="POST On Session" library="RequestsLibrary">
<var>${response}</var>
<arg>serverest</arg>
<arg>/carrinhos</arg>
<arg>json=&amp;{payload}</arg>
<arg>headers=&amp;{header}</arg>
<arg>expected_status=any</arg>
<doc>Sends a POST request on a previously created HTTP Session.</doc>
<msg timestamp="20220901 22:03:54.557" level="INFO">POST Request : url=http://localhost:3000/carrinhos 
 path_url=/carrinhos 
 headers={'User-Agent': 'python-requests/2.27.1', 'Accept-Encoding': 'gzip, deflate', 'Accept': '*/*', 'Connection': 'keep-alive', 'Authorization': 'Bearer eyJhbGciOiJIUzI1NiIsInR5cCI6IkpXVCJ9.eyJlbWFpbCI6ImZ1bGFub0BxYS5jb20iLCJwYXNzd29yZCI6InRlc3RlIiwiaWF0IjoxNjYyMDgwNjM0LCJleHAiOjE2NjIwODEyMzR9.QAk3gcCWIi35UE5w9xJEVrOwg_BdSuyJ6VRbmPUMMG4', 'Content-Length': '118', 'Content-Type': 'application/json'} 
 body=b'{"produtos": [{"idProduto": "BeeJh5lz3k6kSIzA", "quantidade": 1}, {"idProduto": "K6leHdftCeOJj8BJ", "quantidade": 3}]}' 
 </msg>
<msg timestamp="20220901 22:03:54.559" level="INFO">POST Response : url=http://localhost:3000/carrinhos 
 status=201, reason=Created 
 headers={'Access-Control-Allow-Origin': '*', 'x-dns-prefetch-control': 'off', 'x-frame-options': 'SAMEORIGIN', 'strict-transport-security': 'max-age=15552000; includeSubDomains', 'x-download-options': 'noopen', 'x-content-type-options': 'nosniff', 'x-xss-protection': '1; mode=block', 'x-moesif-transaction-id': '5801aac6-63be-4dad-8258-5825400f6b5d', 'Content-Type': 'application/json; charset=utf-8', 'Content-Length': '82', 'Date': 'Fri, 02 Sep 2022 01:03:54 GMT', 'Connection': 'keep-alive', 'Keep-Alive': 'timeout=5'} 
 body={
    "message": "Cadastro realizado com sucesso",
    "_id": "DBYCOIflcjPDEUuo"
} 
 </msg>
<msg timestamp="20220901 22:03:54.561" level="INFO">${response} = &lt;Response [201]&gt;</msg>
<status status="PASS" starttime="20220901 22:03:54.542" endtime="20220901 22:03:54.567"/>
</kw>
<kw name="Log To Console" library="BuiltIn">
<arg>Response: ${response.content}</arg>
<doc>Logs the given message to the console.</doc>
<status status="PASS" starttime="20220901 22:03:54.568" endtime="20220901 22:03:54.571"/>
</kw>
<kw name="Set Global Variable" library="BuiltIn">
<arg>${response}</arg>
<doc>Makes a variable available globally in all tests and suites.</doc>
<msg timestamp="20220901 22:03:54.573" level="INFO">${response} = &lt;Response [201]&gt;</msg>
<status status="PASS" starttime="20220901 22:03:54.572" endtime="20220901 22:03:54.575"/>
</kw>
<if>
<branch type="IF" condition="&quot;${response.status_code}&quot; == &quot;201&quot;">
<kw name="Set Variable" library="BuiltIn">
<var>${id_carrinho}</var>
<arg>${response.json()["_id"]}</arg>
<doc>Returns the given values which can then be assigned to a variables.</doc>
<msg timestamp="20220901 22:03:54.581" level="INFO">${id_carrinho} = DBYCOIflcjPDEUuo</msg>
<status status="PASS" starttime="20220901 22:03:54.577" endtime="20220901 22:03:54.585"/>
</kw>
<kw name="Set Global Variable" library="BuiltIn">
<arg>${id_carrinho}</arg>
<doc>Makes a variable available globally in all tests and suites.</doc>
<msg timestamp="20220901 22:03:54.587" level="INFO">${id_carrinho} = DBYCOIflcjPDEUuo</msg>
<status status="PASS" starttime="20220901 22:03:54.586" endtime="20220901 22:03:54.589"/>
</kw>
<status status="PASS" starttime="20220901 22:03:54.576" endtime="20220901 22:03:54.590"/>
</branch>
<status status="PASS" starttime="20220901 22:03:54.575" endtime="20220901 22:03:54.590"/>
</if>
<status status="PASS" starttime="20220901 22:03:54.536" endtime="20220901 22:03:54.590"/>
</kw>
<status status="PASS" starttime="20220901 22:03:54.491" endtime="20220901 22:03:54.591"/>
</kw>
<kw name="Criar Carrinho Estatico Valido e Armazenar ID" library="carrinho_keywords">
<kw name="Selecionar Carrinho Estatico &quot;carrinho_valido&quot;" library="carrinho_keywords" sourcename="Selecionar Carrinho Estatico &quot;${carrinho}&quot;">
<kw name="Importar JSON Estatico" library="common">
<var>${json}</var>
<arg>json_carrinho_ex.json</arg>
<kw name="Get File" library="OperatingSystem">
<var>${arquivo}</var>
<arg>${EXECDIR}/support/fixtures/static/${nome_arquivo}</arg>
<doc>Returns the contents of a specified file.</doc>
<msg timestamp="20220901 22:03:54.602" level="INFO" html="true">Getting file '&lt;a href="file://D:\Pessoal\SENAC\Estágio\Compass\Sprint 5 - Robot-Framework em APIs\CHALLENGE\support\fixtures\static\json_carrinho_ex.json"&gt;D:\Pessoal\SENAC\Estágio\Compass\Sprint 5 - Robot-Framework em APIs\CHALLENGE\support\fixtures\static\json_carrinho_ex.json&lt;/a&gt;'.</msg>
<msg timestamp="20220901 22:03:54.605" level="INFO">${arquivo} = {
    "carrinho_valido": {
        "produtos": [
            {
            "idProduto": "BeeJh5lz3k6kSIzA",
            "quantidade": 1
            },
            {
            "idProduto": "K6leHdftC...</msg>
<status status="PASS" starttime="20220901 22:03:54.600" endtime="20220901 22:03:54.607"/>
</kw>
<kw name="Evaluate" library="BuiltIn">
<var>${data}</var>
<arg>json.loads('''${arquivo}''')</arg>
<arg>json</arg>
<doc>Evaluates the given expression in Python and returns the result.</doc>
<msg timestamp="20220901 22:03:54.609" level="INFO">${data} = {'carrinho_valido': {'produtos': [{'idProduto': 'BeeJh5lz3k6kSIzA', 'quantidade': 1}, {'idProduto': 'K6leHdftCeOJj8BJ', 'quantidade': 3}]}, 'carrinho_sem_produto': {'produtos': [{'idProduto': ' ', 'qu...</msg>
<status status="PASS" starttime="20220901 22:03:54.608" endtime="20220901 22:03:54.611"/>
</kw>
<msg timestamp="20220901 22:03:54.614" level="INFO">${json} = {'carrinho_valido': {'produtos': [{'idProduto': 'BeeJh5lz3k6kSIzA', 'quantidade': 1}, {'idProduto': 'K6leHdftCeOJj8BJ', 'quantidade': 3}]}, 'carrinho_sem_produto': {'produtos': [{'idProduto': ' ', 'qu...</msg>
<status status="PASS" starttime="20220901 22:03:54.594" endtime="20220901 22:03:54.619"/>
</kw>
<kw name="Set Variable" library="BuiltIn">
<var>${payload}</var>
<arg>${json["${carrinho}"]}</arg>
<doc>Returns the given values which can then be assigned to a variables.</doc>
<msg timestamp="20220901 22:03:54.621" level="INFO">${payload} = {'produtos': [{'idProduto': 'BeeJh5lz3k6kSIzA', 'quantidade': 1}, {'idProduto': 'K6leHdftCeOJj8BJ', 'quantidade': 3}]}</msg>
<status status="PASS" starttime="20220901 22:03:54.619" endtime="20220901 22:03:54.623"/>
</kw>
<kw name="Set Global Variable" library="BuiltIn">
<arg>${payload}</arg>
<doc>Makes a variable available globally in all tests and suites.</doc>
<msg timestamp="20220901 22:03:54.625" level="INFO">${payload} = {'produtos': [{'idProduto': 'BeeJh5lz3k6kSIzA', 'quantidade': 1}, {'idProduto': 'K6leHdftCeOJj8BJ', 'quantidade': 3}]}</msg>
<status status="PASS" starttime="20220901 22:03:54.623" endtime="20220901 22:03:54.626"/>
</kw>
<kw name="Log To Console" library="BuiltIn">
<arg>Response: ${payload}</arg>
<doc>Logs the given message to the console.</doc>
<status status="PASS" starttime="20220901 22:03:54.627" endtime="20220901 22:03:54.638"/>
</kw>
<status status="PASS" starttime="20220901 22:03:54.593" endtime="20220901 22:03:54.639"/>
</kw>
<kw name="POST Endpoint /carrinhos" library="carrinho_keywords">
<kw name="Create Dictionary" library="BuiltIn">
<var>&amp;{header}</var>
<arg>Authorization=${token_auth}</arg>
<doc>Creates and returns a dictionary based on the given ``items``.</doc>
<msg timestamp="20220901 22:03:54.641" level="INFO">&amp;{header} = { Authorization=Bearer eyJhbGciOiJIUzI1NiIsInR5cCI6IkpXVCJ9.eyJlbWFpbCI6ImZ1bGFub0BxYS5jb20iLCJwYXNzd29yZCI6InRlc3RlIiwiaWF0IjoxNjYyMDgwNjM0LCJleHAiOjE2NjIwODEyMzR9.QAk3gcCWIi35UE5w9xJEVrOwg_BdSuyJ6VR...</msg>
<status status="PASS" starttime="20220901 22:03:54.640" endtime="20220901 22:03:54.644"/>
</kw>
<kw name="POST On Session" library="RequestsLibrary">
<var>${response}</var>
<arg>serverest</arg>
<arg>/carrinhos</arg>
<arg>json=&amp;{payload}</arg>
<arg>headers=&amp;{header}</arg>
<arg>expected_status=any</arg>
<doc>Sends a POST request on a previously created HTTP Session.</doc>
<msg timestamp="20220901 22:03:54.659" level="INFO">POST Request : url=http://localhost:3000/carrinhos 
 path_url=/carrinhos 
 headers={'User-Agent': 'python-requests/2.27.1', 'Accept-Encoding': 'gzip, deflate', 'Accept': '*/*', 'Connection': 'keep-alive', 'Authorization': 'Bearer eyJhbGciOiJIUzI1NiIsInR5cCI6IkpXVCJ9.eyJlbWFpbCI6ImZ1bGFub0BxYS5jb20iLCJwYXNzd29yZCI6InRlc3RlIiwiaWF0IjoxNjYyMDgwNjM0LCJleHAiOjE2NjIwODEyMzR9.QAk3gcCWIi35UE5w9xJEVrOwg_BdSuyJ6VRbmPUMMG4', 'Content-Length': '118', 'Content-Type': 'application/json'} 
 body=b'{"produtos": [{"idProduto": "BeeJh5lz3k6kSIzA", "quantidade": 1}, {"idProduto": "K6leHdftCeOJj8BJ", "quantidade": 3}]}' 
 </msg>
<msg timestamp="20220901 22:03:54.661" level="INFO">POST Response : url=http://localhost:3000/carrinhos 
 status=400, reason=Bad Request 
 headers={'Access-Control-Allow-Origin': '*', 'x-dns-prefetch-control': 'off', 'x-frame-options': 'SAMEORIGIN', 'strict-transport-security': 'max-age=15552000; includeSubDomains', 'x-download-options': 'noopen', 'x-content-type-options': 'nosniff', 'x-xss-protection': '1; mode=block', 'x-moesif-transaction-id': 'db49118b-b6c3-4529-a90d-327fdc6574ef', 'Content-Type': 'application/json; charset=utf-8', 'Content-Length': '61', 'Date': 'Fri, 02 Sep 2022 01:03:54 GMT', 'Connection': 'keep-alive', 'Keep-Alive': 'timeout=5'} 
 body={
    "message": "Não é permitido ter mais de 1 carrinho"
} 
 </msg>
<msg timestamp="20220901 22:03:54.666" level="INFO">${response} = &lt;Response [400]&gt;</msg>
<status status="PASS" starttime="20220901 22:03:54.644" endtime="20220901 22:03:54.669"/>
</kw>
<kw name="Log To Console" library="BuiltIn">
<arg>Response: ${response.content}</arg>
<doc>Logs the given message to the console.</doc>
<status status="PASS" starttime="20220901 22:03:54.669" endtime="20220901 22:03:54.671"/>
</kw>
<kw name="Set Global Variable" library="BuiltIn">
<arg>${response}</arg>
<doc>Makes a variable available globally in all tests and suites.</doc>
<msg timestamp="20220901 22:03:54.673" level="INFO">${response} = &lt;Response [400]&gt;</msg>
<status status="PASS" starttime="20220901 22:03:54.672" endtime="20220901 22:03:54.676"/>
</kw>
<if>
<branch type="IF" condition="&quot;${response.status_code}&quot; == &quot;201&quot;">
<kw name="Set Variable" library="BuiltIn">
<var>${id_carrinho}</var>
<arg>${response.json()["_id"]}</arg>
<doc>Returns the given values which can then be assigned to a variables.</doc>
<status status="NOT RUN" starttime="20220901 22:03:54.681" endtime="20220901 22:03:54.683"/>
</kw>
<kw name="Set Global Variable" library="BuiltIn">
<arg>${id_carrinho}</arg>
<doc>Makes a variable available globally in all tests and suites.</doc>
<status status="NOT RUN" starttime="20220901 22:03:54.684" endtime="20220901 22:03:54.685"/>
</kw>
<status status="NOT RUN" starttime="20220901 22:03:54.677" endtime="20220901 22:03:54.685"/>
</branch>
<status status="PASS" starttime="20220901 22:03:54.676" endtime="20220901 22:03:54.686"/>
</if>
<status status="PASS" starttime="20220901 22:03:54.639" endtime="20220901 22:03:54.686"/>
</kw>
<status status="PASS" starttime="20220901 22:03:54.592" endtime="20220901 22:03:54.686"/>
</kw>
<kw name="Validar Status Code &quot;400&quot;" library="common" sourcename="Validar Status Code &quot;${statuscode}&quot;">
<kw name="Should Be True" library="BuiltIn">
<arg>${response.status_code} == ${statuscode}</arg>
<doc>Fails if the given condition is not true.</doc>
<status status="PASS" starttime="20220901 22:03:54.688" endtime="20220901 22:03:54.691"/>
</kw>
<kw name="Log To Console" library="BuiltIn">
<arg>Status Code Retornado: ${response.status_code}</arg>
<doc>Logs the given message to the console.</doc>
<status status="PASS" starttime="20220901 22:03:54.692" endtime="20220901 22:03:54.694"/>
</kw>
<status status="PASS" starttime="20220901 22:03:54.687" endtime="20220901 22:03:54.694"/>
</kw>
<kw name="Validar Mensagem &quot;Não é permitido ter mais de 1 carrinho&quot;" library="common" sourcename="Validar Mensagem &quot;${message}&quot;">
<kw name="Should Be Equal" library="BuiltIn">
<arg>${response.json()["message"]}</arg>
<arg>${message}</arg>
<doc>Fails if the given objects are unequal.</doc>
<status status="PASS" starttime="20220901 22:03:54.700" endtime="20220901 22:03:54.702"/>
</kw>
<status status="PASS" starttime="20220901 22:03:54.696" endtime="20220901 22:03:54.702"/>
</kw>
<kw name="DELETE Endpoint /carrinhos &quot;concluir-compra&quot;" library="carrinho_keywords" sourcename="DELETE Endpoint /carrinhos &quot;${deletar_carrinho}&quot;">
<kw name="Create Dictionary" library="BuiltIn">
<var>&amp;{header}</var>
<arg>Authorization=${token_auth}</arg>
<doc>Creates and returns a dictionary based on the given ``items``.</doc>
<msg timestamp="20220901 22:03:54.706" level="INFO">&amp;{header} = { Authorization=Bearer eyJhbGciOiJIUzI1NiIsInR5cCI6IkpXVCJ9.eyJlbWFpbCI6ImZ1bGFub0BxYS5jb20iLCJwYXNzd29yZCI6InRlc3RlIiwiaWF0IjoxNjYyMDgwNjM0LCJleHAiOjE2NjIwODEyMzR9.QAk3gcCWIi35UE5w9xJEVrOwg_BdSuyJ6VR...</msg>
<status status="PASS" starttime="20220901 22:03:54.704" endtime="20220901 22:03:54.707"/>
</kw>
<kw name="DELETE On Session" library="RequestsLibrary">
<var>${response}</var>
<arg>serverest</arg>
<arg>/carrinhos/${deletar_carrinho}</arg>
<arg>headers=&amp;{header}</arg>
<arg>expected_status=any</arg>
<doc>Sends a DELETE request on a previously created HTTP Session.</doc>
<msg timestamp="20220901 22:03:54.720" level="INFO">DELETE Request : url=http://localhost:3000/carrinhos/concluir-compra 
 path_url=/carrinhos/concluir-compra 
 headers={'User-Agent': 'python-requests/2.27.1', 'Accept-Encoding': 'gzip, deflate', 'Accept': '*/*', 'Connection': 'keep-alive', 'Authorization': 'Bearer eyJhbGciOiJIUzI1NiIsInR5cCI6IkpXVCJ9.eyJlbWFpbCI6ImZ1bGFub0BxYS5jb20iLCJwYXNzd29yZCI6InRlc3RlIiwiaWF0IjoxNjYyMDgwNjM0LCJleHAiOjE2NjIwODEyMzR9.QAk3gcCWIi35UE5w9xJEVrOwg_BdSuyJ6VRbmPUMMG4', 'Content-Length': '0'} 
 body=None 
 </msg>
<msg timestamp="20220901 22:03:54.722" level="INFO">DELETE Response : url=http://localhost:3000/carrinhos/concluir-compra 
 status=200, reason=OK 
 headers={'Access-Control-Allow-Origin': '*', 'x-dns-prefetch-control': 'off', 'x-frame-options': 'SAMEORIGIN', 'strict-transport-security': 'max-age=15552000; includeSubDomains', 'x-download-options': 'noopen', 'x-content-type-options': 'nosniff', 'x-xss-protection': '1; mode=block', 'x-moesif-transaction-id': '7787fea9-51ee-44e7-b54a-8a71f07e21f5', 'Content-Type': 'application/json; charset=utf-8', 'Content-Length': '51', 'Date': 'Fri, 02 Sep 2022 01:03:54 GMT', 'Connection': 'keep-alive', 'Keep-Alive': 'timeout=5'} 
 body={
    "message": "Registro excluído com sucesso"
} 
 </msg>
<msg timestamp="20220901 22:03:54.724" level="INFO">${response} = &lt;Response [200]&gt;</msg>
<status status="PASS" starttime="20220901 22:03:54.708" endtime="20220901 22:03:54.726"/>
</kw>
<kw name="Log To Console" library="BuiltIn">
<arg>Response: ${response.content}</arg>
<doc>Logs the given message to the console.</doc>
<status status="PASS" starttime="20220901 22:03:54.726" endtime="20220901 22:03:54.728"/>
</kw>
<kw name="Set Global Variable" library="BuiltIn">
<arg>${response}</arg>
<doc>Makes a variable available globally in all tests and suites.</doc>
<msg timestamp="20220901 22:03:54.734" level="INFO">${response} = &lt;Response [200]&gt;</msg>
<status status="PASS" starttime="20220901 22:03:54.730" endtime="20220901 22:03:54.736"/>
</kw>
<status status="PASS" starttime="20220901 22:03:54.703" endtime="20220901 22:03:54.736"/>
</kw>
<tag>POSTCARDUPLICADO</tag>
<status status="PASS" starttime="20220901 22:03:54.390" endtime="20220901 22:03:54.737"/>
</test>
<test id="s1-s1-s1-t4" name="Cenario 04: POST Criar Carrinho Produto Não Encontrado 400" line="30">
<kw name="Fazer Login e Armazenar Token" library="login_keywords">
<kw name="Selecionar Usuario Login &quot;user_valido&quot;" library="login_keywords" sourcename="Selecionar Usuario Login &quot;${user}&quot;">
<kw name="Importar JSON Estatico" library="common">
<var>${json}</var>
<arg>json_login_ex.json</arg>
<kw name="Get File" library="OperatingSystem">
<var>${arquivo}</var>
<arg>${EXECDIR}/support/fixtures/static/${nome_arquivo}</arg>
<doc>Returns the contents of a specified file.</doc>
<msg timestamp="20220901 22:03:54.752" level="INFO" html="true">Getting file '&lt;a href="file://D:\Pessoal\SENAC\Estágio\Compass\Sprint 5 - Robot-Framework em APIs\CHALLENGE\support\fixtures\static\json_login_ex.json"&gt;D:\Pessoal\SENAC\Estágio\Compass\Sprint 5 - Robot-Framework em APIs\CHALLENGE\support\fixtures\static\json_login_ex.json&lt;/a&gt;'.</msg>
<msg timestamp="20220901 22:03:54.754" level="INFO">${arquivo} = {   
    "user_valido": {
        "email":"fulano@qa.com",
        "password":"teste"
    },
    "user_email_invalido": {
        "email": "emailinexistente@gmail.com",
        "password":"teste"
    ...</msg>
<status status="PASS" starttime="20220901 22:03:54.750" endtime="20220901 22:03:54.755"/>
</kw>
<kw name="Evaluate" library="BuiltIn">
<var>${data}</var>
<arg>json.loads('''${arquivo}''')</arg>
<arg>json</arg>
<doc>Evaluates the given expression in Python and returns the result.</doc>
<msg timestamp="20220901 22:03:54.757" level="INFO">${data} = {'user_valido': {'email': 'fulano@qa.com', 'password': 'teste'}, 'user_email_invalido': {'email': 'emailinexistente@gmail.com', 'password': 'teste'}, 'user_senha_invalida': {'email': 'zequinha@qa.com....</msg>
<status status="PASS" starttime="20220901 22:03:54.756" endtime="20220901 22:03:54.759"/>
</kw>
<msg timestamp="20220901 22:03:54.760" level="INFO">${json} = {'user_valido': {'email': 'fulano@qa.com', 'password': 'teste'}, 'user_email_invalido': {'email': 'emailinexistente@gmail.com', 'password': 'teste'}, 'user_senha_invalida': {'email': 'zequinha@qa.com....</msg>
<status status="PASS" starttime="20220901 22:03:54.745" endtime="20220901 22:03:54.762"/>
</kw>
<kw name="Set Variable" library="BuiltIn">
<var>${payload}</var>
<arg>${json["${user}"]}</arg>
<doc>Returns the given values which can then be assigned to a variables.</doc>
<msg timestamp="20220901 22:03:54.769" level="INFO">${payload} = {'email': 'fulano@qa.com', 'password': 'teste'}</msg>
<status status="PASS" starttime="20220901 22:03:54.765" endtime="20220901 22:03:54.771"/>
</kw>
<kw name="Set Global Variable" library="BuiltIn">
<arg>${payload}</arg>
<doc>Makes a variable available globally in all tests and suites.</doc>
<msg timestamp="20220901 22:03:54.772" level="INFO">${payload} = {'email': 'fulano@qa.com', 'password': 'teste'}</msg>
<status status="PASS" starttime="20220901 22:03:54.771" endtime="20220901 22:03:54.774"/>
</kw>
<status status="PASS" starttime="20220901 22:03:54.744" endtime="20220901 22:03:54.775"/>
</kw>
<kw name="POST Endpoint /login" library="login_keywords">
<kw name="POST On Session" library="RequestsLibrary">
<var>${response}</var>
<arg>serverest</arg>
<arg>/login</arg>
<arg>json=&amp;{payload}</arg>
<arg>expected_status=any</arg>
<doc>Sends a POST request on a previously created HTTP Session.</doc>
<msg timestamp="20220901 22:03:54.786" level="INFO">POST Request : url=http://localhost:3000/login 
 path_url=/login 
 headers={'User-Agent': 'python-requests/2.27.1', 'Accept-Encoding': 'gzip, deflate', 'Accept': '*/*', 'Connection': 'keep-alive', 'Content-Length': '47', 'Content-Type': 'application/json'} 
 body=b'{"email": "fulano@qa.com", "password": "teste"}' 
 </msg>
<msg timestamp="20220901 22:03:54.788" level="INFO">POST Response : url=http://localhost:3000/login 
 status=200, reason=OK 
 headers={'Access-Control-Allow-Origin': '*', 'x-dns-prefetch-control': 'off', 'x-frame-options': 'SAMEORIGIN', 'strict-transport-security': 'max-age=15552000; includeSubDomains', 'x-download-options': 'noopen', 'x-content-type-options': 'nosniff', 'x-xss-protection': '1; mode=block', 'x-moesif-transaction-id': '363201d6-5432-41b4-af1c-9c40ddc7ad83', 'Content-Type': 'application/json; charset=utf-8', 'Content-Length': '265', 'Date': 'Fri, 02 Sep 2022 01:03:54 GMT', 'Connection': 'keep-alive', 'Keep-Alive': 'timeout=5'} 
 body={
    "message": "Login realizado com sucesso",
    "authorization": "Bearer eyJhbGciOiJIUzI1NiIsInR5cCI6IkpXVCJ9.eyJlbWFpbCI6ImZ1bGFub0BxYS5jb20iLCJwYXNzd29yZCI6InRlc3RlIiwiaWF0IjoxNjYyMDgwNjM0LCJleHAiOjE2NjIwODEyMzR9.QAk3gcCWIi35UE5w9xJEVrOwg_BdSuyJ6VRbmPUMMG4"
} 
 </msg>
<msg timestamp="20220901 22:03:54.790" level="INFO">${response} = &lt;Response [200]&gt;</msg>
<status status="PASS" starttime="20220901 22:03:54.776" endtime="20220901 22:03:54.792"/>
</kw>
<kw name="Log To Console" library="BuiltIn">
<arg>Response: ${response.content}</arg>
<doc>Logs the given message to the console.</doc>
<status status="PASS" starttime="20220901 22:03:54.792" endtime="20220901 22:03:54.800"/>
</kw>
<kw name="Set Global Variable" library="BuiltIn">
<arg>${response}</arg>
<doc>Makes a variable available globally in all tests and suites.</doc>
<msg timestamp="20220901 22:03:54.802" level="INFO">${response} = &lt;Response [200]&gt;</msg>
<status status="PASS" starttime="20220901 22:03:54.800" endtime="20220901 22:03:54.803"/>
</kw>
<status status="PASS" starttime="20220901 22:03:54.775" endtime="20220901 22:03:54.804"/>
</kw>
<kw name="Validar Ter Logado" library="login_keywords">
<kw name="Should Be Equal" library="BuiltIn">
<arg>${response.json()["message"]}</arg>
<arg>Login realizado com sucesso</arg>
<doc>Fails if the given objects are unequal.</doc>
<status status="PASS" starttime="20220901 22:03:54.805" endtime="20220901 22:03:54.807"/>
</kw>
<kw name="Should Not Be Empty" library="BuiltIn">
<arg>${response.json()["authorization"]}</arg>
<doc>Verifies that the given item is not empty.</doc>
<msg timestamp="20220901 22:03:54.809" level="INFO">Length is 192</msg>
<status status="PASS" starttime="20220901 22:03:54.807" endtime="20220901 22:03:54.810"/>
</kw>
<status status="PASS" starttime="20220901 22:03:54.804" endtime="20220901 22:03:54.811"/>
</kw>
<kw name="Armazenar Token" library="login_keywords">
<kw name="Set Variable" library="BuiltIn">
<var>${token_auth}</var>
<arg>${response.json()["authorization"]}</arg>
<doc>Returns the given values which can then be assigned to a variables.</doc>
<msg timestamp="20220901 22:03:54.820" level="INFO">${token_auth} = Bearer eyJhbGciOiJIUzI1NiIsInR5cCI6IkpXVCJ9.eyJlbWFpbCI6ImZ1bGFub0BxYS5jb20iLCJwYXNzd29yZCI6InRlc3RlIiwiaWF0IjoxNjYyMDgwNjM0LCJleHAiOjE2NjIwODEyMzR9.QAk3gcCWIi35UE5w9xJEVrOwg_BdSuyJ6VRbmPUMMG4</msg>
<status status="PASS" starttime="20220901 22:03:54.818" endtime="20220901 22:03:54.822"/>
</kw>
<kw name="Set Global Variable" library="BuiltIn">
<arg>${token_auth}</arg>
<doc>Makes a variable available globally in all tests and suites.</doc>
<msg timestamp="20220901 22:03:54.823" level="INFO">${token_auth} = Bearer eyJhbGciOiJIUzI1NiIsInR5cCI6IkpXVCJ9.eyJlbWFpbCI6ImZ1bGFub0BxYS5jb20iLCJwYXNzd29yZCI6InRlc3RlIiwiaWF0IjoxNjYyMDgwNjM0LCJleHAiOjE2NjIwODEyMzR9.QAk3gcCWIi35UE5w9xJEVrOwg_BdSuyJ6VRbmPUMMG4</msg>
<status status="PASS" starttime="20220901 22:03:54.822" endtime="20220901 22:03:54.825"/>
</kw>
<status status="PASS" starttime="20220901 22:03:54.815" endtime="20220901 22:03:54.826"/>
</kw>
<status status="PASS" starttime="20220901 22:03:54.743" endtime="20220901 22:03:54.827"/>
</kw>
<kw name="Selecionar Carrinho Estatico &quot;carrinho_sem_produto&quot;" library="carrinho_keywords" sourcename="Selecionar Carrinho Estatico &quot;${carrinho}&quot;">
<kw name="Importar JSON Estatico" library="common">
<var>${json}</var>
<arg>json_carrinho_ex.json</arg>
<kw name="Get File" library="OperatingSystem">
<var>${arquivo}</var>
<arg>${EXECDIR}/support/fixtures/static/${nome_arquivo}</arg>
<doc>Returns the contents of a specified file.</doc>
<msg timestamp="20220901 22:03:54.835" level="INFO" html="true">Getting file '&lt;a href="file://D:\Pessoal\SENAC\Estágio\Compass\Sprint 5 - Robot-Framework em APIs\CHALLENGE\support\fixtures\static\json_carrinho_ex.json"&gt;D:\Pessoal\SENAC\Estágio\Compass\Sprint 5 - Robot-Framework em APIs\CHALLENGE\support\fixtures\static\json_carrinho_ex.json&lt;/a&gt;'.</msg>
<msg timestamp="20220901 22:03:54.837" level="INFO">${arquivo} = {
    "carrinho_valido": {
        "produtos": [
            {
            "idProduto": "BeeJh5lz3k6kSIzA",
            "quantidade": 1
            },
            {
            "idProduto": "K6leHdftC...</msg>
<status status="PASS" starttime="20220901 22:03:54.834" endtime="20220901 22:03:54.839"/>
</kw>
<kw name="Evaluate" library="BuiltIn">
<var>${data}</var>
<arg>json.loads('''${arquivo}''')</arg>
<arg>json</arg>
<doc>Evaluates the given expression in Python and returns the result.</doc>
<msg timestamp="20220901 22:03:54.841" level="INFO">${data} = {'carrinho_valido': {'produtos': [{'idProduto': 'BeeJh5lz3k6kSIzA', 'quantidade': 1}, {'idProduto': 'K6leHdftCeOJj8BJ', 'quantidade': 3}]}, 'carrinho_sem_produto': {'produtos': [{'idProduto': ' ', 'qu...</msg>
<status status="PASS" starttime="20220901 22:03:54.839" endtime="20220901 22:03:54.842"/>
</kw>
<msg timestamp="20220901 22:03:54.843" level="INFO">${json} = {'carrinho_valido': {'produtos': [{'idProduto': 'BeeJh5lz3k6kSIzA', 'quantidade': 1}, {'idProduto': 'K6leHdftCeOJj8BJ', 'quantidade': 3}]}, 'carrinho_sem_produto': {'produtos': [{'idProduto': ' ', 'qu...</msg>
<status status="PASS" starttime="20220901 22:03:54.831" endtime="20220901 22:03:54.845"/>
</kw>
<kw name="Set Variable" library="BuiltIn">
<var>${payload}</var>
<arg>${json["${carrinho}"]}</arg>
<doc>Returns the given values which can then be assigned to a variables.</doc>
<msg timestamp="20220901 22:03:54.850" level="INFO">${payload} = {'produtos': [{'idProduto': ' ', 'quantidade': 1}, {'idProduto': 'K6leHdftCeOJj8BJ', 'quantidade': 3}]}</msg>
<status status="PASS" starttime="20220901 22:03:54.846" endtime="20220901 22:03:54.852"/>
</kw>
<kw name="Set Global Variable" library="BuiltIn">
<arg>${payload}</arg>
<doc>Makes a variable available globally in all tests and suites.</doc>
<msg timestamp="20220901 22:03:54.854" level="INFO">${payload} = {'produtos': [{'idProduto': ' ', 'quantidade': 1}, {'idProduto': 'K6leHdftCeOJj8BJ', 'quantidade': 3}]}</msg>
<status status="PASS" starttime="20220901 22:03:54.853" endtime="20220901 22:03:54.856"/>
</kw>
<kw name="Log To Console" library="BuiltIn">
<arg>Response: ${payload}</arg>
<doc>Logs the given message to the console.</doc>
<status status="PASS" starttime="20220901 22:03:54.856" endtime="20220901 22:03:54.858"/>
</kw>
<status status="PASS" starttime="20220901 22:03:54.828" endtime="20220901 22:03:54.858"/>
</kw>
<kw name="POST Endpoint /carrinhos" library="carrinho_keywords">
<kw name="Create Dictionary" library="BuiltIn">
<var>&amp;{header}</var>
<arg>Authorization=${token_auth}</arg>
<doc>Creates and returns a dictionary based on the given ``items``.</doc>
<msg timestamp="20220901 22:03:54.868" level="INFO">&amp;{header} = { Authorization=Bearer eyJhbGciOiJIUzI1NiIsInR5cCI6IkpXVCJ9.eyJlbWFpbCI6ImZ1bGFub0BxYS5jb20iLCJwYXNzd29yZCI6InRlc3RlIiwiaWF0IjoxNjYyMDgwNjM0LCJleHAiOjE2NjIwODEyMzR9.QAk3gcCWIi35UE5w9xJEVrOwg_BdSuyJ6VR...</msg>
<status status="PASS" starttime="20220901 22:03:54.865" endtime="20220901 22:03:54.870"/>
</kw>
<kw name="POST On Session" library="RequestsLibrary">
<var>${response}</var>
<arg>serverest</arg>
<arg>/carrinhos</arg>
<arg>json=&amp;{payload}</arg>
<arg>headers=&amp;{header}</arg>
<arg>expected_status=any</arg>
<doc>Sends a POST request on a previously created HTTP Session.</doc>
<msg timestamp="20220901 22:03:54.886" level="INFO">POST Request : url=http://localhost:3000/carrinhos 
 path_url=/carrinhos 
 headers={'User-Agent': 'python-requests/2.27.1', 'Accept-Encoding': 'gzip, deflate', 'Accept': '*/*', 'Connection': 'keep-alive', 'Authorization': 'Bearer eyJhbGciOiJIUzI1NiIsInR5cCI6IkpXVCJ9.eyJlbWFpbCI6ImZ1bGFub0BxYS5jb20iLCJwYXNzd29yZCI6InRlc3RlIiwiaWF0IjoxNjYyMDgwNjM0LCJleHAiOjE2NjIwODEyMzR9.QAk3gcCWIi35UE5w9xJEVrOwg_BdSuyJ6VRbmPUMMG4', 'Content-Length': '103', 'Content-Type': 'application/json'} 
 body=b'{"produtos": [{"idProduto": " ", "quantidade": 1}, {"idProduto": "K6leHdftCeOJj8BJ", "quantidade": 3}]}' 
 </msg>
<msg timestamp="20220901 22:03:54.888" level="INFO">POST Response : url=http://localhost:3000/carrinhos 
 status=400, reason=Bad Request 
 headers={'Access-Control-Allow-Origin': '*', 'x-dns-prefetch-control': 'off', 'x-frame-options': 'SAMEORIGIN', 'strict-transport-security': 'max-age=15552000; includeSubDomains', 'x-download-options': 'noopen', 'x-content-type-options': 'nosniff', 'x-xss-protection': '1; mode=block', 'x-moesif-transaction-id': 'f5b7ccc6-2f02-4731-99b2-49df319051d6', 'Content-Type': 'application/json; charset=utf-8', 'Content-Length': '135', 'Date': 'Fri, 02 Sep 2022 01:03:54 GMT', 'Connection': 'keep-alive', 'Keep-Alive': 'timeout=5'} 
 body={
    "message": "Produto não encontrado",
    "item": {
        "idProduto": " ",
        "quantidade": 1,
        "index": 0
    }
} 
 </msg>
<msg timestamp="20220901 22:03:54.890" level="INFO">${response} = &lt;Response [400]&gt;</msg>
<status status="PASS" starttime="20220901 22:03:54.871" endtime="20220901 22:03:54.892"/>
</kw>
<kw name="Log To Console" library="BuiltIn">
<arg>Response: ${response.content}</arg>
<doc>Logs the given message to the console.</doc>
<status status="PASS" starttime="20220901 22:03:54.892" endtime="20220901 22:03:54.901"/>
</kw>
<kw name="Set Global Variable" library="BuiltIn">
<arg>${response}</arg>
<doc>Makes a variable available globally in all tests and suites.</doc>
<msg timestamp="20220901 22:03:54.903" level="INFO">${response} = &lt;Response [400]&gt;</msg>
<status status="PASS" starttime="20220901 22:03:54.901" endtime="20220901 22:03:54.905"/>
</kw>
<if>
<branch type="IF" condition="&quot;${response.status_code}&quot; == &quot;201&quot;">
<kw name="Set Variable" library="BuiltIn">
<var>${id_carrinho}</var>
<arg>${response.json()["_id"]}</arg>
<doc>Returns the given values which can then be assigned to a variables.</doc>
<status status="NOT RUN" starttime="20220901 22:03:54.907" endtime="20220901 22:03:54.908"/>
</kw>
<kw name="Set Global Variable" library="BuiltIn">
<arg>${id_carrinho}</arg>
<doc>Makes a variable available globally in all tests and suites.</doc>
<status status="NOT RUN" starttime="20220901 22:03:54.908" endtime="20220901 22:03:54.909"/>
</kw>
<status status="NOT RUN" starttime="20220901 22:03:54.906" endtime="20220901 22:03:54.909"/>
</branch>
<status status="PASS" starttime="20220901 22:03:54.905" endtime="20220901 22:03:54.909"/>
</if>
<status status="PASS" starttime="20220901 22:03:54.860" endtime="20220901 22:03:54.910"/>
</kw>
<kw name="Validar Status Code &quot;400&quot;" library="common" sourcename="Validar Status Code &quot;${statuscode}&quot;">
<kw name="Should Be True" library="BuiltIn">
<arg>${response.status_code} == ${statuscode}</arg>
<doc>Fails if the given condition is not true.</doc>
<status status="PASS" starttime="20220901 22:03:54.918" endtime="20220901 22:03:54.921"/>
</kw>
<kw name="Log To Console" library="BuiltIn">
<arg>Status Code Retornado: ${response.status_code}</arg>
<doc>Logs the given message to the console.</doc>
<status status="PASS" starttime="20220901 22:03:54.922" endtime="20220901 22:03:54.925"/>
</kw>
<status status="PASS" starttime="20220901 22:03:54.915" endtime="20220901 22:03:54.926"/>
</kw>
<kw name="Validar Mensagem &quot;Produto não encontrado&quot;" library="common" sourcename="Validar Mensagem &quot;${message}&quot;">
<kw name="Should Be Equal" library="BuiltIn">
<arg>${response.json()["message"]}</arg>
<arg>${message}</arg>
<doc>Fails if the given objects are unequal.</doc>
<status status="PASS" starttime="20220901 22:03:54.936" endtime="20220901 22:03:54.938"/>
</kw>
<status status="PASS" starttime="20220901 22:03:54.935" endtime="20220901 22:03:54.939"/>
</kw>
<tag>POSTCARPROD</tag>
<status status="PASS" starttime="20220901 22:03:54.740" endtime="20220901 22:03:54.940"/>
</test>
<test id="s1-s1-s1-t5" name="Cenario 05: POST Criar Carrinho Produto Duplicado 400" line="38">
<kw name="Fazer Login e Armazenar Token" library="login_keywords">
<kw name="Selecionar Usuario Login &quot;user_valido&quot;" library="login_keywords" sourcename="Selecionar Usuario Login &quot;${user}&quot;">
<kw name="Importar JSON Estatico" library="common">
<var>${json}</var>
<arg>json_login_ex.json</arg>
<kw name="Get File" library="OperatingSystem">
<var>${arquivo}</var>
<arg>${EXECDIR}/support/fixtures/static/${nome_arquivo}</arg>
<doc>Returns the contents of a specified file.</doc>
<msg timestamp="20220901 22:03:54.957" level="INFO" html="true">Getting file '&lt;a href="file://D:\Pessoal\SENAC\Estágio\Compass\Sprint 5 - Robot-Framework em APIs\CHALLENGE\support\fixtures\static\json_login_ex.json"&gt;D:\Pessoal\SENAC\Estágio\Compass\Sprint 5 - Robot-Framework em APIs\CHALLENGE\support\fixtures\static\json_login_ex.json&lt;/a&gt;'.</msg>
<msg timestamp="20220901 22:03:54.959" level="INFO">${arquivo} = {   
    "user_valido": {
        "email":"fulano@qa.com",
        "password":"teste"
    },
    "user_email_invalido": {
        "email": "emailinexistente@gmail.com",
        "password":"teste"
    ...</msg>
<status status="PASS" starttime="20220901 22:03:54.956" endtime="20220901 22:03:54.961"/>
</kw>
<kw name="Evaluate" library="BuiltIn">
<var>${data}</var>
<arg>json.loads('''${arquivo}''')</arg>
<arg>json</arg>
<doc>Evaluates the given expression in Python and returns the result.</doc>
<msg timestamp="20220901 22:03:54.969" level="INFO">${data} = {'user_valido': {'email': 'fulano@qa.com', 'password': 'teste'}, 'user_email_invalido': {'email': 'emailinexistente@gmail.com', 'password': 'teste'}, 'user_senha_invalida': {'email': 'zequinha@qa.com....</msg>
<status status="PASS" starttime="20220901 22:03:54.962" endtime="20220901 22:03:54.971"/>
</kw>
<msg timestamp="20220901 22:03:54.972" level="INFO">${json} = {'user_valido': {'email': 'fulano@qa.com', 'password': 'teste'}, 'user_email_invalido': {'email': 'emailinexistente@gmail.com', 'password': 'teste'}, 'user_senha_invalida': {'email': 'zequinha@qa.com....</msg>
<status status="PASS" starttime="20220901 22:03:54.954" endtime="20220901 22:03:54.973"/>
</kw>
<kw name="Set Variable" library="BuiltIn">
<var>${payload}</var>
<arg>${json["${user}"]}</arg>
<doc>Returns the given values which can then be assigned to a variables.</doc>
<msg timestamp="20220901 22:03:54.976" level="INFO">${payload} = {'email': 'fulano@qa.com', 'password': 'teste'}</msg>
<status status="PASS" starttime="20220901 22:03:54.974" endtime="20220901 22:03:54.978"/>
</kw>
<kw name="Set Global Variable" library="BuiltIn">
<arg>${payload}</arg>
<doc>Makes a variable available globally in all tests and suites.</doc>
<msg timestamp="20220901 22:03:54.984" level="INFO">${payload} = {'email': 'fulano@qa.com', 'password': 'teste'}</msg>
<status status="PASS" starttime="20220901 22:03:54.980" endtime="20220901 22:03:54.986"/>
</kw>
<status status="PASS" starttime="20220901 22:03:54.953" endtime="20220901 22:03:54.987"/>
</kw>
<kw name="POST Endpoint /login" library="login_keywords">
<kw name="POST On Session" library="RequestsLibrary">
<var>${response}</var>
<arg>serverest</arg>
<arg>/login</arg>
<arg>json=&amp;{payload}</arg>
<arg>expected_status=any</arg>
<doc>Sends a POST request on a previously created HTTP Session.</doc>
<msg timestamp="20220901 22:03:54.998" level="INFO">POST Request : url=http://localhost:3000/login 
 path_url=/login 
 headers={'User-Agent': 'python-requests/2.27.1', 'Accept-Encoding': 'gzip, deflate', 'Accept': '*/*', 'Connection': 'keep-alive', 'Content-Length': '47', 'Content-Type': 'application/json'} 
 body=b'{"email": "fulano@qa.com", "password": "teste"}' 
 </msg>
<msg timestamp="20220901 22:03:55.003" level="INFO">POST Response : url=http://localhost:3000/login 
 status=200, reason=OK 
 headers={'Access-Control-Allow-Origin': '*', 'x-dns-prefetch-control': 'off', 'x-frame-options': 'SAMEORIGIN', 'strict-transport-security': 'max-age=15552000; includeSubDomains', 'x-download-options': 'noopen', 'x-content-type-options': 'nosniff', 'x-xss-protection': '1; mode=block', 'x-moesif-transaction-id': 'db27928c-9bae-415c-af70-2e835eaca572', 'Content-Type': 'application/json; charset=utf-8', 'Content-Length': '265', 'Date': 'Fri, 02 Sep 2022 01:03:54 GMT', 'Connection': 'keep-alive', 'Keep-Alive': 'timeout=5'} 
 body={
    "message": "Login realizado com sucesso",
    "authorization": "Bearer eyJhbGciOiJIUzI1NiIsInR5cCI6IkpXVCJ9.eyJlbWFpbCI6ImZ1bGFub0BxYS5jb20iLCJwYXNzd29yZCI6InRlc3RlIiwiaWF0IjoxNjYyMDgwNjM0LCJleHAiOjE2NjIwODEyMzR9.QAk3gcCWIi35UE5w9xJEVrOwg_BdSuyJ6VRbmPUMMG4"
} 
 </msg>
<msg timestamp="20220901 22:03:55.005" level="INFO">${response} = &lt;Response [200]&gt;</msg>
<status status="PASS" starttime="20220901 22:03:54.989" endtime="20220901 22:03:55.006"/>
</kw>
<kw name="Log To Console" library="BuiltIn">
<arg>Response: ${response.content}</arg>
<doc>Logs the given message to the console.</doc>
<status status="PASS" starttime="20220901 22:03:55.007" endtime="20220901 22:03:55.010"/>
</kw>
<kw name="Set Global Variable" library="BuiltIn">
<arg>${response}</arg>
<doc>Makes a variable available globally in all tests and suites.</doc>
<msg timestamp="20220901 22:03:55.015" level="INFO">${response} = &lt;Response [200]&gt;</msg>
<status status="PASS" starttime="20220901 22:03:55.011" endtime="20220901 22:03:55.019"/>
</kw>
<status status="PASS" starttime="20220901 22:03:54.988" endtime="20220901 22:03:55.019"/>
</kw>
<kw name="Validar Ter Logado" library="login_keywords">
<kw name="Should Be Equal" library="BuiltIn">
<arg>${response.json()["message"]}</arg>
<arg>Login realizado com sucesso</arg>
<doc>Fails if the given objects are unequal.</doc>
<status status="PASS" starttime="20220901 22:03:55.021" endtime="20220901 22:03:55.022"/>
</kw>
<kw name="Should Not Be Empty" library="BuiltIn">
<arg>${response.json()["authorization"]}</arg>
<doc>Verifies that the given item is not empty.</doc>
<msg timestamp="20220901 22:03:55.024" level="INFO">Length is 192</msg>
<status status="PASS" starttime="20220901 22:03:55.023" endtime="20220901 22:03:55.026"/>
</kw>
<status status="PASS" starttime="20220901 22:03:55.020" endtime="20220901 22:03:55.027"/>
</kw>
<kw name="Armazenar Token" library="login_keywords">
<kw name="Set Variable" library="BuiltIn">
<var>${token_auth}</var>
<arg>${response.json()["authorization"]}</arg>
<doc>Returns the given values which can then be assigned to a variables.</doc>
<msg timestamp="20220901 22:03:55.035" level="INFO">${token_auth} = Bearer eyJhbGciOiJIUzI1NiIsInR5cCI6IkpXVCJ9.eyJlbWFpbCI6ImZ1bGFub0BxYS5jb20iLCJwYXNzd29yZCI6InRlc3RlIiwiaWF0IjoxNjYyMDgwNjM0LCJleHAiOjE2NjIwODEyMzR9.QAk3gcCWIi35UE5w9xJEVrOwg_BdSuyJ6VRbmPUMMG4</msg>
<status status="PASS" starttime="20220901 22:03:55.030" endtime="20220901 22:03:55.037"/>
</kw>
<kw name="Set Global Variable" library="BuiltIn">
<arg>${token_auth}</arg>
<doc>Makes a variable available globally in all tests and suites.</doc>
<msg timestamp="20220901 22:03:55.038" level="INFO">${token_auth} = Bearer eyJhbGciOiJIUzI1NiIsInR5cCI6IkpXVCJ9.eyJlbWFpbCI6ImZ1bGFub0BxYS5jb20iLCJwYXNzd29yZCI6InRlc3RlIiwiaWF0IjoxNjYyMDgwNjM0LCJleHAiOjE2NjIwODEyMzR9.QAk3gcCWIi35UE5w9xJEVrOwg_BdSuyJ6VRbmPUMMG4</msg>
<status status="PASS" starttime="20220901 22:03:55.037" endtime="20220901 22:03:55.040"/>
</kw>
<status status="PASS" starttime="20220901 22:03:55.027" endtime="20220901 22:03:55.041"/>
</kw>
<status status="PASS" starttime="20220901 22:03:54.952" endtime="20220901 22:03:55.041"/>
</kw>
<kw name="Selecionar Carrinho Estatico &quot;carrinho_produto_duplicado&quot;" library="carrinho_keywords" sourcename="Selecionar Carrinho Estatico &quot;${carrinho}&quot;">
<kw name="Importar JSON Estatico" library="common">
<var>${json}</var>
<arg>json_carrinho_ex.json</arg>
<kw name="Get File" library="OperatingSystem">
<var>${arquivo}</var>
<arg>${EXECDIR}/support/fixtures/static/${nome_arquivo}</arg>
<doc>Returns the contents of a specified file.</doc>
<msg timestamp="20220901 22:03:55.048" level="INFO" html="true">Getting file '&lt;a href="file://D:\Pessoal\SENAC\Estágio\Compass\Sprint 5 - Robot-Framework em APIs\CHALLENGE\support\fixtures\static\json_carrinho_ex.json"&gt;D:\Pessoal\SENAC\Estágio\Compass\Sprint 5 - Robot-Framework em APIs\CHALLENGE\support\fixtures\static\json_carrinho_ex.json&lt;/a&gt;'.</msg>
<msg timestamp="20220901 22:03:55.052" level="INFO">${arquivo} = {
    "carrinho_valido": {
        "produtos": [
            {
            "idProduto": "BeeJh5lz3k6kSIzA",
            "quantidade": 1
            },
            {
            "idProduto": "K6leHdftC...</msg>
<status status="PASS" starttime="20220901 22:03:55.045" endtime="20220901 22:03:55.053"/>
</kw>
<kw name="Evaluate" library="BuiltIn">
<var>${data}</var>
<arg>json.loads('''${arquivo}''')</arg>
<arg>json</arg>
<doc>Evaluates the given expression in Python and returns the result.</doc>
<msg timestamp="20220901 22:03:55.055" level="INFO">${data} = {'carrinho_valido': {'produtos': [{'idProduto': 'BeeJh5lz3k6kSIzA', 'quantidade': 1}, {'idProduto': 'K6leHdftCeOJj8BJ', 'quantidade': 3}]}, 'carrinho_sem_produto': {'produtos': [{'idProduto': ' ', 'qu...</msg>
<status status="PASS" starttime="20220901 22:03:55.054" endtime="20220901 22:03:55.057"/>
</kw>
<msg timestamp="20220901 22:03:55.058" level="INFO">${json} = {'carrinho_valido': {'produtos': [{'idProduto': 'BeeJh5lz3k6kSIzA', 'quantidade': 1}, {'idProduto': 'K6leHdftCeOJj8BJ', 'quantidade': 3}]}, 'carrinho_sem_produto': {'produtos': [{'idProduto': ' ', 'qu...</msg>
<status status="PASS" starttime="20220901 22:03:55.043" endtime="20220901 22:03:55.060"/>
</kw>
<kw name="Set Variable" library="BuiltIn">
<var>${payload}</var>
<arg>${json["${carrinho}"]}</arg>
<doc>Returns the given values which can then be assigned to a variables.</doc>
<msg timestamp="20220901 22:03:55.065" level="INFO">${payload} = {'produtos': [{'idProduto': 'BeeJh5lz3k6kSIzA', 'quantidade': '1'}, {'idProduto': 'BeeJh5lz3k6kSIzA', 'quantidade': 3}]}</msg>
<status status="PASS" starttime="20220901 22:03:55.061" endtime="20220901 22:03:55.068"/>
</kw>
<kw name="Set Global Variable" library="BuiltIn">
<arg>${payload}</arg>
<doc>Makes a variable available globally in all tests and suites.</doc>
<msg timestamp="20220901 22:03:55.070" level="INFO">${payload} = {'produtos': [{'idProduto': 'BeeJh5lz3k6kSIzA', 'quantidade': '1'}, {'idProduto': 'BeeJh5lz3k6kSIzA', 'quantidade': 3}]}</msg>
<status status="PASS" starttime="20220901 22:03:55.069" endtime="20220901 22:03:55.072"/>
</kw>
<kw name="Log To Console" library="BuiltIn">
[...]
<arg>${response}</arg>
<doc>Makes a variable available globally in all tests and suites.</doc>
<msg timestamp="20220901 22:03:57.008" level="INFO">${response} = &lt;Response [400]&gt;</msg>
<status status="PASS" starttime="20220901 22:03:57.007" endtime="20220901 22:03:57.011"/>
</kw>
<kw name="Log To Console" library="BuiltIn">
<arg>Response: ${response.content}</arg>
<doc>Logs the given message to the console.</doc>
<status status="PASS" starttime="20220901 22:03:57.012" endtime="20220901 22:03:57.016"/>
</kw>
<status status="PASS" starttime="20220901 22:03:56.992" endtime="20220901 22:03:57.016"/>
</kw>
<kw name="Should Be Equal" library="BuiltIn">
<arg>${response.json()["message"]}</arg>
<arg>Carrinho não encontrado</arg>
<doc>Fails if the given objects are unequal.</doc>
<status status="PASS" starttime="20220901 22:03:57.017" endtime="20220901 22:03:57.020"/>
</kw>
<status status="PASS" starttime="20220901 22:03:56.990" endtime="20220901 22:03:57.021"/>
</kw>
<tag>CANCELARCAR</tag>
<status status="PASS" starttime="20220901 22:03:56.690" endtime="20220901 22:03:57.022"/>
</test>
<test id="s1-s1-s1-t14" name="Cenario 14: DELETE Carrinho Cancelar Compra 200" line="109">
<kw name="Fazer Login e Armazenar Token" library="login_keywords">
<kw name="Selecionar Usuario Login &quot;user_valido&quot;" library="login_keywords" sourcename="Selecionar Usuario Login &quot;${user}&quot;">
<kw name="Importar JSON Estatico" library="common">
<var>${json}</var>
<arg>json_login_ex.json</arg>
<kw name="Get File" library="OperatingSystem">
<var>${arquivo}</var>
<arg>${EXECDIR}/support/fixtures/static/${nome_arquivo}</arg>
<doc>Returns the contents of a specified file.</doc>
<msg timestamp="20220901 22:03:57.035" level="INFO" html="true">Getting file '&lt;a href="file://D:\Pessoal\SENAC\Estágio\Compass\Sprint 5 - Robot-Framework em APIs\CHALLENGE\support\fixtures\static\json_login_ex.json"&gt;D:\Pessoal\SENAC\Estágio\Compass\Sprint 5 - Robot-Framework em APIs\CHALLENGE\support\fixtures\static\json_login_ex.json&lt;/a&gt;'.</msg>
<msg timestamp="20220901 22:03:57.037" level="INFO">${arquivo} = {   
    "user_valido": {
        "email":"fulano@qa.com",
        "password":"teste"
    },
    "user_email_invalido": {
        "email": "emailinexistente@gmail.com",
        "password":"teste"
    ...</msg>
<status status="PASS" starttime="20220901 22:03:57.033" endtime="20220901 22:03:57.038"/>
</kw>
<kw name="Evaluate" library="BuiltIn">
<var>${data}</var>
<arg>json.loads('''${arquivo}''')</arg>
<arg>json</arg>
<doc>Evaluates the given expression in Python and returns the result.</doc>
<msg timestamp="20220901 22:03:57.040" level="INFO">${data} = {'user_valido': {'email': 'fulano@qa.com', 'password': 'teste'}, 'user_email_invalido': {'email': 'emailinexistente@gmail.com', 'password': 'teste'}, 'user_senha_invalida': {'email': 'zequinha@qa.com....</msg>
<status status="PASS" starttime="20220901 22:03:57.039" endtime="20220901 22:03:57.042"/>
</kw>
<msg timestamp="20220901 22:03:57.042" level="INFO">${json} = {'user_valido': {'email': 'fulano@qa.com', 'password': 'teste'}, 'user_email_invalido': {'email': 'emailinexistente@gmail.com', 'password': 'teste'}, 'user_senha_invalida': {'email': 'zequinha@qa.com....</msg>
<status status="PASS" starttime="20220901 22:03:57.032" endtime="20220901 22:03:57.047"/>
</kw>
<kw name="Set Variable" library="BuiltIn">
<var>${payload}</var>
<arg>${json["${user}"]}</arg>
<doc>Returns the given values which can then be assigned to a variables.</doc>
<msg timestamp="20220901 22:03:57.053" level="INFO">${payload} = {'email': 'fulano@qa.com', 'password': 'teste'}</msg>
<status status="PASS" starttime="20220901 22:03:57.051" endtime="20220901 22:03:57.055"/>
</kw>
<kw name="Set Global Variable" library="BuiltIn">
<arg>${payload}</arg>
<doc>Makes a variable available globally in all tests and suites.</doc>
<msg timestamp="20220901 22:03:57.056" level="INFO">${payload} = {'email': 'fulano@qa.com', 'password': 'teste'}</msg>
<status status="PASS" starttime="20220901 22:03:57.055" endtime="20220901 22:03:57.058"/>
</kw>
<status status="PASS" starttime="20220901 22:03:57.028" endtime="20220901 22:03:57.059"/>
</kw>
<kw name="POST Endpoint /login" library="login_keywords">
<kw name="POST On Session" library="RequestsLibrary">
<var>${response}</var>
<arg>serverest</arg>
<arg>/login</arg>
<arg>json=&amp;{payload}</arg>
<arg>expected_status=any</arg>
<doc>Sends a POST request on a previously created HTTP Session.</doc>
<msg timestamp="20220901 22:03:57.072" level="INFO">POST Request : url=http://localhost:3000/login 
 path_url=/login 
 headers={'User-Agent': 'python-requests/2.27.1', 'Accept-Encoding': 'gzip, deflate', 'Accept': '*/*', 'Connection': 'keep-alive', 'Content-Length': '47', 'Content-Type': 'application/json'} 
 body=b'{"email": "fulano@qa.com", "password": "teste"}' 
 </msg>
<msg timestamp="20220901 22:03:57.074" level="INFO">POST Response : url=http://localhost:3000/login 
 status=200, reason=OK 
 headers={'Access-Control-Allow-Origin': '*', 'x-dns-prefetch-control': 'off', 'x-frame-options': 'SAMEORIGIN', 'strict-transport-security': 'max-age=15552000; includeSubDomains', 'x-download-options': 'noopen', 'x-content-type-options': 'nosniff', 'x-xss-protection': '1; mode=block', 'x-moesif-transaction-id': 'b062f753-6805-4c46-a6a4-1220ed3ec9b7', 'Content-Type': 'application/json; charset=utf-8', 'Content-Length': '265', 'Date': 'Fri, 02 Sep 2022 01:03:57 GMT', 'Connection': 'keep-alive', 'Keep-Alive': 'timeout=5'} 
 body={
    "message": "Login realizado com sucesso",
    "authorization": "Bearer eyJhbGciOiJIUzI1NiIsInR5cCI6IkpXVCJ9.eyJlbWFpbCI6ImZ1bGFub0BxYS5jb20iLCJwYXNzd29yZCI6InRlc3RlIiwiaWF0IjoxNjYyMDgwNjM3LCJleHAiOjE2NjIwODEyMzd9.JRSmTakkFMVzxx-7f2PwGlopxXYO938eTkfcPPHxvlk"
} 
 </msg>
<msg timestamp="20220901 22:03:57.076" level="INFO">${response} = &lt;Response [200]&gt;</msg>
<status status="PASS" starttime="20220901 22:03:57.060" endtime="20220901 22:03:57.078"/>
</kw>
<kw name="Log To Console" library="BuiltIn">
<arg>Response: ${response.content}</arg>
<doc>Logs the given message to the console.</doc>
<status status="PASS" starttime="20220901 22:03:57.082" endtime="20220901 22:03:57.086"/>
</kw>
<kw name="Set Global Variable" library="BuiltIn">
<arg>${response}</arg>
<doc>Makes a variable available globally in all tests and suites.</doc>
<msg timestamp="20220901 22:03:57.087" level="INFO">${response} = &lt;Response [200]&gt;</msg>
<status status="PASS" starttime="20220901 22:03:57.087" endtime="20220901 22:03:57.089"/>
</kw>
<status status="PASS" starttime="20220901 22:03:57.059" endtime="20220901 22:03:57.090"/>
</kw>
<kw name="Validar Ter Logado" library="login_keywords">
<kw name="Should Be Equal" library="BuiltIn">
<arg>${response.json()["message"]}</arg>
<arg>Login realizado com sucesso</arg>
<doc>Fails if the given objects are unequal.</doc>
<status status="PASS" starttime="20220901 22:03:57.091" endtime="20220901 22:03:57.093"/>
</kw>
<kw name="Should Not Be Empty" library="BuiltIn">
<arg>${response.json()["authorization"]}</arg>
<doc>Verifies that the given item is not empty.</doc>
<msg timestamp="20220901 22:03:57.100" level="INFO">Length is 192</msg>
<status status="PASS" starttime="20220901 22:03:57.093" endtime="20220901 22:03:57.103"/>
</kw>
<status status="PASS" starttime="20220901 22:03:57.090" endtime="20220901 22:03:57.104"/>
</kw>
<kw name="Armazenar Token" library="login_keywords">
<kw name="Set Variable" library="BuiltIn">
<var>${token_auth}</var>
<arg>${response.json()["authorization"]}</arg>
<doc>Returns the given values which can then be assigned to a variables.</doc>
<msg timestamp="20220901 22:03:57.107" level="INFO">${token_auth} = Bearer eyJhbGciOiJIUzI1NiIsInR5cCI6IkpXVCJ9.eyJlbWFpbCI6ImZ1bGFub0BxYS5jb20iLCJwYXNzd29yZCI6InRlc3RlIiwiaWF0IjoxNjYyMDgwNjM3LCJleHAiOjE2NjIwODEyMzd9.JRSmTakkFMVzxx-7f2PwGlopxXYO938eTkfcPPHxvlk</msg>
<status status="PASS" starttime="20220901 22:03:57.105" endtime="20220901 22:03:57.109"/>
</kw>
<kw name="Set Global Variable" library="BuiltIn">
<arg>${token_auth}</arg>
<doc>Makes a variable available globally in all tests and suites.</doc>
<msg timestamp="20220901 22:03:57.113" level="INFO">${token_auth} = Bearer eyJhbGciOiJIUzI1NiIsInR5cCI6IkpXVCJ9.eyJlbWFpbCI6ImZ1bGFub0BxYS5jb20iLCJwYXNzd29yZCI6InRlc3RlIiwiaWF0IjoxNjYyMDgwNjM3LCJleHAiOjE2NjIwODEyMzd9.JRSmTakkFMVzxx-7f2PwGlopxXYO938eTkfcPPHxvlk</msg>
<status status="PASS" starttime="20220901 22:03:57.110" endtime="20220901 22:03:57.116"/>
</kw>
<status status="PASS" starttime="20220901 22:03:57.104" endtime="20220901 22:03:57.117"/>
</kw>
<status status="PASS" starttime="20220901 22:03:57.027" endtime="20220901 22:03:57.117"/>
</kw>
<kw name="DELETE Endpoint /carrinhos &quot;cancelar-compra&quot;" library="carrinho_keywords" sourcename="DELETE Endpoint /carrinhos &quot;${deletar_carrinho}&quot;">
<kw name="Create Dictionary" library="BuiltIn">
<var>&amp;{header}</var>
<arg>Authorization=${token_auth}</arg>
<doc>Creates and returns a dictionary based on the given ``items``.</doc>
<msg timestamp="20220901 22:03:57.120" level="INFO">&amp;{header} = { Authorization=Bearer eyJhbGciOiJIUzI1NiIsInR5cCI6IkpXVCJ9.eyJlbWFpbCI6ImZ1bGFub0BxYS5jb20iLCJwYXNzd29yZCI6InRlc3RlIiwiaWF0IjoxNjYyMDgwNjM3LCJleHAiOjE2NjIwODEyMzd9.JRSmTakkFMVzxx-7f2PwGlopxXYO938eTkf...</msg>
<status status="PASS" starttime="20220901 22:03:57.119" endtime="20220901 22:03:57.122"/>
</kw>
<kw name="DELETE On Session" library="RequestsLibrary">
<var>${response}</var>
<arg>serverest</arg>
<arg>/carrinhos/${deletar_carrinho}</arg>
<arg>headers=&amp;{header}</arg>
<arg>expected_status=any</arg>
<doc>Sends a DELETE request on a previously created HTTP Session.</doc>
<msg timestamp="20220901 22:03:57.128" level="INFO">DELETE Request : url=http://localhost:3000/carrinhos/cancelar-compra 
 path_url=/carrinhos/cancelar-compra 
 headers={'User-Agent': 'python-requests/2.27.1', 'Accept-Encoding': 'gzip, deflate', 'Accept': '*/*', 'Connection': 'keep-alive', 'Authorization': 'Bearer eyJhbGciOiJIUzI1NiIsInR5cCI6IkpXVCJ9.eyJlbWFpbCI6ImZ1bGFub0BxYS5jb20iLCJwYXNzd29yZCI6InRlc3RlIiwiaWF0IjoxNjYyMDgwNjM3LCJleHAiOjE2NjIwODEyMzd9.JRSmTakkFMVzxx-7f2PwGlopxXYO938eTkfcPPHxvlk', 'Content-Length': '0'} 
 body=None 
 </msg>
<msg timestamp="20220901 22:03:57.132" level="INFO">DELETE Response : url=http://localhost:3000/carrinhos/cancelar-compra 
 status=200, reason=OK 
 headers={'Access-Control-Allow-Origin': '*', 'x-dns-prefetch-control': 'off', 'x-frame-options': 'SAMEORIGIN', 'strict-transport-security': 'max-age=15552000; includeSubDomains', 'x-download-options': 'noopen', 'x-content-type-options': 'nosniff', 'x-xss-protection': '1; mode=block', 'x-moesif-transaction-id': 'c91ba04e-86eb-4b56-80b1-e2f8760baa54', 'Content-Type': 'application/json; charset=utf-8', 'Content-Length': '68', 'Date': 'Fri, 02 Sep 2022 01:03:57 GMT', 'Connection': 'keep-alive', 'Keep-Alive': 'timeout=5'} 
 body={
    "message": "Não foi encontrado carrinho para esse usuário"
} 
 </msg>
<msg timestamp="20220901 22:03:57.134" level="INFO">${response} = &lt;Response [200]&gt;</msg>
<status status="PASS" starttime="20220901 22:03:57.123" endtime="20220901 22:03:57.136"/>
</kw>
<kw name="Log To Console" library="BuiltIn">
<arg>Response: ${response.content}</arg>
<doc>Logs the given message to the console.</doc>
<status status="PASS" starttime="20220901 22:03:57.137" endtime="20220901 22:03:57.140"/>
</kw>
<kw name="Set Global Variable" library="BuiltIn">
<arg>${response}</arg>
<doc>Makes a variable available globally in all tests and suites.</doc>
<msg timestamp="20220901 22:03:57.141" level="INFO">${response} = &lt;Response [200]&gt;</msg>
<status status="PASS" starttime="20220901 22:03:57.140" endtime="20220901 22:03:57.143"/>
</kw>
<status status="PASS" starttime="20220901 22:03:57.118" endtime="20220901 22:03:57.143"/>
</kw>
<kw name="Validar Status Code &quot;200&quot;" library="common" sourcename="Validar Status Code &quot;${statuscode}&quot;">
<kw name="Should Be True" library="BuiltIn">
<arg>${response.status_code} == ${statuscode}</arg>
<doc>Fails if the given condition is not true.</doc>
<status status="PASS" starttime="20220901 22:03:57.203" endtime="20220901 22:03:57.207"/>
</kw>
<kw name="Log To Console" library="BuiltIn">
<arg>Status Code Retornado: ${response.status_code}</arg>
<doc>Logs the given message to the console.</doc>
<status status="PASS" starttime="20220901 22:03:57.207" endtime="20220901 22:03:57.221"/>
</kw>
<status status="PASS" starttime="20220901 22:03:57.202" endtime="20220901 22:03:57.222"/>
</kw>
<kw name="Validar Mensagem &quot;Não foi encontrado carrinho para esse usuário&quot;" library="common" sourcename="Validar Mensagem &quot;${message}&quot;">
<kw name="Should Be Equal" library="BuiltIn">
<arg>${response.json()["message"]}</arg>
<arg>${message}</arg>
<doc>Fails if the given objects are unequal.</doc>
<status status="PASS" starttime="20220901 22:03:57.243" endtime="20220901 22:03:57.251"/>
</kw>
<status status="PASS" starttime="20220901 22:03:57.242" endtime="20220901 22:03:57.251"/>
</kw>
<tag>CANCELARCARINVALIDO</tag>
<status status="PASS" starttime="20220901 22:03:57.025" endtime="20220901 22:03:57.283"/>
</test>
<test id="s1-s1-s1-t15" name="Cenario 15: DELETE Carrinho Cancelar Compra Token Inválido 401" line="116">
<kw name="Selecionar Token Invalido" library="common">
<kw name="Set Variable" library="BuiltIn">
<var>${token_auth}</var>
<arg>12563737</arg>
<doc>Returns the given values which can then be assigned to a variables.</doc>
<msg timestamp="20220901 22:03:57.292" level="INFO">${token_auth} = 12563737</msg>
<status status="PASS" starttime="20220901 22:03:57.291" endtime="20220901 22:03:57.294"/>
</kw>
<kw name="Set Global Variable" library="BuiltIn">
<arg>${token_auth}</arg>
<doc>Makes a variable available globally in all tests and suites.</doc>
<msg timestamp="20220901 22:03:57.298" level="INFO">${token_auth} = 12563737</msg>
<status status="PASS" starttime="20220901 22:03:57.294" endtime="20220901 22:03:57.302"/>
</kw>
<status status="PASS" starttime="20220901 22:03:57.290" endtime="20220901 22:03:57.303"/>
</kw>
<kw name="DELETE Endpoint /carrinhos &quot;cancelar-compra&quot;" library="carrinho_keywords" sourcename="DELETE Endpoint /carrinhos &quot;${deletar_carrinho}&quot;">
<kw name="Create Dictionary" library="BuiltIn">
<var>&amp;{header}</var>
<arg>Authorization=${token_auth}</arg>
<doc>Creates and returns a dictionary based on the given ``items``.</doc>
<msg timestamp="20220901 22:03:57.323" level="INFO">&amp;{header} = { Authorization=12563737 }</msg>
<status status="PASS" starttime="20220901 22:03:57.319" endtime="20220901 22:03:57.325"/>
</kw>
<kw name="DELETE On Session" library="RequestsLibrary">
<var>${response}</var>
<arg>serverest</arg>
<arg>/carrinhos/${deletar_carrinho}</arg>
<arg>headers=&amp;{header}</arg>
<arg>expected_status=any</arg>
<doc>Sends a DELETE request on a previously created HTTP Session.</doc>
<msg timestamp="20220901 22:03:57.335" level="INFO">DELETE Request : url=http://localhost:3000/carrinhos/cancelar-compra 
 path_url=/carrinhos/cancelar-compra 
 headers={'User-Agent': 'python-requests/2.27.1', 'Accept-Encoding': 'gzip, deflate', 'Accept': '*/*', 'Connection': 'keep-alive', 'Authorization': '12563737', 'Content-Length': '0'} 
 body=None 
 </msg>
<msg timestamp="20220901 22:03:57.337" level="INFO">DELETE Response : url=http://localhost:3000/carrinhos/cancelar-compra 
 status=401, reason=Unauthorized 
 headers={'Access-Control-Allow-Origin': '*', 'x-dns-prefetch-control': 'off', 'x-frame-options': 'SAMEORIGIN', 'strict-transport-security': 'max-age=15552000; includeSubDomains', 'x-download-options': 'noopen', 'x-content-type-options': 'nosniff', 'x-xss-protection': '1; mode=block', 'x-moesif-transaction-id': 'bbee5961-0c20-4a20-831c-e1241f7dd4a0', 'Content-Type': 'application/json; charset=utf-8', 'Content-Length': '103', 'Date': 'Fri, 02 Sep 2022 01:03:57 GMT', 'Connection': 'keep-alive', 'Keep-Alive': 'timeout=5'} 
 body={
    "message": "Token de acesso ausente, inválido, expirado ou usuário do token não existe mais"
} 
 </msg>
<msg timestamp="20220901 22:03:57.339" level="INFO">${response} = &lt;Response [401]&gt;</msg>
<status status="PASS" starttime="20220901 22:03:57.326" endtime="20220901 22:03:57.341"/>
</kw>
<kw name="Log To Console" library="BuiltIn">
<arg>Response: ${response.content}</arg>
<doc>Logs the given message to the console.</doc>
<status status="PASS" starttime="20220901 22:03:57.342" endtime="20220901 22:03:57.344"/>
</kw>
<kw name="Set Global Variable" library="BuiltIn">
<arg>${response}</arg>
<doc>Makes a variable available globally in all tests and suites.</doc>
<msg timestamp="20220901 22:03:57.348" level="INFO">${response} = &lt;Response [401]&gt;</msg>
<status status="PASS" starttime="20220901 22:03:57.345" endtime="20220901 22:03:57.350"/>
</kw>
<status status="PASS" starttime="20220901 22:03:57.304" endtime="20220901 22:03:57.351"/>
</kw>
<kw name="Validar Status Code &quot;401&quot;" library="common" sourcename="Validar Status Code &quot;${statuscode}&quot;">
<kw name="Should Be True" library="BuiltIn">
<arg>${response.status_code} == ${statuscode}</arg>
<doc>Fails if the given condition is not true.</doc>
<status status="PASS" starttime="20220901 22:03:57.353" endtime="20220901 22:03:57.355"/>
</kw>
<kw name="Log To Console" library="BuiltIn">
<arg>Status Code Retornado: ${response.status_code}</arg>
<doc>Logs the given message to the console.</doc>
<status status="PASS" starttime="20220901 22:03:57.356" endtime="20220901 22:03:57.358"/>
</kw>
<status status="PASS" starttime="20220901 22:03:57.352" endtime="20220901 22:03:57.359"/>
</kw>
<kw name="Validar Mensagem &quot;Token de acesso ausente, inválido, expirado ou usuário do token não existe mais&quot;" library="common" sourcename="Validar Mensagem &quot;${message}&quot;">
<kw name="Should Be Equal" library="BuiltIn">
<arg>${response.json()["message"]}</arg>
<arg>${message}</arg>
<doc>Fails if the given objects are unequal.</doc>
<status status="PASS" starttime="20220901 22:03:57.361" endtime="20220901 22:03:57.366"/>
</kw>
<status status="PASS" starttime="20220901 22:03:57.360" endtime="20220901 22:03:57.367"/>
</kw>
<tag>CANCELARTOKEN</tag>
<status status="PASS" starttime="20220901 22:03:57.288" endtime="20220901 22:03:57.368"/>
</test>
<doc>Arquivo de testes para endpoint /carrinho</doc>
<status status="PASS" starttime="20220901 22:03:53.206" endtime="20220901 22:03:57.377"/>
</suite>
<status status="PASS" starttime="20220901 22:03:53.199" endtime="20220901 22:03:57.427"/>
</suite>
<status status="PASS" starttime="20220901 22:03:53.146" endtime="20220901 22:03:57.439"/>
</suite>
<statistics>
<total>
<stat pass="15" fail="0" skip="0">All Tests</stat>
</total>
<tag>
<stat pass="1" fail="0" skip="0">CANCELARCAR</stat>
<stat pass="1" fail="0" skip="0">CANCELARCARINVALIDO</stat>
<stat pass="1" fail="0" skip="0">CANCELARTOKEN</stat>
<stat pass="1" fail="0" skip="0">CONCLUIRCAR</stat>
<stat pass="1" fail="0" skip="0">CONCLUIRCARINVALIDO</stat>
<stat pass="1" fail="0" skip="0">CONCLUIRCARTOKEN</stat>
<stat pass="1" fail="0" skip="0">GETALLCARS</stat>
<stat pass="1" fail="0" skip="0">GETCAR</stat>
<stat pass="1" fail="0" skip="0">GETCARINVALIDO</stat>
<stat pass="1" fail="0" skip="0">POSTCAR</stat>
<stat pass="1" fail="0" skip="0">POSTCARDUPLICADO</stat>
<stat pass="1" fail="0" skip="0">POSTCARPROD</stat>
<stat pass="1" fail="0" skip="0">POSTCARPRODDUPLICADO</stat>
<stat pass="1" fail="0" skip="0">POSTCARQTD</stat>
<stat pass="1" fail="0" skip="0">POSTCARTOKEN</stat>
</tag>
<suite>
<stat pass="15" fail="0" skip="0" id="s1" name="CHALLENGE">CHALLENGE</stat>
<stat pass="15" fail="0" skip="0" id="s1-s1" name="Tests">CHALLENGE.Tests</stat>
<stat pass="15" fail="0" skip="0" id="s1-s1-s1" name="Carrinho Tests">CHALLENGE.Tests.Carrinho Tests</stat>
</suite>
</statistics>
<errors>
</errors>
</robot>
