<?xml version="1.0" encoding="UTF-8"?>
<robot generator="Robot 5.0.1 (Python 3.10.5 on win32)" generated="20220819 11:03:41.973" rpa="false" schemaversion="3">
<suite id="s1" name="CHALLENGE" source="D:\Pessoal\SENAC\Estágio\Compass\Sprint 5 - Robot-Framework em APIs\CHALLENGE">
<suite id="s1-s1" name="Base" source="D:\Pessoal\SENAC\Estágio\Compass\Sprint 5 - Robot-Framework em APIs\CHALLENGE\base.robot">
<test id="s1-s1-t1" name="Cenario 01: POST Login 200" line="16">
<kw name="Criar Sessao" library="common">
<kw name="Create Session" library="RequestsLibrary">
<arg>serverest</arg>
<arg>http://localhost:3000</arg>
<doc>Create Session: create a HTTP session to a server</doc>
<msg timestamp="20220819 11:03:42.331" level="INFO">Creating Session using : alias=serverest, url=http://localhost:3000, headers={},                     cookies={}, auth=None, timeout=None, proxies=None, verify=False,                     debug=0 </msg>
<status status="PASS" starttime="20220819 11:03:42.331" endtime="20220819 11:03:42.333"/>
</kw>
<status status="PASS" starttime="20220819 11:03:42.329" endtime="20220819 11:03:42.334"/>
</kw>
<kw name="Selecionar Usuario Login Valido" library="login_keywords">
<kw name="Importar JSON Estatico" library="common">
<var>${json}</var>
<arg>json_login_ex.json</arg>
<kw name="Get File" library="OperatingSystem">
<var>${arquivo}</var>
<arg>${EXECDIR}/${nome_arquivo}</arg>
<doc>Returns the contents of a specified file.</doc>
<msg timestamp="20220819 11:03:42.338" level="INFO" html="true">Getting file '&lt;a href="file://D:\Pessoal\SENAC\Estágio\Compass\Sprint 5 - Robot-Framework em APIs\CHALLENGE\json_login_ex.json"&gt;D:\Pessoal\SENAC\Estágio\Compass\Sprint 5 - Robot-Framework em APIs\CHALLENGE\json_login_ex.json&lt;/a&gt;'.</msg>
<msg timestamp="20220819 11:03:42.341" level="INFO">${arquivo} = {   
    "user_valido": {
        "email":"zequinha@qa.com.br",
        "password":"teste"
    },
    "user_invalido": {
        "email": "emailinexistente@gmail.com",
        "password":"teste"
    }...</msg>
<status status="PASS" starttime="20220819 11:03:42.337" endtime="20220819 11:03:42.342"/>
</kw>
<kw name="Evaluate" library="BuiltIn">
<var>${data}</var>
<arg>json.loads('''${arquivo}''')</arg>
<arg>json</arg>
<doc>Evaluates the given expression in Python and returns the result.</doc>
<msg timestamp="20220819 11:03:42.343" level="INFO">${data} = {'user_valido': {'email': 'zequinha@qa.com.br', 'password': 'teste'}, 'user_invalido': {'email': 'emailinexistente@gmail.com', 'password': 'teste'}, 'user_sem_senha': {'email': 'zequinha@qa.com.br', '...</msg>
<status status="PASS" starttime="20220819 11:03:42.342" endtime="20220819 11:03:42.345"/>
</kw>
<msg timestamp="20220819 11:03:42.346" level="INFO">${json} = {'user_valido': {'email': 'zequinha@qa.com.br', 'password': 'teste'}, 'user_invalido': {'email': 'emailinexistente@gmail.com', 'password': 'teste'}, 'user_sem_senha': {'email': 'zequinha@qa.com.br', '...</msg>
<status status="PASS" starttime="20220819 11:03:42.336" endtime="20220819 11:03:42.347"/>
</kw>
<kw name="Set Variable" library="BuiltIn">
<var>${payload}</var>
<arg>${json["user_valido"]}</arg>
<doc>Returns the given values which can then be assigned to a variables.</doc>
<msg timestamp="20220819 11:03:42.349" level="INFO">${payload} = {'email': 'zequinha@qa.com.br', 'password': 'teste'}</msg>
<status status="PASS" starttime="20220819 11:03:42.348" endtime="20220819 11:03:42.351"/>
</kw>
<kw name="Set Global Variable" library="BuiltIn">
<arg>${payload}</arg>
<doc>Makes a variable available globally in all tests and suites.</doc>
<msg timestamp="20220819 11:03:42.352" level="INFO">${payload} = {'email': 'zequinha@qa.com.br', 'password': 'teste'}</msg>
<status status="PASS" starttime="20220819 11:03:42.351" endtime="20220819 11:03:42.355"/>
</kw>
<status status="PASS" starttime="20220819 11:03:42.335" endtime="20220819 11:03:42.355"/>
</kw>
<kw name="POST Endpoint /login" library="login_keywords">
<kw name="POST On Session" library="RequestsLibrary">
<var>${response}</var>
<arg>serverest</arg>
<arg>/login</arg>
<arg>json=&amp;{payload}</arg>
<arg>expected_status=any</arg>
<doc>Sends a POST request on a previously created HTTP Session.</doc>
<msg timestamp="20220819 11:03:42.382" level="INFO">POST Request : url=http://localhost:3000/login 
 path_url=/login 
 headers={'User-Agent': 'python-requests/2.27.1', 'Accept-Encoding': 'gzip, deflate', 'Accept': '*/*', 'Connection': 'keep-alive', 'Content-Length': '52', 'Content-Type': 'application/json'} 
 body=b'{"email": "zequinha@qa.com.br", "password": "teste"}' 
 </msg>
<msg timestamp="20220819 11:03:42.384" level="INFO">POST Response : url=http://localhost:3000/login 
 status=200, reason=OK 
 headers={'Access-Control-Allow-Origin': '*', 'x-dns-prefetch-control': 'off', 'x-frame-options': 'SAMEORIGIN', 'strict-transport-security': 'max-age=15552000; includeSubDomains', 'x-download-options': 'noopen', 'x-content-type-options': 'nosniff', 'x-xss-protection': '1; mode=block', 'x-moesif-transaction-id': 'd28ebd20-4988-40bd-a9f6-593f22b596f1', 'Content-Type': 'application/json; charset=utf-8', 'Content-Length': '272', 'Date': 'Fri, 19 Aug 2022 14:03:42 GMT', 'Connection': 'keep-alive', 'Keep-Alive': 'timeout=5'} 
 body={
    "message": "Login realizado com sucesso",
    "authorization": "Bearer eyJhbGciOiJIUzI1NiIsInR5cCI6IkpXVCJ9.eyJlbWFpbCI6InplcXVpbmhhQHFhLmNvbS5iciIsInBhc3N3b3JkIjoidGVzdGUiLCJpYXQiOjE2NjA5MTc4MjIsImV4cCI6MTY2MDkxODQyMn0.U2nuk9D97HE_ZdMP_Ykntd2jIeBTMqj32L66-tTyAPA"
} 
 </msg>
<msg timestamp="20220819 11:03:42.386" level="INFO">${response} = &lt;Response [200]&gt;</msg>
<status status="PASS" starttime="20220819 11:03:42.358" endtime="20220819 11:03:42.387"/>
</kw>
<kw name="Log To Console" library="BuiltIn">
<arg>Response: ${response.content}</arg>
<doc>Logs the given message to the console.</doc>
<status status="PASS" starttime="20220819 11:03:42.388" endtime="20220819 11:03:42.391"/>
</kw>
<kw name="Set Global Variable" library="BuiltIn">
<arg>${response}</arg>
<doc>Makes a variable available globally in all tests and suites.</doc>
<msg timestamp="20220819 11:03:42.393" level="INFO">${response} = &lt;Response [200]&gt;</msg>
<status status="PASS" starttime="20220819 11:03:42.392" endtime="20220819 11:03:42.394"/>
</kw>
<status status="PASS" starttime="20220819 11:03:42.357" endtime="20220819 11:03:42.395"/>
</kw>
<kw name="Validar Status Code &quot;200&quot;" library="common" sourcename="Validar Status Code &quot;${statuscode}&quot;">
<kw name="Should Be True" library="BuiltIn">
<arg>${response.status_code} == ${statuscode}</arg>
<doc>Fails if the given condition is not true.</doc>
<status status="PASS" starttime="20220819 11:03:42.397" endtime="20220819 11:03:42.401"/>
</kw>
<kw name="Log To Console" library="BuiltIn">
<arg>Status Code Retornado: ${response.status_code}</arg>
<doc>Logs the given message to the console.</doc>
<status status="PASS" starttime="20220819 11:03:42.401" endtime="20220819 11:03:42.403"/>
</kw>
<status status="PASS" starttime="20220819 11:03:42.395" endtime="20220819 11:03:42.404"/>
</kw>
<kw name="Validar Ter Logado" library="login_keywords">
<kw name="Should Be Equal" library="BuiltIn">
<arg>${response.json()["message"]}</arg>
<arg>Login realizado com sucesso</arg>
<doc>Fails if the given objects are unequal.</doc>
<status status="PASS" starttime="20220819 11:03:42.406" endtime="20220819 11:03:42.409"/>
</kw>
<kw name="Should Not Be Empty" library="BuiltIn">
<arg>${response.json()["authorization"]}</arg>
<doc>Verifies that the given item is not empty.</doc>
<msg timestamp="20220819 11:03:42.411" level="INFO">Length is 199</msg>
<status status="PASS" starttime="20220819 11:03:42.410" endtime="20220819 11:03:42.421"/>
</kw>
<status status="PASS" starttime="20220819 11:03:42.405" endtime="20220819 11:03:42.421"/>
</kw>
<tag>POSTLOGIN200</tag>
<status status="PASS" starttime="20220819 11:03:42.327" endtime="20220819 11:03:42.423"/>
</test>
<test id="s1-s1-t2" name="Cenario 02: POST Login E-mail Invalido 400" line="26">
<kw name="Criar Sessao" library="common">
<kw name="Create Session" library="RequestsLibrary">
<arg>serverest</arg>
<arg>http://localhost:3000</arg>
<doc>Create Session: create a HTTP session to a server</doc>
<msg timestamp="20220819 11:03:42.436" level="INFO">Creating Session using : alias=serverest, url=http://localhost:3000, headers={},                     cookies={}, auth=None, timeout=None, proxies=None, verify=False,                     debug=0 </msg>
<status status="PASS" starttime="20220819 11:03:42.434" endtime="20220819 11:03:42.439"/>
</kw>
<status status="PASS" starttime="20220819 11:03:42.432" endtime="20220819 11:03:42.440"/>
</kw>
<kw name="Selecionar Usuario Login Invalido" library="login_keywords">
<kw name="Importar JSON Estatico" library="common">
<var>${json}</var>
<arg>json_login_ex.json</arg>
<kw name="Get File" library="OperatingSystem">
<var>${arquivo}</var>
<arg>${EXECDIR}/${nome_arquivo}</arg>
<doc>Returns the contents of a specified file.</doc>
<msg timestamp="20220819 11:03:42.450" level="INFO" html="true">Getting file '&lt;a href="file://D:\Pessoal\SENAC\Estágio\Compass\Sprint 5 - Robot-Framework em APIs\CHALLENGE\json_login_ex.json"&gt;D:\Pessoal\SENAC\Estágio\Compass\Sprint 5 - Robot-Framework em APIs\CHALLENGE\json_login_ex.json&lt;/a&gt;'.</msg>
<msg timestamp="20220819 11:03:42.452" level="INFO">${arquivo} = {   
    "user_valido": {
        "email":"zequinha@qa.com.br",
        "password":"teste"
    },
    "user_invalido": {
        "email": "emailinexistente@gmail.com",
        "password":"teste"
    }...</msg>
<status status="PASS" starttime="20220819 11:03:42.449" endtime="20220819 11:03:42.453"/>
</kw>
<kw name="Evaluate" library="BuiltIn">
<var>${data}</var>
<arg>json.loads('''${arquivo}''')</arg>
<arg>json</arg>
<doc>Evaluates the given expression in Python and returns the result.</doc>
<msg timestamp="20220819 11:03:42.455" level="INFO">${data} = {'user_valido': {'email': 'zequinha@qa.com.br', 'password': 'teste'}, 'user_invalido': {'email': 'emailinexistente@gmail.com', 'password': 'teste'}, 'user_sem_senha': {'email': 'zequinha@qa.com.br', '...</msg>
<status status="PASS" starttime="20220819 11:03:42.454" endtime="20220819 11:03:42.461"/>
</kw>
<msg timestamp="20220819 11:03:42.463" level="INFO">${json} = {'user_valido': {'email': 'zequinha@qa.com.br', 'password': 'teste'}, 'user_invalido': {'email': 'emailinexistente@gmail.com', 'password': 'teste'}, 'user_sem_senha': {'email': 'zequinha@qa.com.br', '...</msg>
<status status="PASS" starttime="20220819 11:03:42.448" endtime="20220819 11:03:42.465"/>
</kw>
<kw name="Set Variable" library="BuiltIn">
<var>${payload}</var>
<arg>${json["user_invalido"]}</arg>
<doc>Returns the given values which can then be assigned to a variables.</doc>
<msg timestamp="20220819 11:03:42.467" level="INFO">${payload} = {'email': 'emailinexistente@gmail.com', 'password': 'teste'}</msg>
<status status="PASS" starttime="20220819 11:03:42.465" endtime="20220819 11:03:42.469"/>
</kw>
<kw name="Set Global Variable" library="BuiltIn">
<arg>${payload}</arg>
<doc>Makes a variable available globally in all tests and suites.</doc>
<msg timestamp="20220819 11:03:42.471" level="INFO">${payload} = {'email': 'emailinexistente@gmail.com', 'password': 'teste'}</msg>
<status status="PASS" starttime="20220819 11:03:42.470" endtime="20220819 11:03:42.473"/>
</kw>
<status status="PASS" starttime="20220819 11:03:42.447" endtime="20220819 11:03:42.473"/>
</kw>
<kw name="POST Endpoint /login" library="login_keywords">
<kw name="POST On Session" library="RequestsLibrary">
<var>${response}</var>
<arg>serverest</arg>
<arg>/login</arg>
<arg>json=&amp;{payload}</arg>
<arg>expected_status=any</arg>
<doc>Sends a POST request on a previously created HTTP Session.</doc>
<msg timestamp="20220819 11:03:42.486" level="INFO">POST Request : url=http://localhost:3000/login 
 path_url=/login 
 headers={'User-Agent': 'python-requests/2.27.1', 'Accept-Encoding': 'gzip, deflate', 'Accept': '*/*', 'Connection': 'keep-alive', 'Content-Length': '60', 'Content-Type': 'application/json'} 
 body=b'{"email": "emailinexistente@gmail.com", "password": "teste"}' 
 </msg>
<msg timestamp="20220819 11:03:42.488" level="INFO">POST Response : url=http://localhost:3000/login 
 status=401, reason=Unauthorized 
 headers={'Access-Control-Allow-Origin': '*', 'x-dns-prefetch-control': 'off', 'x-frame-options': 'SAMEORIGIN', 'strict-transport-security': 'max-age=15552000; includeSubDomains', 'x-download-options': 'noopen', 'x-content-type-options': 'nosniff', 'x-xss-protection': '1; mode=block', 'x-moesif-transaction-id': '7f4744d0-6346-4705-a9b5-6c64eecc2281', 'Content-Type': 'application/json; charset=utf-8', 'Content-Length': '48', 'Date': 'Fri, 19 Aug 2022 14:03:42 GMT', 'Connection': 'keep-alive', 'Keep-Alive': 'timeout=5'} 
 body={
    "message": "Email e/ou senha inválidos"
} 
 </msg>
<msg timestamp="20220819 11:03:42.491" level="INFO">${response} = &lt;Response [401]&gt;</msg>
<status status="PASS" starttime="20220819 11:03:42.475" endtime="20220819 11:03:42.493"/>
</kw>
<kw name="Log To Console" library="BuiltIn">
<arg>Response: ${response.content}</arg>
<doc>Logs the given message to the console.</doc>
<status status="PASS" starttime="20220819 11:03:42.493" endtime="20220819 11:03:42.500"/>
</kw>
<kw name="Set Global Variable" library="BuiltIn">
<arg>${response}</arg>
<doc>Makes a variable available globally in all tests and suites.</doc>
<msg timestamp="20220819 11:03:42.503" level="INFO">${response} = &lt;Response [401]&gt;</msg>
<status status="PASS" starttime="20220819 11:03:42.501" endtime="20220819 11:03:42.527"/>
</kw>
<status status="PASS" starttime="20220819 11:03:42.474" endtime="20220819 11:03:42.527"/>
</kw>
<kw name="Validar Mensagem Email/Senha Invalidos" library="login_keywords">
<kw name="Should Be Equal" library="BuiltIn">
<arg>${response.json()["message"]}</arg>
<arg>Email e/ou senha inválidos</arg>
<doc>Fails if the given objects are unequal.</doc>
<status status="PASS" starttime="20220819 11:03:42.530" endtime="20220819 11:03:42.532"/>
</kw>
<status status="PASS" starttime="20220819 11:03:42.528" endtime="20220819 11:03:42.532"/>
</kw>
<tag>POSTLOGIN400</tag>
<status status="PASS" starttime="20220819 11:03:42.431" endtime="20220819 11:03:42.533"/>
</test>
<test id="s1-s1-t3" name="Cenario 03: GET Listar Todos os Usuarios 200" line="36">
<kw name="Criar Sessao" library="common">
<kw name="Create Session" library="RequestsLibrary">
<arg>serverest</arg>
<arg>http://localhost:3000</arg>
<doc>Create Session: create a HTTP session to a server</doc>
<msg timestamp="20220819 11:03:42.541" level="INFO">Creating Session using : alias=serverest, url=http://localhost:3000, headers={},                     cookies={}, auth=None, timeout=None, proxies=None, verify=False,                     debug=0 </msg>
<status status="PASS" starttime="20220819 11:03:42.539" endtime="20220819 11:03:42.543"/>
</kw>
<status status="PASS" starttime="20220819 11:03:42.538" endtime="20220819 11:03:42.544"/>
</kw>
<kw name="GET Endpoint /usuarios" library="usuarios_keywords">
<kw name="GET On Session" library="RequestsLibrary">
<var>${response}</var>
<arg>serverest</arg>
<arg>/usuarios</arg>
<doc>Sends a GET request on a previously created HTTP Session.</doc>
<msg timestamp="20220819 11:03:42.553" level="INFO">GET Request : url=http://localhost:3000/usuarios 
 path_url=/usuarios 
 headers={'User-Agent': 'python-requests/2.27.1', 'Accept-Encoding': 'gzip, deflate', 'Accept': '*/*', 'Connection': 'keep-alive'} 
 body=None 
 </msg>
<msg timestamp="20220819 11:03:42.557" level="INFO">GET Response : url=http://localhost:3000/usuarios 
 status=200, reason=OK 
 headers={'Access-Control-Allow-Origin': '*', 'x-dns-prefetch-control': 'off', 'x-frame-options': 'SAMEORIGIN', 'strict-transport-security': 'max-age=15552000; includeSubDomains', 'x-download-options': 'noopen', 'x-content-type-options': 'nosniff', 'x-xss-protection': '1; mode=block', 'x-moesif-transaction-id': '3327639b-736a-4fba-bbd3-0a4f19253c2a', 'Content-Type': 'application/json; charset=utf-8', 'Content-Length': '460', 'Date': 'Fri, 19 Aug 2022 14:03:42 GMT', 'Connection': 'keep-alive', 'Keep-Alive': 'timeout=5'} 
 body={
    "quantidade": 2,
    "usuarios": [
        {
            "nome": "Anne Shirley",
            "email": "anne-s@qa.com.br",
            "password": "12345",
            "administrador": "false",
            "_id": "CcEmFPeLUQD0tCTf"
        },
        {
            "nome": "Zeca Souza",
            "email": "zequinha@qa.com.br",
            "password": "teste",
            "administrador": "true",
            "_id": "nM3T94jas8oCkRPw"
        }
    ]
} 
 </msg>
<msg timestamp="20220819 11:03:42.560" level="INFO">${response} = &lt;Response [200]&gt;</msg>
<status status="PASS" starttime="20220819 11:03:42.546" endtime="20220819 11:03:42.561"/>
</kw>
<kw name="Log To Console" library="BuiltIn">
<arg>Response: ${response.content}</arg>
<doc>Logs the given message to the console.</doc>
<status status="PASS" starttime="20220819 11:03:42.562" endtime="20220819 11:03:42.565"/>
</kw>
<kw name="Set Global Variable" library="BuiltIn">
<arg>${response}</arg>
<doc>Makes a variable available globally in all tests and suites.</doc>
<msg timestamp="20220819 11:03:42.567" level="INFO">${response} = &lt;Response [200]&gt;</msg>
<status status="PASS" starttime="20220819 11:03:42.566" endtime="20220819 11:03:42.569"/>
</kw>
<status status="PASS" starttime="20220819 11:03:42.545" endtime="20220819 11:03:42.569"/>
</kw>
<kw name="Validar Status Code &quot;200&quot;" library="common" sourcename="Validar Status Code &quot;${statuscode}&quot;">
<kw name="Should Be True" library="BuiltIn">
<arg>${response.status_code} == ${statuscode}</arg>
<doc>Fails if the given condition is not true.</doc>
<status status="PASS" starttime="20220819 11:03:42.571" endtime="20220819 11:03:42.574"/>
</kw>
<kw name="Log To Console" library="BuiltIn">
<arg>Status Code Retornado: ${response.status_code}</arg>
<doc>Logs the given message to the console.</doc>
<status status="PASS" starttime="20220819 11:03:42.574" endtime="20220819 11:03:42.577"/>
</kw>
<status status="PASS" starttime="20220819 11:03:42.570" endtime="20220819 11:03:42.577"/>
</kw>
<kw name="Validar Se Response Contem &quot;Anne Shirley&quot;" library="usuarios_keywords" sourcename="Validar Se Response Contem &quot;${nome}&quot;">
<kw name="Should Contain" library="BuiltIn">
<arg>${response.json()["usuarios"][0]["nome"]}</arg>
<arg>${nome}</arg>
<doc>Fails if ``container`` does not contain ``item`` one or more times.</doc>
<status status="PASS" starttime="20220819 11:03:42.579" endtime="20220819 11:03:42.582"/>
</kw>
<kw name="Log To Console" library="BuiltIn">
<arg>Nome Cadastrado: ${response.json()["usuarios"][1]["nome"]}</arg>
<doc>Logs the given message to the console.</doc>
<status status="PASS" starttime="20220819 11:03:42.582" endtime="20220819 11:03:42.587"/>
</kw>
<status status="PASS" starttime="20220819 11:03:42.578" endtime="20220819 11:03:42.591"/>
</kw>
<kw name="Validar quantidade &quot;${2}&quot;" library="usuarios_keywords" sourcename="Validar Quantidade &quot;${quantidade}&quot;">
<kw name="Should Be Equal" library="BuiltIn">
<arg>${response.json()["quantidade"]}</arg>
<arg>${quantidade}</arg>
<doc>Fails if the given objects are unequal.</doc>
<status status="PASS" starttime="20220819 11:03:42.595" endtime="20220819 11:03:42.598"/>
</kw>
<kw name="Log To Console" library="BuiltIn">
<arg>Quantidade Cadastrada: ${response.json()["quantidade"]}</arg>
<doc>Logs the given message to the console.</doc>
<status status="PASS" starttime="20220819 11:03:42.598" endtime="20220819 11:03:42.600"/>
</kw>
<status status="PASS" starttime="20220819 11:03:42.594" endtime="20220819 11:03:42.600"/>
</kw>
<tag>GETALLUSERS</tag>
<status status="PASS" starttime="20220819 11:03:42.536" endtime="20220819 11:03:42.601"/>
</test>
<test id="s1-s1-t4" name="Cenario 04: POST Criar Usuario 201" line="44">
<kw name="Criar Sessao" library="common">
<kw name="Create Session" library="RequestsLibrary">
<arg>serverest</arg>
<arg>http://localhost:3000</arg>
<doc>Create Session: create a HTTP session to a server</doc>
<msg timestamp="20220819 11:03:42.615" level="INFO">Creating Session using : alias=serverest, url=http://localhost:3000, headers={},                     cookies={}, auth=None, timeout=None, proxies=None, verify=False,                     debug=0 </msg>
<status status="PASS" starttime="20220819 11:03:42.614" endtime="20220819 11:03:42.617"/>
</kw>
<status status="PASS" starttime="20220819 11:03:42.613" endtime="20220819 11:03:42.617"/>
</kw>
<kw name="Criar Um Usuario e Armazenar ID" library="usuarios_keywords">
<kw name="Criar Usuario Estatico Valido" library="usuarios_keywords">
<kw name="Importar JSON Estatico" library="common">
<var>${json}</var>
<arg>json_usuario_ex.json</arg>
<kw name="Get File" library="OperatingSystem">
<var>${arquivo}</var>
<arg>${EXECDIR}/${nome_arquivo}</arg>
<doc>Returns the contents of a specified file.</doc>
<msg timestamp="20220819 11:03:42.623" level="INFO" html="true">Getting file '&lt;a href="file://D:\Pessoal\SENAC\Estágio\Compass\Sprint 5 - Robot-Framework em APIs\CHALLENGE\json_usuario_ex.json"&gt;D:\Pessoal\SENAC\Estágio\Compass\Sprint 5 - Robot-Framework em APIs\CHALLENGE\json_usuario_ex.json&lt;/a&gt;'.</msg>
<msg timestamp="20220819 11:03:42.628" level="INFO">${arquivo} = {
    "user_valido": {
        "nome": "Fulano da Silva",
        "email": "beltrano@qa.com.br",
        "password": "teste",
        "administrador": "true"
    }, 
    "user_invalido": {
        "no...</msg>
<status status="PASS" starttime="20220819 11:03:42.622" endtime="20220819 11:03:42.630"/>
</kw>
<kw name="Evaluate" library="BuiltIn">
<var>${data}</var>
<arg>json.loads('''${arquivo}''')</arg>
<arg>json</arg>
<doc>Evaluates the given expression in Python and returns the result.</doc>
<msg timestamp="20220819 11:03:42.631" level="INFO">${data} = {'user_valido': {'nome': 'Fulano da Silva', 'email': 'beltrano@qa.com.br', 'password': 'teste', 'administrador': 'true'}, 'user_invalido': {'nome': 'Invalido Tester', 'email': 'zequinha@qa.com.br', 'p...</msg>
<status status="PASS" starttime="20220819 11:03:42.630" endtime="20220819 11:03:42.633"/>
</kw>
<msg timestamp="20220819 11:03:42.634" level="INFO">${json} = {'user_valido': {'nome': 'Fulano da Silva', 'email': 'beltrano@qa.com.br', 'password': 'teste', 'administrador': 'true'}, 'user_invalido': {'nome': 'Invalido Tester', 'email': 'zequinha@qa.com.br', 'p...</msg>
<status status="PASS" starttime="20220819 11:03:42.620" endtime="20220819 11:03:42.635"/>
</kw>
<kw name="Set Variable" library="BuiltIn">
<var>${payload}</var>
<arg>${json["user_valido"]}</arg>
<doc>Returns the given values which can then be assigned to a variables.</doc>
<msg timestamp="20220819 11:03:42.640" level="INFO">${payload} = {'nome': 'Fulano da Silva', 'email': 'beltrano@qa.com.br', 'password': 'teste', 'administrador': 'true'}</msg>
<status status="PASS" starttime="20220819 11:03:42.636" endtime="20220819 11:03:42.643"/>
</kw>
<kw name="Set Global Variable" library="BuiltIn">
<arg>${payload}</arg>
<doc>Makes a variable available globally in all tests and suites.</doc>
<msg timestamp="20220819 11:03:42.645" level="INFO">${payload} = {'nome': 'Fulano da Silva', 'email': 'beltrano@qa.com.br', 'password': 'teste', 'administrador': 'true'}</msg>
<status status="PASS" starttime="20220819 11:03:42.643" endtime="20220819 11:03:42.646"/>
</kw>
<status status="PASS" starttime="20220819 11:03:42.619" endtime="20220819 11:03:42.647"/>
</kw>
<kw name="POST Endpoint /usuarios" library="usuarios_keywords">
<kw name="POST On Session" library="RequestsLibrary">
<var>${response}</var>
<arg>serverest</arg>
<arg>/usuarios/</arg>
<arg>json=&amp;{payload}</arg>
<arg>expected_status=any</arg>
<doc>Sends a POST request on a previously created HTTP Session.</doc>
<msg timestamp="20220819 11:03:42.656" level="INFO">POST Request : url=http://localhost:3000/usuarios/ 
 path_url=/usuarios/ 
 headers={'User-Agent': 'python-requests/2.27.1', 'Accept-Encoding': 'gzip, deflate', 'Accept': '*/*', 'Connection': 'keep-alive', 'Content-Length': '104', 'Content-Type': 'application/json'} 
 body=b'{"nome": "Fulano da Silva", "email": "beltrano@qa.com.br", "password": "teste", "administrador": "true"}' 
 </msg>
<msg timestamp="20220819 11:03:42.658" level="INFO">POST Response : url=http://localhost:3000/usuarios/ 
 status=201, reason=Created 
 headers={'Access-Control-Allow-Origin': '*', 'x-dns-prefetch-control': 'off', 'x-frame-options': 'SAMEORIGIN', 'strict-transport-security': 'max-age=15552000; includeSubDomains', 'x-download-options': 'noopen', 'x-content-type-options': 'nosniff', 'x-xss-protection': '1; mode=block', 'x-moesif-transaction-id': 'df7e5c49-2611-4944-a28a-415e1b0aabca', 'Content-Type': 'application/json; charset=utf-8', 'Content-Length': '82', 'Date': 'Fri, 19 Aug 2022 14:03:42 GMT', 'Connection': 'keep-alive', 'Keep-Alive': 'timeout=5'} 
 body={
    "message": "Cadastro realizado com sucesso",
    "_id": "dO0zHzm0CvwxJREL"
} 
 </msg>
<msg timestamp="20220819 11:03:42.660" level="INFO">${response} = &lt;Response [201]&gt;</msg>
<status status="PASS" starttime="20220819 11:03:42.648" endtime="20220819 11:03:42.663"/>
</kw>
<kw name="Log To Console" library="BuiltIn">
<arg>Response: ${response.content}</arg>
<doc>Logs the given message to the console.</doc>
<status status="PASS" starttime="20220819 11:03:42.665" endtime="20220819 11:03:42.667"/>
</kw>
<kw name="Log To Console" library="BuiltIn">
<arg>Response: ${payload}</arg>
<doc>Logs the given message to the console.</doc>
<status status="PASS" starttime="20220819 11:03:42.667" endtime="20220819 11:03:42.668"/>
</kw>
<kw name="Set Global Variable" library="BuiltIn">
<arg>${response}</arg>
<doc>Makes a variable available globally in all tests and suites.</doc>
<msg timestamp="20220819 11:03:42.670" level="INFO">${response} = &lt;Response [201]&gt;</msg>
<status status="PASS" starttime="20220819 11:03:42.669" endtime="20220819 11:03:42.671"/>
</kw>
<status status="PASS" starttime="20220819 11:03:42.647" endtime="20220819 11:03:42.672"/>
</kw>
<kw name="Set Variable" library="BuiltIn">
<var>${id_user}</var>
<arg>${response.json()["_id"]}</arg>
<doc>Returns the given values which can then be assigned to a variables.</doc>
<msg timestamp="20220819 11:03:42.675" level="INFO">${id_user} = dO0zHzm0CvwxJREL</msg>
<status status="PASS" starttime="20220819 11:03:42.672" endtime="20220819 11:03:42.678"/>
</kw>
<kw name="Log To Console" library="BuiltIn">
<arg>ID Usuário: ${id_user}</arg>
<doc>Logs the given message to the console.</doc>
<status status="PASS" starttime="20220819 11:03:42.679" endtime="20220819 11:03:42.681"/>
</kw>
<kw name="Set Global Variable" library="BuiltIn">
<arg>${id_user}</arg>
<doc>Makes a variable available globally in all tests and suites.</doc>
<msg timestamp="20220819 11:03:42.684" level="INFO">${id_user} = dO0zHzm0CvwxJREL</msg>
<status status="PASS" starttime="20220819 11:03:42.681" endtime="20220819 11:03:42.686"/>
</kw>
<status status="PASS" starttime="20220819 11:03:42.618" endtime="20220819 11:03:42.686"/>
</kw>
<kw name="Validar Ter Criado o Usuario" library="common">
<kw name="Should Be Equal" library="BuiltIn">
<arg>${response.json()["message"]}</arg>
<arg>Cadastro realizado com sucesso</arg>
<doc>Fails if the given objects are unequal.</doc>
<status status="PASS" starttime="20220819 11:03:42.688" endtime="20220819 11:03:42.690"/>
</kw>
<kw name="Should Not Be Empty" library="BuiltIn">
<arg>${response.json()["_id"]}</arg>
<doc>Verifies that the given item is not empty.</doc>
<msg timestamp="20220819 11:03:42.693" level="INFO">Length is 16</msg>
<status status="PASS" starttime="20220819 11:03:42.690" endtime="20220819 11:03:42.697"/>
</kw>
<status status="PASS" starttime="20220819 11:03:42.687" endtime="20220819 11:03:42.697"/>
</kw>
<kw name="Validar Status Code &quot;201&quot;" library="common" sourcename="Validar Status Code &quot;${statuscode}&quot;">
<kw name="Should Be True" library="BuiltIn">
<arg>${response.status_code} == ${statuscode}</arg>
<doc>Fails if the given condition is not true.</doc>
<status status="PASS" starttime="20220819 11:03:42.699" endtime="20220819 11:03:42.705"/>
</kw>
<kw name="Log To Console" library="BuiltIn">
<arg>Status Code Retornado: ${response.status_code}</arg>
<doc>Logs the given message to the console.</doc>
<status status="PASS" starttime="20220819 11:03:42.706" endtime="20220819 11:03:42.709"/>
</kw>
<status status="PASS" starttime="20220819 11:03:42.698" endtime="20220819 11:03:42.710"/>
</kw>
<kw name="GET Endpoint /usuarios/id" library="usuarios_keywords">
<kw name="GET On Session" library="RequestsLibrary">
<var>${response}</var>
<arg>serverest</arg>
<arg>/usuarios/${id_user}</arg>
<arg>expected_status=any</arg>
<doc>Sends a GET request on a previously created HTTP Session.</doc>
<msg timestamp="20220819 11:03:42.717" level="INFO">GET Request : url=http://localhost:3000/usuarios/dO0zHzm0CvwxJREL 
 path_url=/usuarios/dO0zHzm0CvwxJREL 
 headers={'User-Agent': 'python-requests/2.27.1', 'Accept-Encoding': 'gzip, deflate', 'Accept': '*/*', 'Connection': 'keep-alive'} 
 body=None 
 </msg>
<msg timestamp="20220819 11:03:42.718" level="INFO">GET Response : url=http://localhost:3000/usuarios/dO0zHzm0CvwxJREL 
 status=200, reason=OK 
 headers={'Access-Control-Allow-Origin': '*', 'x-dns-prefetch-control': 'off', 'x-frame-options': 'SAMEORIGIN', 'strict-transport-security': 'max-age=15552000; includeSubDomains', 'x-download-options': 'noopen', 'x-content-type-options': 'nosniff', 'x-xss-protection': '1; mode=block', 'x-moesif-transaction-id': '63614610-02fe-4132-95e2-abe08002796f', 'Content-Type': 'application/json; charset=utf-8', 'Content-Length': '153', 'Date': 'Fri, 19 Aug 2022 14:03:42 GMT', 'Connection': 'keep-alive', 'Keep-Alive': 'timeout=5'} 
 body={
    "nome": "Fulano da Silva",
    "email": "beltrano@qa.com.br",
    "password": "teste",
    "administrador": "true",
    "_id": "dO0zHzm0CvwxJREL"
} 
 </msg>
<msg timestamp="20220819 11:03:42.720" level="INFO">${response} = &lt;Response [200]&gt;</msg>
<status status="PASS" starttime="20220819 11:03:42.712" endtime="20220819 11:03:42.724"/>
</kw>
<kw name="Log To Console" library="BuiltIn">
<arg>Response: ${response.content}</arg>
<doc>Logs the given message to the console.</doc>
<status status="PASS" starttime="20220819 11:03:42.724" endtime="20220819 11:03:42.727"/>
</kw>
<kw name="Set Global Variable" library="BuiltIn">
<arg>${response}</arg>
<doc>Makes a variable available globally in all tests and suites.</doc>
<msg timestamp="20220819 11:03:42.729" level="INFO">${response} = &lt;Response [200]&gt;</msg>
<status status="PASS" starttime="20220819 11:03:42.728" endtime="20220819 11:03:42.733"/>
</kw>
<status status="PASS" starttime="20220819 11:03:42.710" endtime="20220819 11:03:42.733"/>
</kw>
<kw name="DELETE Endpoint /usuarios/id" library="usuarios_keywords">
<kw name="DELETE On Session" library="RequestsLibrary">
<var>${response}</var>
<arg>serverest</arg>
<arg>/usuarios/${id_user}</arg>
<arg>expected_status=any</arg>
<doc>Sends a DELETE request on a previously created HTTP Session.</doc>
<msg timestamp="20220819 11:03:42.750" level="INFO">DELETE Request : url=http://localhost:3000/usuarios/dO0zHzm0CvwxJREL 
 path_url=/usuarios/dO0zHzm0CvwxJREL 
 headers={'User-Agent': 'python-requests/2.27.1', 'Accept-Encoding': 'gzip, deflate', 'Accept': '*/*', 'Connection': 'keep-alive', 'Content-Length': '0'} 
 body=None 
 </msg>
<msg timestamp="20220819 11:03:42.751" level="INFO">DELETE Response : url=http://localhost:3000/usuarios/dO0zHzm0CvwxJREL 
 status=200, reason=OK 
 headers={'Access-Control-Allow-Origin': '*', 'x-dns-prefetch-control': 'off', 'x-frame-options': 'SAMEORIGIN', 'strict-transport-security': 'max-age=15552000; includeSubDomains', 'x-download-options': 'noopen', 'x-content-type-options': 'nosniff', 'x-xss-protection': '1; mode=block', 'x-moesif-transaction-id': '2ecfafd1-cf3b-4dfb-8318-7f5d898e5a16', 'Content-Type': 'application/json; charset=utf-8', 'Content-Length': '51', 'Date': 'Fri, 19 Aug 2022 14:03:42 GMT', 'Connection': 'keep-alive', 'Keep-Alive': 'timeout=5'} 
 body={
    "message": "Registro excluído com sucesso"
} 
 </msg>
<msg timestamp="20220819 11:03:42.753" level="INFO">${response} = &lt;Response [200]&gt;</msg>
<status status="PASS" starttime="20220819 11:03:42.743" endtime="20220819 11:03:42.755"/>
</kw>
<kw name="Log To Console" library="BuiltIn">
<arg>ID Deletado: ${id_user}</arg>
<doc>Logs the given message to the console.</doc>
<status status="PASS" starttime="20220819 11:03:42.756" endtime="20220819 11:03:42.758"/>
</kw>
<kw name="Log To Console" library="BuiltIn">
<arg>Response: ${response.content}</arg>
<doc>Logs the given message to the console.</doc>
<status status="PASS" starttime="20220819 11:03:42.758" endtime="20220819 11:03:42.762"/>
</kw>
<kw name="Set Global Variable" library="BuiltIn">
<arg>${response}</arg>
<doc>Makes a variable available globally in all tests and suites.</doc>
<msg timestamp="20220819 11:03:42.763" level="INFO">${response} = &lt;Response [200]&gt;</msg>
<status status="PASS" starttime="20220819 11:03:42.762" endtime="20220819 11:03:42.765"/>
</kw>
<status status="PASS" starttime="20220819 11:03:42.736" endtime="20220819 11:03:42.765"/>
</kw>
<tag>POSTUSER201</tag>
<status status="PASS" starttime="20220819 11:03:42.611" endtime="20220819 11:03:42.766"/>
</test>
<test id="s1-s1-t5" name="Cenario 05: POST Criar Usuario E-mail Já Cadastrado 400" line="53">
<kw name="Criar Sessao" library="common">
<kw name="Create Session" library="RequestsLibrary">
<arg>serverest</arg>
<arg>http://localhost:3000</arg>
<doc>Create Session: create a HTTP session to a server</doc>
<msg timestamp="20220819 11:03:42.772" level="INFO">Creating Session using : alias=serverest, url=http://localhost:3000, headers={},                     cookies={}, auth=None, timeout=None, proxies=None, verify=False,                     debug=0 </msg>
<status status="PASS" starttime="20220819 11:03:42.771" endtime="20220819 11:03:42.775"/>
</kw>
<status status="PASS" starttime="20220819 11:03:42.770" endtime="20220819 11:03:42.775"/>
</kw>
<kw name="Criar Usuario Estatico Invalido" library="usuarios_keywords">
<kw name="Importar JSON Estatico" library="common">
<var>${json}</var>
<arg>json_usuario_ex.json</arg>
<kw name="Get File" library="OperatingSystem">
<var>${arquivo}</var>
<arg>${EXECDIR}/${nome_arquivo}</arg>
<doc>Returns the contents of a specified file.</doc>
<msg timestamp="20220819 11:03:42.779" level="INFO" html="true">Getting file '&lt;a href="file://D:\Pessoal\SENAC\Estágio\Compass\Sprint 5 - Robot-Framework em APIs\CHALLENGE\json_usuario_ex.json"&gt;D:\Pessoal\SENAC\Estágio\Compass\Sprint 5 - Robot-Framework em APIs\CHALLENGE\json_usuario_ex.json&lt;/a&gt;'.</msg>
<msg timestamp="20220819 11:03:42.781" level="INFO">${arquivo} = {
    "user_valido": {
        "nome": "Fulano da Silva",
        "email": "beltrano@qa.com.br",
        "password": "teste",
        "administrador": "true"
    }, 
    "user_invalido": {
        "no...</msg>
<status status="PASS" starttime="20220819 11:03:42.778" endtime="20220819 11:03:42.783"/>
</kw>
<kw name="Evaluate" library="BuiltIn">
<var>${data}</var>
<arg>json.loads('''${arquivo}''')</arg>
<arg>json</arg>
<doc>Evaluates the given expression in Python and returns the result.</doc>
<msg timestamp="20220819 11:03:42.784" level="INFO">${data} = {'user_valido': {'nome': 'Fulano da Silva', 'email': 'beltrano@qa.com.br', 'password': 'teste', 'administrador': 'true'}, 'user_invalido': {'nome': 'Invalido Tester', 'email': 'zequinha@qa.com.br', 'p...</msg>
<status status="PASS" starttime="20220819 11:03:42.783" endtime="20220819 11:03:42.786"/>
</kw>
<msg timestamp="20220819 11:03:42.787" level="INFO">${json} = {'user_valido': {'nome': 'Fulano da Silva', 'email': 'beltrano@qa.com.br', 'password': 'teste', 'administrador': 'true'}, 'user_invalido': {'nome': 'Invalido Tester', 'email': 'zequinha@qa.com.br', 'p...</msg>
<status status="PASS" starttime="20220819 11:03:42.777" endtime="20220819 11:03:42.790"/>
</kw>
<kw name="Set Variable" library="BuiltIn">
<var>${payload}</var>
<arg>${json["user_invalido"]}</arg>
<doc>Returns the given values which can then be assigned to a variables.</doc>
<msg timestamp="20220819 11:03:42.794" level="INFO">${payload} = {'nome': 'Invalido Tester', 'email': 'zequinha@qa.com.br', 'password': 'teste', 'administrador': 'true'}</msg>
<status status="PASS" starttime="20220819 11:03:42.791" endtime="20220819 11:03:42.796"/>
</kw>
<kw name="Set Global Variable" library="BuiltIn">
<arg>${payload}</arg>
<doc>Makes a variable available globally in all tests and suites.</doc>
<msg timestamp="20220819 11:03:42.798" level="INFO">${payload} = {'nome': 'Invalido Tester', 'email': 'zequinha@qa.com.br', 'password': 'teste', 'administrador': 'true'}</msg>
<status status="PASS" starttime="20220819 11:03:42.797" endtime="20220819 11:03:42.799"/>
</kw>
<status status="PASS" starttime="20220819 11:03:42.776" endtime="20220819 11:03:42.800"/>
</kw>
<kw name="POST Endpoint /usuarios" library="usuarios_keywords">
<kw name="POST On Session" library="RequestsLibrary">
<var>${response}</var>
<arg>serverest</arg>
<arg>/usuarios/</arg>
<arg>json=&amp;{payload}</arg>
<arg>expected_status=any</arg>
<doc>Sends a POST request on a previously created HTTP Session.</doc>
<msg timestamp="20220819 11:03:42.811" level="INFO">POST Request : url=http://localhost:3000/usuarios/ 
 path_url=/usuarios/ 
 headers={'User-Agent': 'python-requests/2.27.1', 'Accept-Encoding': 'gzip, deflate', 'Accept': '*/*', 'Connection': 'keep-alive', 'Content-Length': '104', 'Content-Type': 'application/json'} 
 body=b'{"nome": "Invalido Tester", "email": "zequinha@qa.com.br", "password": "teste", "administrador": "true"}' 
 </msg>
<msg timestamp="20220819 11:03:42.814" level="INFO">POST Response : url=http://localhost:3000/usuarios/ 
 status=400, reason=Bad Request 
 headers={'Access-Control-Allow-Origin': '*', 'x-dns-prefetch-control': 'off', 'x-frame-options': 'SAMEORIGIN', 'strict-transport-security': 'max-age=15552000; includeSubDomains', 'x-download-options': 'noopen', 'x-content-type-options': 'nosniff', 'x-xss-protection': '1; mode=block', 'x-moesif-transaction-id': 'd34f7485-6e16-4dfb-9514-7826fbb00a27', 'Content-Type': 'application/json; charset=utf-8', 'Content-Length': '53', 'Date': 'Fri, 19 Aug 2022 14:03:42 GMT', 'Connection': 'keep-alive', 'Keep-Alive': 'timeout=5'} 
 body={
    "message": "Este email já está sendo usado"
} 
 </msg>
<msg timestamp="20220819 11:03:42.817" level="INFO">${response} = &lt;Response [400]&gt;</msg>
<status status="PASS" starttime="20220819 11:03:42.801" endtime="20220819 11:03:42.819"/>
</kw>
<kw name="Log To Console" library="BuiltIn">
<arg>Response: ${response.content}</arg>
<doc>Logs the given message to the console.</doc>
<status status="PASS" starttime="20220819 11:03:42.820" endtime="20220819 11:03:42.822"/>
</kw>
<kw name="Log To Console" library="BuiltIn">
<arg>Response: ${payload}</arg>
<doc>Logs the given message to the console.</doc>
<status status="PASS" starttime="20220819 11:03:42.823" endtime="20220819 11:03:42.825"/>
</kw>
<kw name="Set Global Variable" library="BuiltIn">
<arg>${response}</arg>
<doc>Makes a variable available globally in all tests and suites.</doc>
<msg timestamp="20220819 11:03:42.826" level="INFO">${response} = &lt;Response [400]&gt;</msg>
<status status="PASS" starttime="20220819 11:03:42.825" endtime="20220819 11:03:42.830"/>
</kw>
<status status="PASS" starttime="20220819 11:03:42.801" endtime="20220819 11:03:42.831"/>
</kw>
<kw name="Validar Status Code &quot;400&quot;" library="common" sourcename="Validar Status Code &quot;${statuscode}&quot;">
<kw name="Should Be True" library="BuiltIn">
<arg>${response.status_code} == ${statuscode}</arg>
<doc>Fails if the given condition is not true.</doc>
<status status="PASS" starttime="20220819 11:03:42.833" endtime="20220819 11:03:42.835"/>
</kw>
<kw name="Log To Console" library="BuiltIn">
<arg>Status Code Retornado: ${response.status_code}</arg>
<doc>Logs the given message to the console.</doc>
<status status="PASS" starttime="20220819 11:03:42.836" endtime="20220819 11:03:42.838"/>
</kw>
<status status="PASS" starttime="20220819 11:03:42.832" endtime="20220819 11:03:42.838"/>
</kw>
<kw name="Validar Mensagem E-mail Invalido" library="common">
<kw name="Should Be Equal" library="BuiltIn">
<arg>${response.json()["message"]}</arg>
<arg>Este email já está sendo usado</arg>
<doc>Fails if the given objects are unequal.</doc>
<status status="PASS" starttime="20220819 11:03:42.842" endtime="20220819 11:03:42.844"/>
</kw>
<status status="PASS" starttime="20220819 11:03:42.840" endtime="20220819 11:03:42.844"/>
</kw>
<tag>POSTUSER400</tag>
<status status="PASS" starttime="20220819 11:03:42.768" endtime="20220819 11:03:42.845"/>
</test>
<test id="s1-s1-t6" name="Cenario 06: GET Buscar Usuario 200" line="61">
<kw name="Criar Sessao" library="common">
<kw name="Create Session" library="RequestsLibrary">
<arg>serverest</arg>
<arg>http://localhost:3000</arg>
<doc>Create Session: create a HTTP session to a server</doc>
<msg timestamp="20220819 11:03:42.970" level="INFO">Creating Session using : alias=serverest, url=http://localhost:3000, headers={},                     cookies={}, auth=None, timeout=None, proxies=None, verify=False,                     debug=0 </msg>
<status status="PASS" starttime="20220819 11:03:42.969" endtime="20220819 11:03:42.974"/>
</kw>
<status status="PASS" starttime="20220819 11:03:42.968" endtime="20220819 11:03:42.975"/>
</kw>
<kw name="Criar Um Usuario e Armazenar ID" library="usuarios_keywords">
<kw name="Criar Usuario Estatico Valido" library="usuarios_keywords">
<kw name="Importar JSON Estatico" library="common">
<var>${json}</var>
<arg>json_usuario_ex.json</arg>
<kw name="Get File" library="OperatingSystem">
<var>${arquivo}</var>
<arg>${EXECDIR}/${nome_arquivo}</arg>
<doc>Returns the contents of a specified file.</doc>
<msg timestamp="20220819 11:03:43.050" level="INFO" html="true">Getting file '&lt;a href="file://D:\Pessoal\SENAC\Estágio\Compass\Sprint 5 - Robot-Framework em APIs\CHALLENGE\json_usuario_ex.json"&gt;D:\Pessoal\SENAC\Estágio\Compass\Sprint 5 - Robot-Framework em APIs\CHALLENGE\json_usuario_ex.json&lt;/a&gt;'.</msg>
<msg timestamp="20220819 11:03:43.052" level="INFO">${arquivo} = {
    "user_valido": {
        "nome": "Fulano da Silva",
        "email": "beltrano@qa.com.br",
        "password": "teste",
        "administrador": "true"
    }, 
    "user_invalido": {
        "no...</msg>
<status status="PASS" starttime="20220819 11:03:43.049" endtime="20220819 11:03:43.054"/>
</kw>
<kw name="Evaluate" library="BuiltIn">
<var>${data}</var>
<arg>json.loads('''${arquivo}''')</arg>
<arg>json</arg>
<doc>Evaluates the given expression in Python and returns the result.</doc>
<msg timestamp="20220819 11:03:43.062" level="INFO">${data} = {'user_valido': {'nome': 'Fulano da Silva', 'email': 'beltrano@qa.com.br', 'password': 'teste', 'administrador': 'true'}, 'user_invalido': {'nome': 'Invalido Tester', 'email': 'zequinha@qa.com.br', 'p...</msg>
<status status="PASS" starttime="20220819 11:03:43.060" endtime="20220819 11:03:43.063"/>
</kw>
<msg timestamp="20220819 11:03:43.064" level="INFO">${json} = {'user_valido': {'nome': 'Fulano da Silva', 'email': 'beltrano@qa.com.br', 'password': 'teste', 'administrador': 'true'}, 'user_invalido': {'nome': 'Invalido Tester', 'email': 'zequinha@qa.com.br', 'p...</msg>
<status status="PASS" starttime="20220819 11:03:43.037" endtime="20220819 11:03:43.065"/>
</kw>
<kw name="Set Variable" library="BuiltIn">
<var>${payload}</var>
<arg>${json["user_valido"]}</arg>
<doc>Returns the given values which can then be assigned to a variables.</doc>
<msg timestamp="20220819 11:03:43.069" level="INFO">${payload} = {'nome': 'Fulano da Silva', 'email': 'beltrano@qa.com.br', 'password': 'teste', 'administrador': 'true'}</msg>
<status status="PASS" starttime="20220819 11:03:43.066" endtime="20220819 11:03:43.070"/>
</kw>
<kw name="Set Global Variable" library="BuiltIn">
<arg>${payload}</arg>
<doc>Makes a variable available globally in all tests and suites.</doc>
<msg timestamp="20220819 11:03:43.076" level="INFO">${payload} = {'nome': 'Fulano da Silva', 'email': 'beltrano@qa.com.br', 'password': 'teste', 'administrador': 'true'}</msg>
<status status="PASS" starttime="20220819 11:03:43.073" endtime="20220819 11:03:43.077"/>
</kw>
<status status="PASS" starttime="20220819 11:03:43.036" endtime="20220819 11:03:43.078"/>
</kw>
<kw name="POST Endpoint /usuarios" library="usuarios_keywords">
<kw name="POST On Session" library="RequestsLibrary">
<var>${response}</var>
<arg>serverest</arg>
<arg>/usuarios/</arg>
<arg>json=&amp;{payload}</arg>
<arg>expected_status=any</arg>
<doc>Sends a POST request on a previously created HTTP Session.</doc>
<msg timestamp="20220819 11:03:43.089" level="INFO">POST Request : url=http://localhost:3000/usuarios/ 
 path_url=/usuarios/ 
 headers={'User-Agent': 'python-requests/2.27.1', 'Accept-Encoding': 'gzip, deflate', 'Accept': '*/*', 'Connection': 'keep-alive', 'Content-Length': '104', 'Content-Type': 'application/json'} 
 body=b'{"nome": "Fulano da Silva", "email": "beltrano@qa.com.br", "password": "teste", "administrador": "true"}' 
 </msg>
<msg timestamp="20220819 11:03:43.092" level="INFO">POST Response : url=http://localhost:3000/usuarios/ 
 status=201, reason=Created 
 headers={'Access-Control-Allow-Origin': '*', 'x-dns-prefetch-control': 'off', 'x-frame-options': 'SAMEORIGIN', 'strict-transport-security': 'max-age=15552000; includeSubDomains', 'x-download-options': 'noopen', 'x-content-type-options': 'nosniff', 'x-xss-protection': '1; mode=block', 'x-moesif-transaction-id': 'c8353578-ec10-403b-a67b-a28f6012692f', 'Content-Type': 'application/json; charset=utf-8', 'Content-Length': '82', 'Date': 'Fri, 19 Aug 2022 14:03:43 GMT', 'Connection': 'keep-alive', 'Keep-Alive': 'timeout=5'} 
 body={
    "message": "Cadastro realizado com sucesso",
    "_id": "BlNTfJ0tudi0TKsR"
} 
 </msg>
<msg timestamp="20220819 11:03:43.094" level="INFO">${response} = &lt;Response [201]&gt;</msg>
<status status="PASS" starttime="20220819 11:03:43.081" endtime="20220819 11:03:43.095"/>
</kw>
<kw name="Log To Console" library="BuiltIn">
<arg>Response: ${response.content}</arg>
<doc>Logs the given message to the console.</doc>
<status status="PASS" starttime="20220819 11:03:43.097" endtime="20220819 11:03:43.132"/>
</kw>
<kw name="Log To Console" library="BuiltIn">
<arg>Response: ${payload}</arg>
<doc>Logs the given message to the console.</doc>
<status status="PASS" starttime="20220819 11:03:43.132" endtime="20220819 11:03:43.147"/>
</kw>
<kw name="Set Global Variable" library="BuiltIn">
<arg>${response}</arg>
<doc>Makes a variable available globally in all tests and suites.</doc>
<msg timestamp="20220819 11:03:43.149" level="INFO">${response} = &lt;Response [201]&gt;</msg>
<status status="PASS" starttime="20220819 11:03:43.148" endtime="20220819 11:03:43.151"/>
</kw>
<status status="PASS" starttime="20220819 11:03:43.078" endtime="20220819 11:03:43.152"/>
</kw>
<kw name="Set Variable" library="BuiltIn">
<var>${id_user}</var>
<arg>${response.json()["_id"]}</arg>
<doc>Returns the given values which can then be assigned to a variables.</doc>
<msg timestamp="20220819 11:03:43.154" level="INFO">${id_user} = BlNTfJ0tudi0TKsR</msg>
<status status="PASS" starttime="20220819 11:03:43.153" endtime="20220819 11:03:43.158"/>
</kw>
<kw name="Log To Console" library="BuiltIn">
<arg>ID Usuário: ${id_user}</arg>
<doc>Logs the given message to the console.</doc>
<status status="PASS" starttime="20220819 11:03:43.159" endtime="20220819 11:03:43.160"/>
</kw>
<kw name="Set Global Variable" library="BuiltIn">
<arg>${id_user}</arg>
<doc>Makes a variable available globally in all tests and suites.</doc>
<msg timestamp="20220819 11:03:43.162" level="INFO">${id_user} = BlNTfJ0tudi0TKsR</msg>
<status status="PASS" starttime="20220819 11:03:43.161" endtime="20220819 11:03:43.164"/>
</kw>
<status status="PASS" starttime="20220819 11:03:43.034" endtime="20220819 11:03:43.165"/>
</kw>
<kw name="GET Endpoint /usuarios/id" library="usuarios_keywords">
<kw name="GET On Session" library="RequestsLibrary">
<var>${response}</var>
<arg>serverest</arg>
<arg>/usuarios/${id_user}</arg>
<arg>expected_status=any</arg>
<doc>Sends a GET request on a previously created HTTP Session.</doc>
<msg timestamp="20220819 11:03:43.171" level="INFO">GET Request : url=http://localhost:3000/usuarios/BlNTfJ0tudi0TKsR 
 path_url=/usuarios/BlNTfJ0tudi0TKsR 
 headers={'User-Agent': 'python-requests/2.27.1', 'Accept-Encoding': 'gzip, deflate', 'Accept': '*/*', 'Connection': 'keep-alive'} 
 body=None 
 </msg>
<msg timestamp="20220819 11:03:43.175" level="INFO">GET Response : url=http://localhost:3000/usuarios/BlNTfJ0tudi0TKsR 
 status=200, reason=OK 
 headers={'Access-Control-Allow-Origin': '*', 'x-dns-prefetch-control': 'off', 'x-frame-options': 'SAMEORIGIN', 'strict-transport-security': 'max-age=15552000; includeSubDomains', 'x-download-options': 'noopen', 'x-content-type-options': 'nosniff', 'x-xss-protection': '1; mode=block', 'x-moesif-transaction-id': '174c71d0-bb99-4150-bbe9-c7eddf402321', 'Content-Type': 'application/json; charset=utf-8', 'Content-Length': '153', 'Date': 'Fri, 19 Aug 2022 14:03:43 GMT', 'Connection': 'keep-alive', 'Keep-Alive': 'timeout=5'} 
 body={
    "nome": "Fulano da Silva",
    "email": "beltrano@qa.com.br",
    "password": "teste",
    "administrador": "true",
    "_id": "BlNTfJ0tudi0TKsR"
} 
 </msg>
<msg timestamp="20220819 11:03:43.177" level="INFO">${response} = &lt;Response [200]&gt;</msg>
<status status="PASS" starttime="20220819 11:03:43.166" endtime="20220819 11:03:43.179"/>
</kw>
<kw name="Log To Console" library="BuiltIn">
<arg>Response: ${response.content}</arg>
<doc>Logs the given message to the console.</doc>
<status status="PASS" starttime="20220819 11:03:43.179" endtime="20220819 11:03:43.182"/>
</kw>
<kw name="Set Global Variable" library="BuiltIn">
<arg>${response}</arg>
<doc>Makes a variable available globally in all tests and suites.</doc>
<msg timestamp="20220819 11:03:43.184" level="INFO">${response} = &lt;Response [200]&gt;</msg>
<status status="PASS" starttime="20220819 11:03:43.183" endtime="20220819 11:03:43.186"/>
</kw>
<status status="PASS" starttime="20220819 11:03:43.165" endtime="20220819 11:03:43.187"/>
</kw>
<kw name="Validar Status Code &quot;200&quot;" library="common" sourcename="Validar Status Code &quot;${statuscode}&quot;">
<kw name="Should Be True" library="BuiltIn">
<arg>${response.status_code} == ${statuscode}</arg>
<doc>Fails if the given condition is not true.</doc>
<status status="PASS" starttime="20220819 11:03:43.191" endtime="20220819 11:03:43.197"/>
</kw>
<kw name="Log To Console" library="BuiltIn">
<arg>Status Code Retornado: ${response.status_code}</arg>
<doc>Logs the given message to the console.</doc>
<status status="PASS" starttime="20220819 11:03:43.198" endtime="20220819 11:03:43.207"/>
</kw>
<status status="PASS" starttime="20220819 11:03:43.189" endtime="20220819 11:03:43.209"/>
</kw>
<kw name="Validar Cadastro do E-mail &quot;beltrano@qa.com.br&quot;" library="usuarios_keywords" sourcename="Validar Cadastro do E-mail &quot;${email}&quot;">
<kw name="Should Contain" library="BuiltIn">
<arg>${response.json()["email"]}</arg>
<arg>${email}</arg>
<doc>Fails if ``container`` does not contain ``item`` one or more times.</doc>
<status status="PASS" starttime="20220819 11:03:43.244" endtime="20220819 11:03:43.246"/>
</kw>
<kw name="Log To Console" library="BuiltIn">
<arg>E-mail Cadastrado: ${response.json()["email"]}</arg>
<doc>Logs the given message to the console.</doc>
<status status="PASS" starttime="20220819 11:03:43.246" endtime="20220819 11:03:43.263"/>
</kw>
<status status="PASS" starttime="20220819 11:03:43.237" endtime="20220819 11:03:43.264"/>
</kw>
<kw name="DELETE Endpoint /usuarios/id" library="usuarios_keywords">
<kw name="DELETE On Session" library="RequestsLibrary">
<var>${response}</var>
<arg>serverest</arg>
<arg>/usuarios/${id_user}</arg>
<arg>expected_status=any</arg>
<doc>Sends a DELETE request on a previously created HTTP Session.</doc>
<msg timestamp="20220819 11:03:43.301" level="INFO">DELETE Request : url=http://localhost:3000/usuarios/BlNTfJ0tudi0TKsR 
 path_url=/usuarios/BlNTfJ0tudi0TKsR 
 headers={'User-Agent': 'python-requests/2.27.1', 'Accept-Encoding': 'gzip, deflate', 'Accept': '*/*', 'Connection': 'keep-alive', 'Content-Length': '0'} 
 body=None 
 </msg>
<msg timestamp="20220819 11:03:43.302" level="INFO">DELETE Response : url=http://localhost:3000/usuarios/BlNTfJ0tudi0TKsR 
 status=200, reason=OK 
 headers={'Access-Control-Allow-Origin': '*', 'x-dns-prefetch-control': 'off', 'x-frame-options': 'SAMEORIGIN', 'strict-transport-security': 'max-age=15552000; includeSubDomains', 'x-download-options': 'noopen', 'x-content-type-options': 'nosniff', 'x-xss-protection': '1; mode=block', 'x-moesif-transaction-id': '5466dff8-2606-4864-9065-d51868917f9e', 'Content-Type': 'application/json; charset=utf-8', 'Content-Length': '51', 'Date': 'Fri, 19 Aug 2022 14:03:43 GMT', 'Connection': 'keep-alive', 'Keep-Alive': 'timeout=5'} 
 body={
    "message": "Registro excluído com sucesso"
} 
 </msg>
<msg timestamp="20220819 11:03:43.304" level="INFO">${response} = &lt;Response [200]&gt;</msg>
<status status="PASS" starttime="20220819 11:03:43.295" endtime="20220819 11:03:43.307"/>
</kw>
<kw name="Log To Console" library="BuiltIn">
<arg>ID Deletado: ${id_user}</arg>
<doc>Logs the given message to the console.</doc>
<status status="PASS" starttime="20220819 11:03:43.308" endtime="20220819 11:03:43.310"/>
</kw>
<kw name="Log To Console" library="BuiltIn">
<arg>Response: ${response.content}</arg>
<doc>Logs the given message to the console.</doc>
<status status="PASS" starttime="20220819 11:03:43.310" endtime="20220819 11:03:43.315"/>
</kw>
<kw name="Set Global Variable" library="BuiltIn">
<arg>${response}</arg>
<doc>Makes a variable available globally in all tests and suites.</doc>
<msg timestamp="20220819 11:03:43.317" level="INFO">${response} = &lt;Response [200]&gt;</msg>
<status status="PASS" starttime="20220819 11:03:43.316" endtime="20220819 11:03:43.319"/>
</kw>
<status status="PASS" starttime="20220819 11:03:43.294" endtime="20220819 11:03:43.320"/>
</kw>
<tag>GETUSER200</tag>
<status status="PASS" starttime="20220819 11:03:42.966" endtime="20220819 11:03:43.334"/>
</test>
<test id="s1-s1-t7" name="Cenario 07: GET Buscar Usuario Não Encontrado 400" line="70">
<kw name="Criar Sessao" library="common">
<kw name="Create Session" library="RequestsLibrary">
<arg>serverest</arg>
<arg>http://localhost:3000</arg>
<doc>Create Session: create a HTTP session to a server</doc>
<msg timestamp="20220819 11:03:43.344" level="INFO">Creating Session using : alias=serverest, url=http://localhost:3000, headers={},                     cookies={}, auth=None, timeout=None, proxies=None, verify=False,                     debug=0 </msg>
<status status="PASS" starttime="20220819 11:03:43.343" endtime="20220819 11:03:43.348"/>
</kw>
<status status="PASS" starttime="20220819 11:03:43.342" endtime="20220819 11:03:43.349"/>
</kw>
<kw name="Selecionar ID User Invalido" library="usuarios_keywords">
<kw name="Set Variable" library="BuiltIn">
<var>${id_user}</var>
<arg>1258623</arg>
<doc>Returns the given values which can then be assigned to a variables.</doc>
<msg timestamp="20220819 11:03:43.351" level="INFO">${id_user} = 1258623</msg>
<status status="PASS" starttime="20220819 11:03:43.351" endtime="20220819 11:03:43.354"/>
</kw>
<kw name="Set Global Variable" library="BuiltIn">
<arg>${id_user}</arg>
<doc>Makes a variable available globally in all tests and suites.</doc>
<msg timestamp="20220819 11:03:43.358" level="INFO">${id_user} = 1258623</msg>
<status status="PASS" starttime="20220819 11:03:43.354" endtime="20220819 11:03:43.360"/>
</kw>
<status status="PASS" starttime="20220819 11:03:43.350" endtime="20220819 11:03:43.360"/>
</kw>
<kw name="GET Endpoint /usuarios/id" library="usuarios_keywords">
<kw name="GET On Session" library="RequestsLibrary">
<var>${response}</var>
<arg>serverest</arg>
<arg>/usuarios/${id_user}</arg>
<arg>expected_status=any</arg>
<doc>Sends a GET request on a previously created HTTP Session.</doc>
<msg timestamp="20220819 11:03:43.386" level="INFO">GET Request : url=http://localhost:3000/usuarios/1258623 
 path_url=/usuarios/1258623 
 headers={'User-Agent': 'python-requests/2.27.1', 'Accept-Encoding': 'gzip, deflate', 'Accept': '*/*', 'Connection': 'keep-alive'} 
 body=None 
 </msg>
<msg timestamp="20220819 11:03:43.388" level="INFO">GET Response : url=http://localhost:3000/usuarios/1258623 
 status=400, reason=Bad Request 
 headers={'Access-Control-Allow-Origin': '*', 'x-dns-prefetch-control': 'off', 'x-frame-options': 'SAMEORIGIN', 'strict-transport-security': 'max-age=15552000; includeSubDomains', 'x-download-options': 'noopen', 'x-content-type-options': 'nosniff', 'x-xss-protection': '1; mode=block', 'x-moesif-transaction-id': '7fe3139b-4ace-423d-ab1f-5c4f53c3cc52', 'Content-Type': 'application/json; charset=utf-8', 'Content-Length': '45', 'Date': 'Fri, 19 Aug 2022 14:03:43 GMT', 'Connection': 'keep-alive', 'Keep-Alive': 'timeout=5'} 
 body={
    "message": "Usuário não encontrado"
} 
 </msg>
<msg timestamp="20220819 11:03:43.394" level="INFO">${response} = &lt;Response [400]&gt;</msg>
<status status="PASS" starttime="20220819 11:03:43.376" endtime="20220819 11:03:43.396"/>
</kw>
<kw name="Log To Console" library="BuiltIn">
<arg>Response: ${response.content}</arg>
<doc>Logs the given message to the console.</doc>
<status status="PASS" starttime="20220819 11:03:43.397" endtime="20220819 11:03:43.399"/>
</kw>
<kw name="Set Global Variable" library="BuiltIn">
<arg>${response}</arg>
<doc>Makes a variable available globally in all tests and suites.</doc>
<msg timestamp="20220819 11:03:43.401" level="INFO">${response} = &lt;Response [400]&gt;</msg>
<status status="PASS" starttime="20220819 11:03:43.400" endtime="20220819 11:03:43.403"/>
</kw>
<status status="PASS" starttime="20220819 11:03:43.375" endtime="20220819 11:03:43.403"/>
</kw>
<kw name="Validar Status Code &quot;400&quot;" library="common" sourcename="Validar Status Code &quot;${statuscode}&quot;">
<kw name="Should Be True" library="BuiltIn">
<arg>${response.status_code} == ${statuscode}</arg>
<doc>Fails if the given condition is not true.</doc>
<status status="PASS" starttime="20220819 11:03:43.406" endtime="20220819 11:03:43.410"/>
</kw>
<kw name="Log To Console" library="BuiltIn">
<arg>Status Code Retornado: ${response.status_code}</arg>
<doc>Logs the given message to the console.</doc>
<status status="PASS" starttime="20220819 11:03:43.411" endtime="20220819 11:03:43.413"/>
</kw>
<status status="PASS" starttime="20220819 11:03:43.404" endtime="20220819 11:03:43.415"/>
</kw>
<kw name="Validar Mensagem Usuário Não Encontrado" library="usuarios_keywords">
<kw name="Should Be Equal" library="BuiltIn">
<arg>${response.json()["message"]}</arg>
<arg>Usuário não encontrado</arg>
<doc>Fails if the given objects are unequal.</doc>
<status status="PASS" starttime="20220819 11:03:43.418" endtime="20220819 11:03:43.420"/>
</kw>
<status status="PASS" starttime="20220819 11:03:43.417" endtime="20220819 11:03:43.420"/>
</kw>
<tag>GETUSER400</tag>
<status status="PASS" starttime="20220819 11:03:43.336" endtime="20220819 11:03:43.422"/>
</test>
<test id="s1-s1-t8" name="Cenario 08: DELETE Deletar Usuario 200" line="78">
<kw name="Criar Sessao" library="common">
<kw name="Create Session" library="RequestsLibrary">
<arg>serverest</arg>
<arg>http://localhost:3000</arg>
<doc>Create Session: create a HTTP session to a server</doc>
<msg timestamp="20220819 11:03:43.536" level="INFO">Creating Session using : alias=serverest, url=http://localhost:3000, headers={},                     cookies={}, auth=None, timeout=None, proxies=None, verify=False,                     debug=0 </msg>
<status status="PASS" starttime="20220819 11:03:43.535" endtime="20220819 11:03:43.545"/>
</kw>
<status status="PASS" starttime="20220819 11:03:43.534" endtime="20220819 11:03:43.546"/>
</kw>
<kw name="Fazer Login e Armazenar Token" library="login_keywords">
<kw name="Selecionar Usuario Login Valido" library="login_keywords">
<kw name="Importar JSON Estatico" library="common">
<var>${json}</var>
<arg>json_login_ex.json</arg>
<kw name="Get File" library="OperatingSystem">
<var>${arquivo}</var>
<arg>${EXECDIR}/${nome_arquivo}</arg>
<doc>Returns the contents of a specified file.</doc>
<msg timestamp="20220819 11:03:43.582" level="INFO" html="true">Getting file '&lt;a href="file://D:\Pessoal\SENAC\Estágio\Compass\Sprint 5 - Robot-Framework em APIs\CHALLENGE\json_login_ex.json"&gt;D:\Pessoal\SENAC\Estágio\Compass\Sprint 5 - Robot-Framework em APIs\CHALLENGE\json_login_ex.json&lt;/a&gt;'.</msg>
<msg timestamp="20220819 11:03:43.587" level="INFO">${arquivo} = {   
    "user_valido": {
        "email":"zequinha@qa.com.br",
        "password":"teste"
    },
    "user_invalido": {
        "email": "emailinexistente@gmail.com",
        "password":"teste"
    }...</msg>
<status status="PASS" starttime="20220819 11:03:43.581" endtime="20220819 11:03:43.596"/>
</kw>
<kw name="Evaluate" library="BuiltIn">
<var>${data}</var>
<arg>json.loads('''${arquivo}''')</arg>
<arg>json</arg>
<doc>Evaluates the given expression in Python and returns the result.</doc>
<msg timestamp="20220819 11:03:43.598" level="INFO">${data} = {'user_valido': {'email': 'zequinha@qa.com.br', 'password': 'teste'}, 'user_invalido': {'email': 'emailinexistente@gmail.com', 'password': 'teste'}, 'user_sem_senha': {'email': 'zequinha@qa.com.br', '...</msg>
<status status="PASS" starttime="20220819 11:03:43.597" endtime="20220819 11:03:43.600"/>
</kw>
<msg timestamp="20220819 11:03:43.601" level="INFO">${json} = {'user_valido': {'email': 'zequinha@qa.com.br', 'password': 'teste'}, 'user_invalido': {'email': 'emailinexistente@gmail.com', 'password': 'teste'}, 'user_sem_senha': {'email': 'zequinha@qa.com.br', '...</msg>
<status status="PASS" starttime="20220819 11:03:43.575" endtime="20220819 11:03:43.602"/>
</kw>
<kw name="Set Variable" library="BuiltIn">
<var>${payload}</var>
<arg>${json["user_valido"]}</arg>
<doc>Returns the given values which can then be assigned to a variables.</doc>
<msg timestamp="20220819 11:03:43.605" level="INFO">${payload} = {'email': 'zequinha@qa.com.br', 'password': 'teste'}</msg>
<status status="PASS" starttime="20220819 11:03:43.603" endtime="20220819 11:03:43.609"/>
</kw>
<kw name="Set Global Variable" library="BuiltIn">
<arg>${payload}</arg>
<doc>Makes a variable available globally in all tests and suites.</doc>
<msg timestamp="20220819 11:03:43.613" level="INFO">${payload} = {'email': 'zequinha@qa.com.br', 'password': 'teste'}</msg>
<status status="PASS" starttime="20220819 11:03:43.610" endtime="20220819 11:03:43.614"/>
</kw>
<status status="PASS" starttime="20220819 11:03:43.571" endtime="20220819 11:03:43.615"/>
</kw>
<kw name="POST Endpoint /login" library="login_keywords">
<kw name="POST On Session" library="RequestsLibrary">
<var>${response}</var>
<arg>serverest</arg>
<arg>/login</arg>
<arg>json=&amp;{payload}</arg>
<arg>expected_status=any</arg>
<doc>Sends a POST request on a previously created HTTP Session.</doc>
<msg timestamp="20220819 11:03:43.626" level="INFO">POST Request : url=http://localhost:3000/login 
 path_url=/login 
 headers={'User-Agent': 'python-requests/2.27.1', 'Accept-Encoding': 'gzip, deflate', 'Accept': '*/*', 'Connection': 'keep-alive', 'Content-Length': '52', 'Content-Type': 'application/json'} 
 body=b'{"email": "zequinha@qa.com.br", "password": "teste"}' 
 </msg>
<msg timestamp="20220819 11:03:43.628" level="INFO">POST Response : url=http://localhost:3000/login 
 status=200, reason=OK 
 headers={'Access-Control-Allow-Origin': '*', 'x-dns-prefetch-control': 'off', 'x-frame-options': 'SAMEORIGIN', 'strict-transport-security': 'max-age=15552000; includeSubDomains', 'x-download-options': 'noopen', 'x-content-type-options': 'nosniff', 'x-xss-protection': '1; mode=block', 'x-moesif-transaction-id': '21e174db-cd0e-471e-8d33-c07f8026ad0d', 'Content-Type': 'application/json; charset=utf-8', 'Content-Length': '272', 'Date': 'Fri, 19 Aug 2022 14:03:43 GMT', 'Connection': 'keep-alive', 'Keep-Alive': 'timeout=5'} 
 body={
    "message": "Login realizado com sucesso",
    "authorization": "Bearer eyJhbGciOiJIUzI1NiIsInR5cCI6IkpXVCJ9.eyJlbWFpbCI6InplcXVpbmhhQHFhLmNvbS5iciIsInBhc3N3b3JkIjoidGVzdGUiLCJpYXQiOjE2NjA5MTc4MjMsImV4cCI6MTY2MDkxODQyM30.6dqUndnR8ZdxJH-b7Iu4sXmQmdJ9Tlx9Y1KPQA1w8B8"
} 
 </msg>
<msg timestamp="20220819 11:03:43.630" level="INFO">${response} = &lt;Response [200]&gt;</msg>
<status status="PASS" starttime="20220819 11:03:43.616" endtime="20220819 11:03:43.632"/>
</kw>
<kw name="Log To Console" library="BuiltIn">
<arg>Response: ${response.content}</arg>
<doc>Logs the given message to the console.</doc>
<status status="PASS" starttime="20220819 11:03:43.632" endtime="20220819 11:03:43.679"/>
</kw>
<kw name="Set Global Variable" library="BuiltIn">
<arg>${response}</arg>
<doc>Makes a variable available globally in all tests and suites.</doc>
<msg timestamp="20220819 11:03:43.681" level="INFO">${response} = &lt;Response [200]&gt;</msg>
<status status="PASS" starttime="20220819 11:03:43.680" endtime="20220819 11:03:43.683"/>
</kw>
<status status="PASS" starttime="20220819 11:03:43.615" endtime="20220819 11:03:43.684"/>
</kw>
<kw name="Validar Ter Logado" library="login_keywords">
<kw name="Should Be Equal" library="BuiltIn">
<arg>${response.json()["message"]}</arg>
<arg>Login realizado com sucesso</arg>
<doc>Fails if the given objects are unequal.</doc>
<status status="PASS" starttime="20220819 11:03:43.686" endtime="20220819 11:03:43.687"/>
</kw>
<kw name="Should Not Be Empty" library="BuiltIn">
<arg>${response.json()["authorization"]}</arg>
<doc>Verifies that the given item is not empty.</doc>
<msg timestamp="20220819 11:03:43.690" level="INFO">Length is 199</msg>
<status status="PASS" starttime="20220819 11:03:43.688" endtime="20220819 11:03:43.693"/>
</kw>
<status status="PASS" starttime="20220819 11:03:43.684" endtime="20220819 11:03:43.694"/>
</kw>
<kw name="Set Variable" library="BuiltIn">
<var>${token_auth}</var>
<arg>${response.json()["authorization"]}</arg>
<doc>Returns the given values which can then be assigned to a variables.</doc>
<msg timestamp="20220819 11:03:43.696" level="INFO">${token_auth} = Bearer eyJhbGciOiJIUzI1NiIsInR5cCI6IkpXVCJ9.eyJlbWFpbCI6InplcXVpbmhhQHFhLmNvbS5iciIsInBhc3N3b3JkIjoidGVzdGUiLCJpYXQiOjE2NjA5MTc4MjMsImV4cCI6MTY2MDkxODQyM30.6dqUndnR8ZdxJH-b7Iu4sXmQmdJ9Tlx9Y1KPQA1w8B8</msg>
<status status="PASS" starttime="20220819 11:03:43.694" endtime="20220819 11:03:43.697"/>
</kw>
<kw name="Log To Console" library="BuiltIn">
<arg>Token Salvo: ${token_auth}</arg>
<doc>Logs the given message to the console.</doc>
<status status="PASS" starttime="20220819 11:03:43.698" endtime="20220819 11:03:43.699"/>
</kw>
<kw name="Set Global Variable" library="BuiltIn">
<arg>${token_auth}</arg>
<doc>Makes a variable available globally in all tests and suites.</doc>
<msg timestamp="20220819 11:03:43.701" level="INFO">${token_auth} = Bearer eyJhbGciOiJIUzI1NiIsInR5cCI6IkpXVCJ9.eyJlbWFpbCI6InplcXVpbmhhQHFhLmNvbS5iciIsInBhc3N3b3JkIjoidGVzdGUiLCJpYXQiOjE2NjA5MTc4MjMsImV4cCI6MTY2MDkxODQyM30.6dqUndnR8ZdxJH-b7Iu4sXmQmdJ9Tlx9Y1KPQA1w8B8</msg>
<status status="PASS" starttime="20220819 11:03:43.700" endtime="20220819 11:03:43.703"/>
</kw>
<status status="PASS" starttime="20220819 11:03:43.566" endtime="20220819 11:03:43.704"/>
</kw>
<kw name="Criar Um Usuario e Armazenar ID" library="usuarios_keywords">
<kw name="Criar Usuario Estatico Valido" library="usuarios_keywords">
<kw name="Importar JSON Estatico" library="common">
<var>${json}</var>
<arg>json_usuario_ex.json</arg>
<kw name="Get File" library="OperatingSystem">
<var>${arquivo}</var>
<arg>${EXECDIR}/${nome_arquivo}</arg>
<doc>Returns the contents of a specified file.</doc>
<msg timestamp="20220819 11:03:43.710" level="INFO" html="true">Getting file '&lt;a href="file://D:\Pessoal\SENAC\Estágio\Compass\Sprint 5 - Robot-Framework em APIs\CHALLENGE\json_usuario_ex.json"&gt;D:\Pessoal\SENAC\Estágio\Compass\Sprint 5 - Robot-Framework em APIs\CHALLENGE\json_usuario_ex.json&lt;/a&gt;'.</msg>
<msg timestamp="20220819 11:03:43.714" level="INFO">${arquivo} = {
    "user_valido": {
        "nome": "Fulano da Silva",
        "email": "beltrano@qa.com.br",
        "password": "teste",
        "administrador": "true"
    }, 
    "user_invalido": {
        "no...</msg>
<status status="PASS" starttime="20220819 11:03:43.709" endtime="20220819 11:03:43.718"/>
</kw>
<kw name="Evaluate" library="BuiltIn">
<var>${data}</var>
<arg>json.loads('''${arquivo}''')</arg>
<arg>json</arg>
<doc>Evaluates the given expression in Python and returns the result.</doc>
<msg timestamp="20220819 11:03:43.720" level="INFO">${data} = {'user_valido': {'nome': 'Fulano da Silva', 'email': 'beltrano@qa.com.br', 'password': 'teste', 'administrador': 'true'}, 'user_invalido': {'nome': 'Invalido Tester', 'email': 'zequinha@qa.com.br', 'p...</msg>
<status status="PASS" starttime="20220819 11:03:43.719" endtime="20220819 11:03:43.726"/>
</kw>
<msg timestamp="20220819 11:03:43.727" level="INFO">${json} = {'user_valido': {'nome': 'Fulano da Silva', 'email': 'beltrano@qa.com.br', 'password': 'teste', 'administrador': 'true'}, 'user_invalido': {'nome': 'Invalido Tester', 'email': 'zequinha@qa.com.br', 'p...</msg>
<status status="PASS" starttime="20220819 11:03:43.708" endtime="20220819 11:03:43.729"/>
</kw>
<kw name="Set Variable" library="BuiltIn">
<var>${payload}</var>
<arg>${json["user_valido"]}</arg>
<doc>Returns the given values which can then be assigned to a variables.</doc>
<msg timestamp="20220819 11:03:43.748" level="INFO">${payload} = {'nome': 'Fulano da Silva', 'email': 'beltrano@qa.com.br', 'password': 'teste', 'administrador': 'true'}</msg>
<status status="PASS" starttime="20220819 11:03:43.729" endtime="20220819 11:03:43.749"/>
</kw>
<kw name="Set Global Variable" library="BuiltIn">
<arg>${payload}</arg>
<doc>Makes a variable available globally in all tests and suites.</doc>
<msg timestamp="20220819 11:03:43.751" level="INFO">${payload} = {'nome': 'Fulano da Silva', 'email': 'beltrano@qa.com.br', 'password': 'teste', 'administrador': 'true'}</msg>
<status status="PASS" starttime="20220819 11:03:43.750" endtime="20220819 11:03:43.753"/>
</kw>
<status status="PASS" starttime="20220819 11:03:43.706" endtime="20220819 11:03:43.753"/>
</kw>
<kw name="POST Endpoint /usuarios" library="usuarios_keywords">
<kw name="POST On Session" library="RequestsLibrary">
<var>${response}</var>
<arg>serverest</arg>
<arg>/usuarios/</arg>
<arg>json=&amp;{payload}</arg>
<arg>expected_status=any</arg>
<doc>Sends a POST request on a previously created HTTP Session.</doc>
<msg timestamp="20220819 11:03:43.778" level="INFO">POST Request : url=http://localhost:3000/usuarios/ 
 path_url=/usuarios/ 
 headers={'User-Agent': 'python-requests/2.27.1', 'Accept-Encoding': 'gzip, deflate', 'Accept': '*/*', 'Connection': 'keep-alive', 'Content-Length': '104', 'Content-Type': 'application/json'} 
 body=b'{"nome": "Fulano da Silva", "email": "beltrano@qa.com.br", "password": "teste", "administrador": "true"}' 
 </msg>
<msg timestamp="20220819 11:03:43.780" level="INFO">POST Response : url=http://localhost:3000/usuarios/ 
 status=201, reason=Created 
 headers={'Access-Control-Allow-Origin': '*', 'x-dns-prefetch-control': 'off', 'x-frame-options': 'SAMEORIGIN', 'strict-transport-security': 'max-age=15552000; includeSubDomains', 'x-download-options': 'noopen', 'x-content-type-options': 'nosniff', 'x-xss-protection': '1; mode=block', 'x-moesif-transaction-id': 'bdb6beb4-61b7-495e-9dd8-7681cf21d8ab', 'Content-Type': 'application/json; charset=utf-8', 'Content-Length': '82', 'Date': 'Fri, 19 Aug 2022 14:03:43 GMT', 'Connection': 'keep-alive', 'Keep-Alive': 'timeout=5'} 
 body={
    "message": "Cadastro realizado com sucesso",
    "_id": "l1R3Pr2rKgB6dnFI"
} 
 </msg>
<msg timestamp="20220819 11:03:43.782" level="INFO">${response} = &lt;Response [201]&gt;</msg>
<status status="PASS" starttime="20220819 11:03:43.756" endtime="20220819 11:03:43.783"/>
</kw>
<kw name="Log To Console" library="BuiltIn">
<arg>Response: ${response.content}</arg>
<doc>Logs the given message to the console.</doc>
<status status="PASS" starttime="20220819 11:03:43.784" endtime="20220819 11:03:43.786"/>
</kw>
<kw name="Log To Console" library="BuiltIn">
<arg>Response: ${payload}</arg>
<doc>Logs the given message to the console.</doc>
<status status="PASS" starttime="20220819 11:03:43.787" endtime="20220819 11:03:43.788"/>
</kw>
<kw name="Set Global Variable" library="BuiltIn">
<arg>${response}</arg>
<doc>Makes a variable available globally in all tests and suites.</doc>
<msg timestamp="20220819 11:03:43.791" level="INFO">${response} = &lt;Response [201]&gt;</msg>
<status status="PASS" starttime="20220819 11:03:43.789" endtime="20220819 11:03:43.793"/>
</kw>
<status status="PASS" starttime="20220819 11:03:43.754" endtime="20220819 11:03:43.794"/>
</kw>
<kw name="Set Variable" library="BuiltIn">
<var>${id_user}</var>
<arg>${response.json()["_id"]}</arg>
<doc>Returns the given values which can then be assigned to a variables.</doc>
<msg timestamp="20220819 11:03:43.798" level="INFO">${id_user} = l1R3Pr2rKgB6dnFI</msg>
<status status="PASS" starttime="20220819 11:03:43.794" endtime="20220819 11:03:43.800"/>
</kw>
<kw name="Log To Console" library="BuiltIn">
<arg>ID Usuário: ${id_user}</arg>
<doc>Logs the given message to the console.</doc>
<status status="PASS" starttime="20220819 11:03:43.800" endtime="20220819 11:03:43.801"/>
</kw>
<kw name="Set Global Variable" library="BuiltIn">
<arg>${id_user}</arg>
<doc>Makes a variable available globally in all tests and suites.</doc>
<msg timestamp="20220819 11:03:43.803" level="INFO">${id_user} = l1R3Pr2rKgB6dnFI</msg>
<status status="PASS" starttime="20220819 11:03:43.802" endtime="20220819 11:03:43.807"/>
</kw>
<status status="PASS" starttime="20220819 11:03:43.705" endtime="20220819 11:03:43.808"/>
</kw>
<kw name="DELETE Endpoint /usuarios/id" library="usuarios_keywords">
<kw name="DELETE On Session" library="RequestsLibrary">
<var>${response}</var>
<arg>serverest</arg>
<arg>/usuarios/${id_user}</arg>
<arg>expected_status=any</arg>
<doc>Sends a DELETE request on a previously created HTTP Session.</doc>
<msg timestamp="20220819 11:03:43.859" level="INFO">DELETE Request : url=http://localhost:3000/usuarios/l1R3Pr2rKgB6dnFI 
 path_url=/usuarios/l1R3Pr2rKgB6dnFI 
 headers={'User-Agent': 'python-requests/2.27.1', 'Accept-Encoding': 'gzip, deflate', 'Accept': '*/*', 'Connection': 'keep-alive', 'Content-Length': '0'} 
 body=None 
 </msg>
<msg timestamp="20220819 11:03:43.861" level="INFO">DELETE Response : url=http://localhost:3000/usuarios/l1R3Pr2rKgB6dnFI 
 status=200, reason=OK 
 headers={'Access-Control-Allow-Origin': '*', 'x-dns-prefetch-control': 'off', 'x-frame-options': 'SAMEORIGIN', 'strict-transport-security': 'max-age=15552000; includeSubDomains', 'x-download-options': 'noopen', 'x-content-type-options': 'nosniff', 'x-xss-protection': '1; mode=block', 'x-moesif-transaction-id': 'ada6c7ab-f2ee-4fe2-8b7c-57dbd6a5b300', 'Content-Type': 'application/json; charset=utf-8', 'Content-Length': '51', 'Date': 'Fri, 19 Aug 2022 14:03:43 GMT', 'Connection': 'keep-alive', 'Keep-Alive': 'timeout=5'} 
 body={
    "message": "Registro excluído com sucesso"
} 
 </msg>
<msg timestamp="20220819 11:03:43.863" level="INFO">${response} = &lt;Response [200]&gt;</msg>
<status status="PASS" starttime="20220819 11:03:43.810" endtime="20220819 11:03:43.865"/>
</kw>
<kw name="Log To Console" library="BuiltIn">
<arg>ID Deletado: ${id_user}</arg>
<doc>Logs the given message to the console.</doc>
<status status="PASS" starttime="20220819 11:03:43.865" endtime="20220819 11:03:43.867"/>
</kw>
<kw name="Log To Console" library="BuiltIn">
<arg>Response: ${response.content}</arg>
<doc>Logs the given message to the console.</doc>
<status status="PASS" starttime="20220819 11:03:43.867" endtime="20220819 11:03:43.869"/>
</kw>
<kw name="Set Global Variable" library="BuiltIn">
<arg>${response}</arg>
<doc>Makes a variable available globally in all tests and suites.</doc>
<msg timestamp="20220819 11:03:43.871" level="INFO">${response} = &lt;Response [200]&gt;</msg>
<status status="PASS" starttime="20220819 11:03:43.870" endtime="20220819 11:03:43.875"/>
</kw>
<status status="PASS" starttime="20220819 11:03:43.809" endtime="20220819 11:03:43.876"/>
</kw>
<kw name="Validar Status Code &quot;200&quot;" library="common" sourcename="Validar Status Code &quot;${statuscode}&quot;">
<kw name="Should Be True" library="BuiltIn">
<arg>${response.status_code} == ${statuscode}</arg>
<doc>Fails if the given condition is not true.</doc>
<status status="PASS" starttime="20220819 11:03:43.878" endtime="20220819 11:03:43.880"/>
</kw>
<kw name="Log To Console" library="BuiltIn">
<arg>Status Code Retornado: ${response.status_code}</arg>
<doc>Logs the given message to the console.</doc>
<status status="PASS" starttime="20220819 11:03:43.881" endtime="20220819 11:03:43.883"/>
</kw>
<status status="PASS" starttime="20220819 11:03:43.876" endtime="20220819 11:03:43.884"/>
</kw>
<kw name="GET Endpoint /usuarios/id" library="usuarios_keywords">
<kw name="GET On Session" library="RequestsLibrary">
<var>${response}</var>
<arg>serverest</arg>
<arg>/usuarios/${id_user}</arg>
<arg>expected_status=any</arg>
<doc>Sends a GET request on a previously created HTTP Session.</doc>
<msg timestamp="20220819 11:03:43.909" level="INFO">GET Request : url=http://localhost:3000/usuarios/l1R3Pr2rKgB6dnFI 
 path_url=/usuarios/l1R3Pr2rKgB6dnFI 
 headers={'User-Agent': 'python-requests/2.27.1', 'Accept-Encoding': 'gzip, deflate', 'Accept': '*/*', 'Connection': 'keep-alive'} 
 body=None 
 </msg>
<msg timestamp="20220819 11:03:43.911" level="INFO">GET Response : url=http://localhost:3000/usuarios/l1R3Pr2rKgB6dnFI 
 status=400, reason=Bad Request 
 headers={'Access-Control-Allow-Origin': '*', 'x-dns-prefetch-control': 'off', 'x-frame-options': 'SAMEORIGIN', 'strict-transport-security': 'max-age=15552000; includeSubDomains', 'x-download-options': 'noopen', 'x-content-type-options': 'nosniff', 'x-xss-protection': '1; mode=block', 'x-moesif-transaction-id': 'b4b4530a-6bf0-4f15-a9b2-8538b9d6b385', 'Content-Type': 'application/json; charset=utf-8', 'Content-Length': '45', 'Date': 'Fri, 19 Aug 2022 14:03:43 GMT', 'Connection': 'keep-alive', 'Keep-Alive': 'timeout=5'} 
 body={
    "message": "Usuário não encontrado"
} 
 </msg>
<msg timestamp="20220819 11:03:43.913" level="INFO">${response} = &lt;Response [400]&gt;</msg>
<status status="PASS" starttime="20220819 11:03:43.886" endtime="20220819 11:03:43.915"/>
</kw>
<kw name="Log To Console" library="BuiltIn">
<arg>Response: ${response.content}</arg>
<doc>Logs the given message to the console.</doc>
<status status="PASS" starttime="20220819 11:03:43.916" endtime="20220819 11:03:43.919"/>
</kw>
<kw name="Set Global Variable" library="BuiltIn">
<arg>${response}</arg>
<doc>Makes a variable available globally in all tests and suites.</doc>
<msg timestamp="20220819 11:03:43.920" level="INFO">${response} = &lt;Response [400]&gt;</msg>
<status status="PASS" starttime="20220819 11:03:43.919" endtime="20220819 11:03:43.925"/>
</kw>
[...]
<msg timestamp="20220819 11:03:52.560" level="INFO">POST Request : url=http://localhost:3000/carrinhos 
 path_url=/carrinhos 
 headers={'User-Agent': 'python-requests/2.27.1', 'Accept-Encoding': 'gzip, deflate', 'Accept': '*/*', 'Connection': 'keep-alive', 'Authorization': 'Bearer eyJhbGciOiJIUzI1NiIsInR5cCI6IkpXVCJ9.eyJlbWFpbCI6InplcXVpbmhhQHFhLmNvbS5iciIsInBhc3N3b3JkIjoidGVzdGUiLCJpYXQiOjE2NjA5MTc4MzIsImV4cCI6MTY2MDkxODQzMn0.zKcFaPqM-JxL8W-5wHmDCq-OQ3MxzWy_T4UuIsh1L9M', 'Content-Length': '118', 'Content-Type': 'application/json'} 
 body=b'{"produtos": [{"idProduto": "BeeJh5lz3k6kSIzA", "quantidade": 1}, {"idProduto": "K6leHdftCeOJj8BJ", "quantidade": 3}]}' 
 </msg>
<msg timestamp="20220819 11:03:52.561" level="INFO">POST Response : url=http://localhost:3000/carrinhos 
 status=201, reason=Created 
 headers={'Access-Control-Allow-Origin': '*', 'x-dns-prefetch-control': 'off', 'x-frame-options': 'SAMEORIGIN', 'strict-transport-security': 'max-age=15552000; includeSubDomains', 'x-download-options': 'noopen', 'x-content-type-options': 'nosniff', 'x-xss-protection': '1; mode=block', 'x-moesif-transaction-id': '8e7d3013-2733-44f4-b24f-d09c29410bae', 'Content-Type': 'application/json; charset=utf-8', 'Content-Length': '82', 'Date': 'Fri, 19 Aug 2022 14:03:52 GMT', 'Connection': 'keep-alive', 'Keep-Alive': 'timeout=5'} 
 body={
    "message": "Cadastro realizado com sucesso",
    "_id": "YzwWFXt5Ef4dNUkY"
} 
 </msg>
<msg timestamp="20220819 11:03:52.563" level="INFO">${response} = &lt;Response [201]&gt;</msg>
<status status="PASS" starttime="20220819 11:03:52.547" endtime="20220819 11:03:52.565"/>
</kw>
<kw name="Log To Console" library="BuiltIn">
<arg>Response: ${response.content}</arg>
<doc>Logs the given message to the console.</doc>
<status status="PASS" starttime="20220819 11:03:52.565" endtime="20220819 11:03:52.568"/>
</kw>
<kw name="Set Global Variable" library="BuiltIn">
<arg>${response}</arg>
<doc>Makes a variable available globally in all tests and suites.</doc>
<msg timestamp="20220819 11:03:52.570" level="INFO">${response} = &lt;Response [201]&gt;</msg>
<status status="PASS" starttime="20220819 11:03:52.569" endtime="20220819 11:03:52.573"/>
</kw>
<status status="PASS" starttime="20220819 11:03:52.543" endtime="20220819 11:03:52.574"/>
</kw>
<status status="PASS" starttime="20220819 11:03:52.503" endtime="20220819 11:03:52.574"/>
</kw>
<kw name="Selecionar Token Invalido" library="common">
<kw name="Set Variable" library="BuiltIn">
<var>${token_auth}</var>
<arg>12563737</arg>
<doc>Returns the given values which can then be assigned to a variables.</doc>
<msg timestamp="20220819 11:03:52.577" level="INFO">${token_auth} = 12563737</msg>
<status status="PASS" starttime="20220819 11:03:52.576" endtime="20220819 11:03:52.578"/>
</kw>
<kw name="Set Global Variable" library="BuiltIn">
<arg>${token_auth}</arg>
<doc>Makes a variable available globally in all tests and suites.</doc>
<msg timestamp="20220819 11:03:52.580" level="INFO">${token_auth} = 12563737</msg>
<status status="PASS" starttime="20220819 11:03:52.579" endtime="20220819 11:03:52.582"/>
</kw>
<status status="PASS" starttime="20220819 11:03:52.575" endtime="20220819 11:03:52.583"/>
</kw>
<kw name="DELETE Endpoint /carrinhos/cancelar-compra" library="carrinho_keywords">
<kw name="Create Dictionary" library="BuiltIn">
<var>&amp;{header}</var>
<arg>Authorization=${token_auth}</arg>
<doc>Creates and returns a dictionary based on the given ``items``.</doc>
<msg timestamp="20220819 11:03:52.585" level="INFO">&amp;{header} = { Authorization=12563737 }</msg>
<status status="PASS" starttime="20220819 11:03:52.585" endtime="20220819 11:03:52.588"/>
</kw>
<kw name="DELETE On Session" library="RequestsLibrary">
<var>${response}</var>
<arg>serverest</arg>
<arg>/carrinhos/cancelar-compra/</arg>
<arg>headers=&amp;{header}</arg>
<arg>expected_status=any</arg>
<doc>Sends a DELETE request on a previously created HTTP Session.</doc>
<msg timestamp="20220819 11:03:52.596" level="INFO">DELETE Request : url=http://localhost:3000/carrinhos/cancelar-compra/ 
 path_url=/carrinhos/cancelar-compra/ 
 headers={'User-Agent': 'python-requests/2.27.1', 'Accept-Encoding': 'gzip, deflate', 'Accept': '*/*', 'Connection': 'keep-alive', 'Authorization': '12563737', 'Content-Length': '0'} 
 body=None 
 </msg>
<msg timestamp="20220819 11:03:52.599" level="INFO">DELETE Response : url=http://localhost:3000/carrinhos/cancelar-compra/ 
 status=401, reason=Unauthorized 
 headers={'Access-Control-Allow-Origin': '*', 'x-dns-prefetch-control': 'off', 'x-frame-options': 'SAMEORIGIN', 'strict-transport-security': 'max-age=15552000; includeSubDomains', 'x-download-options': 'noopen', 'x-content-type-options': 'nosniff', 'x-xss-protection': '1; mode=block', 'x-moesif-transaction-id': 'e2ced9f7-48ad-4046-bae2-250eb107287a', 'Content-Type': 'application/json; charset=utf-8', 'Content-Length': '103', 'Date': 'Fri, 19 Aug 2022 14:03:52 GMT', 'Connection': 'keep-alive', 'Keep-Alive': 'timeout=5'} 
 body={
    "message": "Token de acesso ausente, inválido, expirado ou usuário do token não existe mais"
} 
 </msg>
<msg timestamp="20220819 11:03:52.601" level="INFO">${response} = &lt;Response [401]&gt;</msg>
<status status="PASS" starttime="20220819 11:03:52.589" endtime="20220819 11:03:52.603"/>
</kw>
<kw name="Log To Console" library="BuiltIn">
<arg>Response: ${response.content}</arg>
<doc>Logs the given message to the console.</doc>
<status status="PASS" starttime="20220819 11:03:52.603" endtime="20220819 11:03:52.608"/>
</kw>
<kw name="Set Global Variable" library="BuiltIn">
<arg>${response}</arg>
<doc>Makes a variable available globally in all tests and suites.</doc>
<msg timestamp="20220819 11:03:52.610" level="INFO">${response} = &lt;Response [401]&gt;</msg>
<status status="PASS" starttime="20220819 11:03:52.608" endtime="20220819 11:03:52.611"/>
</kw>
<status status="PASS" starttime="20220819 11:03:52.584" endtime="20220819 11:03:52.612"/>
</kw>
<kw name="Validar Status Code &quot;401&quot;" library="common" sourcename="Validar Status Code &quot;${statuscode}&quot;">
<kw name="Should Be True" library="BuiltIn">
<arg>${response.status_code} == ${statuscode}</arg>
<doc>Fails if the given condition is not true.</doc>
<status status="PASS" starttime="20220819 11:03:52.614" endtime="20220819 11:03:52.616"/>
</kw>
<kw name="Log To Console" library="BuiltIn">
<arg>Status Code Retornado: ${response.status_code}</arg>
<doc>Logs the given message to the console.</doc>
<status status="PASS" starttime="20220819 11:03:52.616" endtime="20220819 11:03:52.618"/>
</kw>
<status status="PASS" starttime="20220819 11:03:52.613" endtime="20220819 11:03:52.618"/>
</kw>
<kw name="Fazer Login e Armazenar Token" library="login_keywords">
<kw name="Selecionar Usuario Login Valido" library="login_keywords">
<kw name="Importar JSON Estatico" library="common">
<var>${json}</var>
<arg>json_login_ex.json</arg>
<kw name="Get File" library="OperatingSystem">
<var>${arquivo}</var>
<arg>${EXECDIR}/${nome_arquivo}</arg>
<doc>Returns the contents of a specified file.</doc>
<msg timestamp="20220819 11:03:52.625" level="INFO" html="true">Getting file '&lt;a href="file://D:\Pessoal\SENAC\Estágio\Compass\Sprint 5 - Robot-Framework em APIs\CHALLENGE\json_login_ex.json"&gt;D:\Pessoal\SENAC\Estágio\Compass\Sprint 5 - Robot-Framework em APIs\CHALLENGE\json_login_ex.json&lt;/a&gt;'.</msg>
<msg timestamp="20220819 11:03:52.627" level="INFO">${arquivo} = {   
    "user_valido": {
        "email":"zequinha@qa.com.br",
        "password":"teste"
    },
    "user_invalido": {
        "email": "emailinexistente@gmail.com",
        "password":"teste"
    }...</msg>
<status status="PASS" starttime="20220819 11:03:52.624" endtime="20220819 11:03:52.628"/>
</kw>
<kw name="Evaluate" library="BuiltIn">
<var>${data}</var>
<arg>json.loads('''${arquivo}''')</arg>
<arg>json</arg>
<doc>Evaluates the given expression in Python and returns the result.</doc>
<msg timestamp="20220819 11:03:52.630" level="INFO">${data} = {'user_valido': {'email': 'zequinha@qa.com.br', 'password': 'teste'}, 'user_invalido': {'email': 'emailinexistente@gmail.com', 'password': 'teste'}, 'user_sem_senha': {'email': 'zequinha@qa.com.br', '...</msg>
<status status="PASS" starttime="20220819 11:03:52.629" endtime="20220819 11:03:52.632"/>
</kw>
<msg timestamp="20220819 11:03:52.633" level="INFO">${json} = {'user_valido': {'email': 'zequinha@qa.com.br', 'password': 'teste'}, 'user_invalido': {'email': 'emailinexistente@gmail.com', 'password': 'teste'}, 'user_sem_senha': {'email': 'zequinha@qa.com.br', '...</msg>
<status status="PASS" starttime="20220819 11:03:52.623" endtime="20220819 11:03:52.639"/>
</kw>
<kw name="Set Variable" library="BuiltIn">
<var>${payload}</var>
<arg>${json["user_valido"]}</arg>
<doc>Returns the given values which can then be assigned to a variables.</doc>
<msg timestamp="20220819 11:03:52.642" level="INFO">${payload} = {'email': 'zequinha@qa.com.br', 'password': 'teste'}</msg>
<status status="PASS" starttime="20220819 11:03:52.640" endtime="20220819 11:03:52.644"/>
</kw>
<kw name="Set Global Variable" library="BuiltIn">
<arg>${payload}</arg>
<doc>Makes a variable available globally in all tests and suites.</doc>
<msg timestamp="20220819 11:03:52.645" level="INFO">${payload} = {'email': 'zequinha@qa.com.br', 'password': 'teste'}</msg>
<status status="PASS" starttime="20220819 11:03:52.644" endtime="20220819 11:03:52.647"/>
</kw>
<status status="PASS" starttime="20220819 11:03:52.622" endtime="20220819 11:03:52.648"/>
</kw>
<kw name="POST Endpoint /login" library="login_keywords">
<kw name="POST On Session" library="RequestsLibrary">
<var>${response}</var>
<arg>serverest</arg>
<arg>/login</arg>
<arg>json=&amp;{payload}</arg>
<arg>expected_status=any</arg>
<doc>Sends a POST request on a previously created HTTP Session.</doc>
<msg timestamp="20220819 11:03:52.664" level="INFO">POST Request : url=http://localhost:3000/login 
 path_url=/login 
 headers={'User-Agent': 'python-requests/2.27.1', 'Accept-Encoding': 'gzip, deflate', 'Accept': '*/*', 'Connection': 'keep-alive', 'Content-Length': '52', 'Content-Type': 'application/json'} 
 body=b'{"email": "zequinha@qa.com.br", "password": "teste"}' 
 </msg>
<msg timestamp="20220819 11:03:52.665" level="INFO">POST Response : url=http://localhost:3000/login 
 status=200, reason=OK 
 headers={'Access-Control-Allow-Origin': '*', 'x-dns-prefetch-control': 'off', 'x-frame-options': 'SAMEORIGIN', 'strict-transport-security': 'max-age=15552000; includeSubDomains', 'x-download-options': 'noopen', 'x-content-type-options': 'nosniff', 'x-xss-protection': '1; mode=block', 'x-moesif-transaction-id': '6ab3c493-f1e5-45b4-96f5-636048c86133', 'Content-Type': 'application/json; charset=utf-8', 'Content-Length': '272', 'Date': 'Fri, 19 Aug 2022 14:03:52 GMT', 'Connection': 'keep-alive', 'Keep-Alive': 'timeout=5'} 
 body={
    "message": "Login realizado com sucesso",
    "authorization": "Bearer eyJhbGciOiJIUzI1NiIsInR5cCI6IkpXVCJ9.eyJlbWFpbCI6InplcXVpbmhhQHFhLmNvbS5iciIsInBhc3N3b3JkIjoidGVzdGUiLCJpYXQiOjE2NjA5MTc4MzIsImV4cCI6MTY2MDkxODQzMn0.zKcFaPqM-JxL8W-5wHmDCq-OQ3MxzWy_T4UuIsh1L9M"
} 
 </msg>
<msg timestamp="20220819 11:03:52.667" level="INFO">${response} = &lt;Response [200]&gt;</msg>
<status status="PASS" starttime="20220819 11:03:52.649" endtime="20220819 11:03:52.669"/>
</kw>
<kw name="Log To Console" library="BuiltIn">
<arg>Response: ${response.content}</arg>
<doc>Logs the given message to the console.</doc>
<status status="PASS" starttime="20220819 11:03:52.669" endtime="20220819 11:03:52.673"/>
</kw>
<kw name="Set Global Variable" library="BuiltIn">
<arg>${response}</arg>
<doc>Makes a variable available globally in all tests and suites.</doc>
<msg timestamp="20220819 11:03:52.675" level="INFO">${response} = &lt;Response [200]&gt;</msg>
<status status="PASS" starttime="20220819 11:03:52.674" endtime="20220819 11:03:52.677"/>
</kw>
<status status="PASS" starttime="20220819 11:03:52.648" endtime="20220819 11:03:52.677"/>
</kw>
<kw name="Validar Ter Logado" library="login_keywords">
<kw name="Should Be Equal" library="BuiltIn">
<arg>${response.json()["message"]}</arg>
<arg>Login realizado com sucesso</arg>
<doc>Fails if the given objects are unequal.</doc>
<status status="PASS" starttime="20220819 11:03:52.678" endtime="20220819 11:03:52.680"/>
</kw>
<kw name="Should Not Be Empty" library="BuiltIn">
<arg>${response.json()["authorization"]}</arg>
<doc>Verifies that the given item is not empty.</doc>
<msg timestamp="20220819 11:03:52.682" level="INFO">Length is 199</msg>
<status status="PASS" starttime="20220819 11:03:52.680" endtime="20220819 11:03:52.685"/>
</kw>
<status status="PASS" starttime="20220819 11:03:52.678" endtime="20220819 11:03:52.687"/>
</kw>
<kw name="Set Variable" library="BuiltIn">
<var>${token_auth}</var>
<arg>${response.json()["authorization"]}</arg>
<doc>Returns the given values which can then be assigned to a variables.</doc>
<msg timestamp="20220819 11:03:52.690" level="INFO">${token_auth} = Bearer eyJhbGciOiJIUzI1NiIsInR5cCI6IkpXVCJ9.eyJlbWFpbCI6InplcXVpbmhhQHFhLmNvbS5iciIsInBhc3N3b3JkIjoidGVzdGUiLCJpYXQiOjE2NjA5MTc4MzIsImV4cCI6MTY2MDkxODQzMn0.zKcFaPqM-JxL8W-5wHmDCq-OQ3MxzWy_T4UuIsh1L9M</msg>
<status status="PASS" starttime="20220819 11:03:52.687" endtime="20220819 11:03:52.692"/>
</kw>
<kw name="Log To Console" library="BuiltIn">
<arg>Token Salvo: ${token_auth}</arg>
<doc>Logs the given message to the console.</doc>
<status status="PASS" starttime="20220819 11:03:52.693" endtime="20220819 11:03:52.694"/>
</kw>
<kw name="Set Global Variable" library="BuiltIn">
<arg>${token_auth}</arg>
<doc>Makes a variable available globally in all tests and suites.</doc>
<msg timestamp="20220819 11:03:52.696" level="INFO">${token_auth} = Bearer eyJhbGciOiJIUzI1NiIsInR5cCI6IkpXVCJ9.eyJlbWFpbCI6InplcXVpbmhhQHFhLmNvbS5iciIsInBhc3N3b3JkIjoidGVzdGUiLCJpYXQiOjE2NjA5MTc4MzIsImV4cCI6MTY2MDkxODQzMn0.zKcFaPqM-JxL8W-5wHmDCq-OQ3MxzWy_T4UuIsh1L9M</msg>
<status status="PASS" starttime="20220819 11:03:52.694" endtime="20220819 11:03:52.697"/>
</kw>
<status status="PASS" starttime="20220819 11:03:52.620" endtime="20220819 11:03:52.698"/>
</kw>
<kw name="DELETE Endpoint /carrinhos/cancelar-compra" library="carrinho_keywords">
<kw name="Create Dictionary" library="BuiltIn">
<var>&amp;{header}</var>
<arg>Authorization=${token_auth}</arg>
<doc>Creates and returns a dictionary based on the given ``items``.</doc>
<msg timestamp="20220819 11:03:52.701" level="INFO">&amp;{header} = { Authorization=Bearer eyJhbGciOiJIUzI1NiIsInR5cCI6IkpXVCJ9.eyJlbWFpbCI6InplcXVpbmhhQHFhLmNvbS5iciIsInBhc3N3b3JkIjoidGVzdGUiLCJpYXQiOjE2NjA5MTc4MzIsImV4cCI6MTY2MDkxODQzMn0.zKcFaPqM-JxL8W-5wHmDCq-OQ3Mx...</msg>
<status status="PASS" starttime="20220819 11:03:52.700" endtime="20220819 11:03:52.702"/>
</kw>
<kw name="DELETE On Session" library="RequestsLibrary">
<var>${response}</var>
<arg>serverest</arg>
<arg>/carrinhos/cancelar-compra/</arg>
<arg>headers=&amp;{header}</arg>
<arg>expected_status=any</arg>
<doc>Sends a DELETE request on a previously created HTTP Session.</doc>
<msg timestamp="20220819 11:03:52.710" level="INFO">DELETE Request : url=http://localhost:3000/carrinhos/cancelar-compra/ 
 path_url=/carrinhos/cancelar-compra/ 
 headers={'User-Agent': 'python-requests/2.27.1', 'Accept-Encoding': 'gzip, deflate', 'Accept': '*/*', 'Connection': 'keep-alive', 'Authorization': 'Bearer eyJhbGciOiJIUzI1NiIsInR5cCI6IkpXVCJ9.eyJlbWFpbCI6InplcXVpbmhhQHFhLmNvbS5iciIsInBhc3N3b3JkIjoidGVzdGUiLCJpYXQiOjE2NjA5MTc4MzIsImV4cCI6MTY2MDkxODQzMn0.zKcFaPqM-JxL8W-5wHmDCq-OQ3MxzWy_T4UuIsh1L9M', 'Content-Length': '0'} 
 body=None 
 </msg>
<msg timestamp="20220819 11:03:52.712" level="INFO">DELETE Response : url=http://localhost:3000/carrinhos/cancelar-compra/ 
 status=200, reason=OK 
 headers={'Access-Control-Allow-Origin': '*', 'x-dns-prefetch-control': 'off', 'x-frame-options': 'SAMEORIGIN', 'strict-transport-security': 'max-age=15552000; includeSubDomains', 'x-download-options': 'noopen', 'x-content-type-options': 'nosniff', 'x-xss-protection': '1; mode=block', 'x-moesif-transaction-id': '438c067f-52e7-4ec9-8375-5a2d3ae39494', 'Content-Type': 'application/json; charset=utf-8', 'Content-Length': '86', 'Date': 'Fri, 19 Aug 2022 14:03:52 GMT', 'Connection': 'keep-alive', 'Keep-Alive': 'timeout=5'} 
 body={
    "message": "Registro excluído com sucesso. Estoque dos produtos reabastecido"
} 
 </msg>
<msg timestamp="20220819 11:03:52.713" level="INFO">${response} = &lt;Response [200]&gt;</msg>
<status status="PASS" starttime="20220819 11:03:52.703" endtime="20220819 11:03:52.715"/>
</kw>
<kw name="Log To Console" library="BuiltIn">
<arg>Response: ${response.content}</arg>
<doc>Logs the given message to the console.</doc>
<status status="PASS" starttime="20220819 11:03:52.715" endtime="20220819 11:03:52.718"/>
</kw>
<kw name="Set Global Variable" library="BuiltIn">
<arg>${response}</arg>
<doc>Makes a variable available globally in all tests and suites.</doc>
<msg timestamp="20220819 11:03:52.719" level="INFO">${response} = &lt;Response [200]&gt;</msg>
<status status="PASS" starttime="20220819 11:03:52.718" endtime="20220819 11:03:52.725"/>
</kw>
<status status="PASS" starttime="20220819 11:03:52.699" endtime="20220819 11:03:52.725"/>
</kw>
<tag>CANCELARCAR401</tag>
<status status="PASS" starttime="20220819 11:03:52.418" endtime="20220819 11:03:52.726"/>
</test>
<doc>Arquivo simples para requisições HTTP em APIs REST</doc>
<status status="PASS" starttime="20220819 11:03:42.066" endtime="20220819 11:03:52.730"/>
</suite>
<status status="PASS" starttime="20220819 11:03:41.980" endtime="20220819 11:03:52.739"/>
</suite>
<statistics>
<total>
<stat pass="38" fail="0" skip="0">All Tests</stat>
</total>
<tag>
<stat pass="1" fail="0" skip="0">CANCELARCAR200</stat>
<stat pass="1" fail="0" skip="0">CANCELARCAR401</stat>
<stat pass="1" fail="0" skip="0">CONCLUIRCAR200</stat>
<stat pass="1" fail="0" skip="0">CONCLUIRCAR401</stat>
<stat pass="1" fail="0" skip="0">DELETEPROD200</stat>
<stat pass="1" fail="0" skip="0">DELETEPROD400</stat>
<stat pass="1" fail="0" skip="0">DELETEPROD401</stat>
<stat pass="1" fail="0" skip="0">DELETEPROD403</stat>
<stat pass="1" fail="0" skip="0">DELETEUSER200</stat>
<stat pass="1" fail="0" skip="0">DELETEUSER400</stat>
<stat pass="1" fail="0" skip="0">GETALLCARS</stat>
<stat pass="1" fail="0" skip="0">GETALLPROD</stat>
<stat pass="1" fail="0" skip="0">GETALLUSERS</stat>
<stat pass="1" fail="0" skip="0">GETCAR200</stat>
<stat pass="1" fail="0" skip="0">GETCAR400</stat>
<stat pass="1" fail="0" skip="0">GETPROD200</stat>
<stat pass="1" fail="0" skip="0">GETPROD400</stat>
<stat pass="1" fail="0" skip="0">GETUSER200</stat>
<stat pass="1" fail="0" skip="0">GETUSER400</stat>
<stat pass="1" fail="0" skip="0">POSTCAR201</stat>
<stat pass="1" fail="0" skip="0">POSTCAR400</stat>
<stat pass="1" fail="0" skip="0">POSTCAR401</stat>
<stat pass="1" fail="0" skip="0">POSTLOGIN200</stat>
<stat pass="1" fail="0" skip="0">POSTLOGIN400</stat>
<stat pass="1" fail="0" skip="0">POSTPROD201</stat>
<stat pass="1" fail="0" skip="0">POSTPROD400</stat>
<stat pass="1" fail="0" skip="0">POSTPROD401</stat>
<stat pass="1" fail="0" skip="0">POSTPROD403</stat>
<stat pass="1" fail="0" skip="0">POSTUSER201</stat>
<stat pass="1" fail="0" skip="0">POSTUSER400</stat>
<stat pass="1" fail="0" skip="0">PUTPROD200</stat>
<stat pass="1" fail="0" skip="0">PUTPROD201</stat>
<stat pass="1" fail="0" skip="0">PUTPROD400</stat>
<stat pass="1" fail="0" skip="0">PUTPROD401</stat>
<stat pass="1" fail="0" skip="0">PUTPROD403</stat>
<stat pass="1" fail="0" skip="0">PUTUSER200</stat>
<stat pass="1" fail="0" skip="0">PUTUSER201</stat>
<stat pass="1" fail="0" skip="0">PUTUSER400</stat>
</tag>
<suite>
<stat pass="38" fail="0" skip="0" id="s1" name="CHALLENGE">CHALLENGE</stat>
<stat pass="38" fail="0" skip="0" id="s1-s1" name="Base">CHALLENGE.Base</stat>
</suite>
</statistics>
<errors>
</errors>
</robot>
